UniDSADemo.exe: 000028D8: 09:00:05 []:>--------------------------------------------------------------<
UniDSADemo.exe: 000028D8: 09:00:05 [TUniServerModule]:Server First Init.
UniDSADemo.exe: 000028D8: 09:00:05 [TUniServerModule]:Start Path = D:\Andamento\componente-unidsa-unigui\demo\Win32\Debug\
UniDSADemo.exe: 000028D8: 09:00:05 [TUniServerModule]:Starting HTTP Server on Port: 8077...
UniDSADemo.exe: 000028D8: 09:00:05 [TUniServerModule]:HTTP Server Started on Port: 8077
UniDSADemo.exe: 000028D8: 09:00:07 [TUniServerModule]:Shutting Down Server.
UniDSADemo.exe: 000028D8: 09:00:07 [TUniServerModule]:Stopping HTTP Server.
UniDSADemo.exe: 000028D8: 09:00:08 [TUniServerModule]:HTTP Server Stopped.
UniDSADemo.exe: 000028D8: 09:00:08 [TUniGUISessionManager]:Terminating Session manager.
UniDSADemo.exe: 000028D8: 09:00:08 [TUniGUISessionManager]:Stopping Cache Eraser...
UniDSADemo.exe: 000028D8: 09:00:08 [TUniGUISessionManager]:Cache Eraser Stopped.
UniDSADemo.exe: 000028D8: 09:00:08 [TUniGUISessionManager]:Destroying Worker Threads.
UniDSADemo.exe: 000028D8: 09:00:08 [TUniGUISessionManager]:Session manager terminated.
UniDSADemo.exe: 000028D8: 09:00:08 [TUniServerModule]:Server Shutdown Completed.
UniDSADemo.exe: 000028D8: 09:00:08 []:<-------------------------------------------------------------->
UniDSADemo.exe: 000028D8: 09:00:08 [Terminated]:Exit Code: 0
UniDSADemo.exe: 000019CC: 09:00:14 []:>--------------------------------------------------------------<
UniDSADemo.exe: 000019CC: 09:00:14 [TUniServerModule]:Server First Init.
UniDSADemo.exe: 000019CC: 09:00:14 [TUniServerModule]:Start Path = D:\Andamento\componente-unidsa-unigui\demo\Win32\Debug\
UniDSADemo.exe: 000019CC: 09:00:14 [TUniServerModule]:Starting HTTP Server on Port: 8077...
UniDSADemo.exe: 000019CC: 09:00:14 [TUniServerModule]:HTTP Server Started on Port: 8077
UniDSADemo.exe: 000019CC: 09:00:17 [TUniServerModule]:Shutting Down Server.
UniDSADemo.exe: 000019CC: 09:00:17 [TUniServerModule]:Stopping HTTP Server.
UniDSADemo.exe: 000019CC: 09:00:17 [TUniServerModule]:HTTP Server Stopped.
UniDSADemo.exe: 000019CC: 09:00:17 [TUniGUISessionManager]:Terminating Session manager.
UniDSADemo.exe: 000019CC: 09:00:17 [TUniGUISessionManager]:Stopping Cache Eraser...
UniDSADemo.exe: 000019CC: 09:00:17 [TUniGUISessionManager]:Cache Eraser Stopped.
UniDSADemo.exe: 000019CC: 09:00:17 [TUniGUISessionManager]:Destroying Worker Threads.
UniDSADemo.exe: 000019CC: 09:00:17 [TUniGUISessionManager]:Session manager terminated.
UniDSADemo.exe: 000019CC: 09:00:17 [TUniServerModule]:Server Shutdown Completed.
UniDSADemo.exe: 000019CC: 09:00:17 []:<-------------------------------------------------------------->
UniDSADemo.exe: 000019CC: 09:00:18 [Terminated]:Exit Code: 0
UniDSADemo.exe: 00001AF0: 09:02:11 []:>--------------------------------------------------------------<
UniDSADemo.exe: 00001AF0: 09:02:11 [TUniServerModule]:Server First Init.
UniDSADemo.exe: 00001AF0: 09:02:11 [TUniServerModule]:Start Path = D:\Andamento\componente-unidsa-unigui\demo\Win32\Debug\
UniDSADemo.exe: 00001AF0: 09:02:11 [TUniServerModule]:Starting HTTP Server on Port: 8077...
UniDSADemo.exe: 00001AF0: 09:02:11 [TUniServerModule]:HTTP Server Started on Port: 8077
UniDSADemo.exe: 00001AF0: 09:02:14 [TUniServerModule]:Shutting Down Server.
UniDSADemo.exe: 00001AF0: 09:02:14 [TUniServerModule]:Stopping HTTP Server.
UniDSADemo.exe: 00001AF0: 09:02:14 [TUniServerModule]:HTTP Server Stopped.
UniDSADemo.exe: 00001AF0: 09:02:14 [TUniGUISessionManager]:Terminating Session manager.
UniDSADemo.exe: 00001AF0: 09:02:14 [TUniGUISessionManager]:Stopping Cache Eraser...
UniDSADemo.exe: 00001AF0: 09:02:14 [TUniGUISessionManager]:Cache Eraser Stopped.
UniDSADemo.exe: 00001AF0: 09:02:14 [TUniGUISessionManager]:Destroying Worker Threads.
UniDSADemo.exe: 00001AF0: 09:02:14 [TUniGUISessionManager]:Session manager terminated.
UniDSADemo.exe: 00001AF0: 09:02:14 [TUniServerModule]:Server Shutdown Completed.
UniDSADemo.exe: 00001AF0: 09:02:14 []:<-------------------------------------------------------------->
UniDSADemo.exe: 00001AF0: 09:02:14 [Terminated]:Exit Code: 0
UniDSADemo.exe: 000030E4: 09:03:36 []:>--------------------------------------------------------------<
UniDSADemo.exe: 000030E4: 09:03:36 [TUniServerModule]:Server First Init.
UniDSADemo.exe: 000030E4: 09:03:36 [TUniServerModule]:Start Path = D:\Andamento\componente-unidsa-unigui\demo\Win32\Debug\
UniDSADemo.exe: 000030E4: 09:03:36 [TUniServerModule]:Starting HTTP Server on Port: 8077...
UniDSADemo.exe: 000030E4: 09:03:36 [TUniServerModule]:HTTP Server Started on Port: 8077
UniDSADemo.exe: 000030E4: 09:03:42 [TUniServerModule]:Shutting Down Server.
UniDSADemo.exe: 000030E4: 09:03:42 [TUniServerModule]:Stopping HTTP Server.
UniDSADemo.exe: 000030E4: 09:03:42 [TUniServerModule]:HTTP Server Stopped.
UniDSADemo.exe: 000030E4: 09:03:42 [TUniGUISessionManager]:Terminating Session manager.
UniDSADemo.exe: 000030E4: 09:03:42 [TUniGUISessionManager]:Stopping Cache Eraser...
UniDSADemo.exe: 000030E4: 09:03:42 [TUniGUISessionManager]:Cache Eraser Stopped.
UniDSADemo.exe: 000030E4: 09:03:42 [TUniGUISessionManager]:Destroying Worker Threads.
UniDSADemo.exe: 000030E4: 09:03:42 [TUniGUISessionManager]:Session manager terminated.
UniDSADemo.exe: 000030E4: 09:03:43 [TUniServerModule]:Server Shutdown Completed.
UniDSADemo.exe: 000030E4: 09:03:43 []:<-------------------------------------------------------------->
UniDSADemo.exe: 000030E4: 09:03:43 [Terminated]:Exit Code: 0
UniDSADemo.exe: 0000217C: 09:03:59 []:>--------------------------------------------------------------<
UniDSADemo.exe: 0000217C: 09:03:59 [TUniServerModule]:Server First Init.
UniDSADemo.exe: 0000217C: 09:03:59 [TUniServerModule]:Start Path = D:\Andamento\componente-unidsa-unigui\demo\Win32\Debug\
UniDSADemo.exe: 0000217C: 09:03:59 [TUniServerModule]:Starting HTTP Server on Port: 8077...
UniDSADemo.exe: 0000217C: 09:03:59 [TUniServerModule]:HTTP Server Started on Port: 8077
UniDSADemo.exe: 0000217C: 09:04:02 [TUniServerModule]:Shutting Down Server.
UniDSADemo.exe: 0000217C: 09:04:02 [TUniServerModule]:Stopping HTTP Server.
UniDSADemo.exe: 0000217C: 09:04:02 [TUniServerModule]:HTTP Server Stopped.
UniDSADemo.exe: 0000217C: 09:04:02 [TUniGUISessionManager]:Terminating Session manager.
UniDSADemo.exe: 0000217C: 09:04:02 [TUniGUISessionManager]:Stopping Cache Eraser...
UniDSADemo.exe: 0000217C: 09:04:02 [TUniGUISessionManager]:Cache Eraser Stopped.
UniDSADemo.exe: 0000217C: 09:04:02 [TUniGUISessionManager]:Destroying Worker Threads.
UniDSADemo.exe: 0000217C: 09:04:02 [TUniGUISessionManager]:Session manager terminated.
UniDSADemo.exe: 0000217C: 09:04:02 [TUniServerModule]:Server Shutdown Completed.
UniDSADemo.exe: 0000217C: 09:04:02 []:<-------------------------------------------------------------->
UniDSADemo.exe: 0000217C: 09:04:02 [Terminated]:Exit Code: 0
UniDSADemo.exe: 00001230: 09:15:15 []:>--------------------------------------------------------------<
UniDSADemo.exe: 00001230: 09:15:15 [TUniServerModule]:Server First Init.
UniDSADemo.exe: 00001230: 09:15:15 [TUniServerModule]:Start Path = D:\Andamento\componente-unidsa-unigui\demo\Win32\Debug\
UniDSADemo.exe: 00001230: 09:15:15 [TUniServerModule]:Starting HTTP Server on Port: 8077...
UniDSADemo.exe: 00001230: 09:15:15 [TUniServerModule]:HTTP Server Started on Port: 8077
UniDSADemo.exe: 00001230: 09:15:18 [TUniServerModule]:Shutting Down Server.
UniDSADemo.exe: 00001230: 09:15:18 [TUniServerModule]:Stopping HTTP Server.
UniDSADemo.exe: 00001230: 09:15:18 [TUniServerModule]:HTTP Server Stopped.
UniDSADemo.exe: 00001230: 09:15:18 [TUniGUISessionManager]:Terminating Session manager.
UniDSADemo.exe: 00001230: 09:15:18 [TUniGUISessionManager]:Stopping Cache Eraser...
UniDSADemo.exe: 00001230: 09:15:18 [TUniGUISessionManager]:Cache Eraser Stopped.
UniDSADemo.exe: 00001230: 09:15:18 [TUniGUISessionManager]:Destroying Worker Threads.
UniDSADemo.exe: 00001230: 09:15:18 [TUniGUISessionManager]:Session manager terminated.
UniDSADemo.exe: 00001230: 09:15:18 [TUniServerModule]:Server Shutdown Completed.
UniDSADemo.exe: 00001230: 09:15:18 []:<-------------------------------------------------------------->
UniDSADemo.exe: 00001230: 09:15:18 [Terminated]:Exit Code: 0
UniDSADemo.exe: 00002ABC: 09:15:31 []:>--------------------------------------------------------------<
UniDSADemo.exe: 00002ABC: 09:15:31 [TUniServerModule]:Server First Init.
UniDSADemo.exe: 00002ABC: 09:15:31 [TUniServerModule]:Start Path = D:\Andamento\componente-unidsa-unigui\demo\Win32\Debug\
UniDSADemo.exe: 00002ABC: 09:15:31 [TUniServerModule]:Starting HTTP Server on Port: 8077...
UniDSADemo.exe: 00002ABC: 09:15:31 [TUniServerModule]:HTTP Server Started on Port: 8077
UniDSADemo.exe: 00002ABC: 09:15:34 [TUniServerModule]:Shutting Down Server.
UniDSADemo.exe: 00002ABC: 09:15:34 [TUniServerModule]:Stopping HTTP Server.
UniDSADemo.exe: 00002ABC: 09:15:34 [TUniServerModule]:HTTP Server Stopped.
UniDSADemo.exe: 00002ABC: 09:15:34 [TUniGUISessionManager]:Terminating Session manager.
UniDSADemo.exe: 00002ABC: 09:15:34 [TUniGUISessionManager]:Stopping Cache Eraser...
UniDSADemo.exe: 00002ABC: 09:15:35 [TUniGUISessionManager]:Cache Eraser Stopped.
UniDSADemo.exe: 00002ABC: 09:15:35 [TUniGUISessionManager]:Destroying Worker Threads.
UniDSADemo.exe: 00002ABC: 09:15:35 [TUniGUISessionManager]:Session manager terminated.
UniDSADemo.exe: 00002ABC: 09:15:35 [TUniServerModule]:Server Shutdown Completed.
UniDSADemo.exe: 00002ABC: 09:15:35 []:<-------------------------------------------------------------->
UniDSADemo.exe: 00002ABC: 09:15:35 [Terminated]:Exit Code: 0
UniDSADemo.exe: 0000319C: 09:15:40 []:>--------------------------------------------------------------<
UniDSADemo.exe: 0000319C: 09:15:40 [TUniServerModule]:Server First Init.
UniDSADemo.exe: 0000319C: 09:15:40 [TUniServerModule]:Start Path = D:\Andamento\componente-unidsa-unigui\demo\Win32\Debug\
UniDSADemo.exe: 0000319C: 09:15:40 [TUniServerModule]:Starting HTTP Server on Port: 8077...
UniDSADemo.exe: 0000319C: 09:15:40 [TUniServerModule]:HTTP Server Started on Port: 8077
UniDSADemo.exe: 0000319C: 09:15:43 [TUniServerModule]:Shutting Down Server.
UniDSADemo.exe: 0000319C: 09:15:43 [TUniServerModule]:Stopping HTTP Server.
UniDSADemo.exe: 0000319C: 09:15:43 [TUniServerModule]:HTTP Server Stopped.
UniDSADemo.exe: 0000319C: 09:15:43 [TUniGUISessionManager]:Terminating Session manager.
UniDSADemo.exe: 0000319C: 09:15:43 [TUniGUISessionManager]:Stopping Cache Eraser...
UniDSADemo.exe: 0000319C: 09:15:43 [TUniGUISessionManager]:Cache Eraser Stopped.
UniDSADemo.exe: 0000319C: 09:15:43 [TUniGUISessionManager]:Destroying Worker Threads.
UniDSADemo.exe: 0000319C: 09:15:43 [TUniGUISessionManager]:Session manager terminated.
UniDSADemo.exe: 0000319C: 09:15:43 [TUniServerModule]:Server Shutdown Completed.
UniDSADemo.exe: 0000319C: 09:15:43 []:<-------------------------------------------------------------->
UniDSADemo.exe: 0000319C: 09:15:43 [Terminated]:Exit Code: 0
UniDSADemo.exe: 00003324: 09:17:12 []:>--------------------------------------------------------------<
UniDSADemo.exe: 00003324: 09:17:12 [TUniServerModule]:Server First Init.
UniDSADemo.exe: 00003324: 09:17:12 [TUniServerModule]:Start Path = D:\Andamento\componente-unidsa-unigui\demo\Win32\Debug\
UniDSADemo.exe: 00003324: 09:17:12 [TUniServerModule]:Starting HTTP Server on Port: 8077...
UniDSADemo.exe: 00003324: 09:17:12 [TUniServerModule]:HTTP Server Started on Port: 8077
UniDSADemo.exe: 00003324: 09:17:15 [TUniServerModule]:Shutting Down Server.
UniDSADemo.exe: 00003324: 09:17:15 [TUniServerModule]:Stopping HTTP Server.
UniDSADemo.exe: 00003324: 09:17:16 [TUniServerModule]:HTTP Server Stopped.
UniDSADemo.exe: 00003324: 09:17:16 [TUniGUISessionManager]:Terminating Session manager.
UniDSADemo.exe: 00003324: 09:17:16 [TUniGUISessionManager]:Stopping Cache Eraser...
UniDSADemo.exe: 00003324: 09:17:16 [TUniGUISessionManager]:Cache Eraser Stopped.
UniDSADemo.exe: 00003324: 09:17:16 [TUniGUISessionManager]:Destroying Worker Threads.
UniDSADemo.exe: 00003324: 09:17:16 [TUniGUISessionManager]:Session manager terminated.
UniDSADemo.exe: 00003324: 09:17:16 [TUniServerModule]:Server Shutdown Completed.
UniDSADemo.exe: 00003324: 09:17:16 []:<-------------------------------------------------------------->
UniDSADemo.exe: 00003324: 09:17:16 [Terminated]:Exit Code: 0
UniDSADemo.exe: 00003240: 09:18:22 []:>--------------------------------------------------------------<
UniDSADemo.exe: 00003240: 09:18:22 [TUniServerModule]:Server First Init.
UniDSADemo.exe: 00003240: 09:18:22 [TUniServerModule]:Start Path = D:\Andamento\componente-unidsa-unigui\demo\Win32\Debug\
UniDSADemo.exe: 00003240: 09:18:22 [TUniServerModule]:Starting HTTP Server on Port: 8077...
UniDSADemo.exe: 00003240: 09:18:22 [TUniServerModule]:HTTP Server Started on Port: 8077
UniDSADemo.exe: 00003240: 09:18:24 [TUniServerModule]:Shutting Down Server.
UniDSADemo.exe: 00003240: 09:18:24 [TUniServerModule]:Stopping HTTP Server.
UniDSADemo.exe: 00003240: 09:18:24 [TUniServerModule]:HTTP Server Stopped.
UniDSADemo.exe: 00003240: 09:18:24 [TUniGUISessionManager]:Terminating Session manager.
UniDSADemo.exe: 00003240: 09:18:24 [TUniGUISessionManager]:Stopping Cache Eraser...
UniDSADemo.exe: 00003240: 09:18:24 [TUniGUISessionManager]:Cache Eraser Stopped.
UniDSADemo.exe: 00003240: 09:18:24 [TUniGUISessionManager]:Destroying Worker Threads.
UniDSADemo.exe: 00003240: 09:18:24 [TUniGUISessionManager]:Session manager terminated.
UniDSADemo.exe: 00003240: 09:18:24 [TUniServerModule]:Server Shutdown Completed.
UniDSADemo.exe: 00003240: 09:18:24 []:<-------------------------------------------------------------->
UniDSADemo.exe: 00003240: 09:18:24 [Terminated]:Exit Code: 0
UniDSADemo.exe: 0000314C: 09:19:16 []:>--------------------------------------------------------------<
UniDSADemo.exe: 0000314C: 09:19:16 [TUniServerModule]:Server First Init.
UniDSADemo.exe: 0000314C: 09:19:16 [TUniServerModule]:Start Path = D:\Andamento\componente-unidsa-unigui\demo\Win32\Debug\
UniDSADemo.exe: 0000314C: 09:19:16 [TUniServerModule]:Starting HTTP Server on Port: 8077...
UniDSADemo.exe: 0000314C: 09:19:16 [TUniServerModule]:HTTP Server Started on Port: 8077
UniDSADemo.exe: 0000314C: 09:19:19 [TUniServerModule]:Shutting Down Server.
UniDSADemo.exe: 0000314C: 09:19:19 [TUniServerModule]:Stopping HTTP Server.
UniDSADemo.exe: 0000314C: 09:19:20 [TUniServerModule]:HTTP Server Stopped.
UniDSADemo.exe: 0000314C: 09:19:20 [TUniGUISessionManager]:Terminating Session manager.
UniDSADemo.exe: 0000314C: 09:19:20 [TUniGUISessionManager]:Stopping Cache Eraser...
UniDSADemo.exe: 0000314C: 09:19:20 [TUniGUISessionManager]:Cache Eraser Stopped.
UniDSADemo.exe: 0000314C: 09:19:20 [TUniGUISessionManager]:Destroying Worker Threads.
UniDSADemo.exe: 0000314C: 09:19:20 [TUniGUISessionManager]:Session manager terminated.
UniDSADemo.exe: 0000314C: 09:19:20 [TUniServerModule]:Server Shutdown Completed.
UniDSADemo.exe: 0000314C: 09:19:20 []:<-------------------------------------------------------------->
UniDSADemo.exe: 0000314C: 09:19:20 [Terminated]:Exit Code: 0
UniDSADemo.exe: 00001210: 09:20:19 []:>--------------------------------------------------------------<
UniDSADemo.exe: 00001210: 09:20:19 [TUniServerModule]:Server First Init.
UniDSADemo.exe: 00001210: 09:20:19 [TUniServerModule]:Start Path = D:\Andamento\componente-unidsa-unigui\demo\Win32\Debug\
UniDSADemo.exe: 00001210: 09:20:19 [TUniServerModule]:Starting HTTP Server on Port: 8077...
UniDSADemo.exe: 00001210: 09:20:19 [TUniServerModule]:HTTP Server Started on Port: 8077
UniDSADemo.exe: 00001210: 09:20:21 [TUniServerModule]:Shutting Down Server.
UniDSADemo.exe: 00001210: 09:20:21 [TUniServerModule]:Stopping HTTP Server.
UniDSADemo.exe: 00001210: 09:20:21 [TUniServerModule]:HTTP Server Stopped.
UniDSADemo.exe: 00001210: 09:20:21 [TUniGUISessionManager]:Terminating Session manager.
UniDSADemo.exe: 00001210: 09:20:21 [TUniGUISessionManager]:Stopping Cache Eraser...
UniDSADemo.exe: 00001210: 09:20:21 [TUniGUISessionManager]:Cache Eraser Stopped.
UniDSADemo.exe: 00001210: 09:20:21 [TUniGUISessionManager]:Destroying Worker Threads.
UniDSADemo.exe: 00001210: 09:20:21 [TUniGUISessionManager]:Session manager terminated.
UniDSADemo.exe: 00001210: 09:20:21 [TUniServerModule]:Server Shutdown Completed.
UniDSADemo.exe: 00001210: 09:20:21 []:<-------------------------------------------------------------->
UniDSADemo.exe: 00001210: 09:20:22 [Terminated]:Exit Code: 0
UniDSADemo.exe: 00001B08: 09:21:18 []:>--------------------------------------------------------------<
UniDSADemo.exe: 00001B08: 09:21:18 [TUniServerModule]:Server First Init.
UniDSADemo.exe: 00001B08: 09:21:18 [TUniServerModule]:Start Path = D:\Andamento\componente-unidsa-unigui\demo\Win32\Debug\
UniDSADemo.exe: 00001B08: 09:21:18 [TUniServerModule]:Starting HTTP Server on Port: 8077...
UniDSADemo.exe: 00001B08: 09:21:18 [TUniServerModule]:HTTP Server Started on Port: 8077
UniDSADemo.exe: 00001B08: 09:21:21 [TUniServerModule]:Shutting Down Server.
UniDSADemo.exe: 00001B08: 09:21:21 [TUniServerModule]:Stopping HTTP Server.
UniDSADemo.exe: 00001B08: 09:21:21 [TUniServerModule]:HTTP Server Stopped.
UniDSADemo.exe: 00001B08: 09:21:21 [TUniGUISessionManager]:Terminating Session manager.
UniDSADemo.exe: 00001B08: 09:21:21 [TUniGUISessionManager]:Stopping Cache Eraser...
UniDSADemo.exe: 00001B08: 09:21:21 [TUniGUISessionManager]:Cache Eraser Stopped.
UniDSADemo.exe: 00001B08: 09:21:21 [TUniGUISessionManager]:Destroying Worker Threads.
UniDSADemo.exe: 00001B08: 09:21:21 [TUniGUISessionManager]:Session manager terminated.
UniDSADemo.exe: 00001B08: 09:21:21 [TUniServerModule]:Server Shutdown Completed.
UniDSADemo.exe: 00001B08: 09:21:21 []:<-------------------------------------------------------------->
UniDSADemo.exe: 00001B08: 09:21:21 [Terminated]:Exit Code: 0
UniDSADemo.exe: 00002D28: 09:22:14 []:>--------------------------------------------------------------<
UniDSADemo.exe: 00002D28: 09:22:14 [TUniServerModule]:Server First Init.
UniDSADemo.exe: 00002D28: 09:22:14 [TUniServerModule]:Start Path = D:\Andamento\componente-unidsa-unigui\demo\Win32\Debug\
UniDSADemo.exe: 00002D28: 09:22:14 [TUniServerModule]:Starting HTTP Server on Port: 8077...
UniDSADemo.exe: 00002D28: 09:22:14 [TUniServerModule]:HTTP Server Started on Port: 8077
UniDSADemo.exe: 00002D28: 09:22:16 [TUniServerModule]:Shutting Down Server.
UniDSADemo.exe: 00002D28: 09:22:16 [TUniServerModule]:Stopping HTTP Server.
UniDSADemo.exe: 00002D28: 09:22:17 [TUniServerModule]:HTTP Server Stopped.
UniDSADemo.exe: 00002D28: 09:22:17 [TUniGUISessionManager]:Terminating Session manager.
UniDSADemo.exe: 00002D28: 09:22:17 [TUniGUISessionManager]:Stopping Cache Eraser...
UniDSADemo.exe: 00002D28: 09:22:17 [TUniGUISessionManager]:Cache Eraser Stopped.
UniDSADemo.exe: 00002D28: 09:22:17 [TUniGUISessionManager]:Destroying Worker Threads.
UniDSADemo.exe: 00002D28: 09:22:17 [TUniGUISessionManager]:Session manager terminated.
UniDSADemo.exe: 00002D28: 09:22:17 [TUniServerModule]:Server Shutdown Completed.
UniDSADemo.exe: 00002D28: 09:22:17 []:<-------------------------------------------------------------->
UniDSADemo.exe: 00002D28: 09:22:17 [Terminated]:Exit Code: 0
UniDSADemo.exe: 000004E4: 09:33:47 []:>--------------------------------------------------------------<
UniDSADemo.exe: 000004E4: 09:33:47 [TUniServerModule]:Server First Init.
UniDSADemo.exe: 000004E4: 09:33:47 [TUniServerModule]:Start Path = D:\Andamento\componente-unidsa-unigui\demo\Win32\Debug\
UniDSADemo.exe: 000004E4: 09:33:47 [TUniServerModule]:Starting HTTP Server on Port: 8077...
UniDSADemo.exe: 000004E4: 09:33:47 [TUniServerModule]:HTTP Server Started on Port: 8077
UniDSADemo.exe: 000004E4: 09:33:52 [TUniServerModule]:Shutting Down Server.
UniDSADemo.exe: 000004E4: 09:33:52 [TUniServerModule]:Stopping HTTP Server.
UniDSADemo.exe: 000004E4: 09:33:53 [TUniServerModule]:HTTP Server Stopped.
UniDSADemo.exe: 000004E4: 09:33:53 [TUniGUISessionManager]:Terminating Session manager.
UniDSADemo.exe: 000004E4: 09:33:53 [TUniGUISessionManager]:Stopping Cache Eraser...
UniDSADemo.exe: 000004E4: 09:33:53 [TUniGUISessionManager]:Cache Eraser Stopped.
UniDSADemo.exe: 000004E4: 09:33:53 [TUniGUISessionManager]:Destroying Worker Threads.
UniDSADemo.exe: 000004E4: 09:33:53 [TUniGUISessionManager]:Session manager terminated.
UniDSADemo.exe: 000004E4: 09:33:53 [TUniServerModule]:Server Shutdown Completed.
UniDSADemo.exe: 000004E4: 09:33:53 []:<-------------------------------------------------------------->
UniDSADemo.exe: 000004E4: 09:33:53 [Terminated]:Exit Code: 0
UniDSADemo.exe: 000006AC: 09:35:41 []:>--------------------------------------------------------------<
UniDSADemo.exe: 000006AC: 09:35:41 [TUniServerModule]:Server First Init.
UniDSADemo.exe: 000006AC: 09:35:41 [TUniServerModule]:Start Path = D:\Andamento\componente-unidsa-unigui\demo\Win32\Debug\
UniDSADemo.exe: 000006AC: 09:35:41 [TUniServerModule]:Starting HTTP Server on Port: 8077...
UniDSADemo.exe: 000006AC: 09:35:41 [TUniServerModule]:HTTP Server Started on Port: 8077
UniDSADemo.exe: 000006AC: 09:35:44 [TUniServerModule]:Shutting Down Server.
UniDSADemo.exe: 000006AC: 09:35:44 [TUniServerModule]:Stopping HTTP Server.
UniDSADemo.exe: 000006AC: 09:35:45 [TUniServerModule]:HTTP Server Stopped.
UniDSADemo.exe: 000006AC: 09:35:45 [TUniGUISessionManager]:Terminating Session manager.
UniDSADemo.exe: 000006AC: 09:35:45 [TUniGUISessionManager]:Stopping Cache Eraser...
UniDSADemo.exe: 000006AC: 09:35:45 [TUniGUISessionManager]:Cache Eraser Stopped.
UniDSADemo.exe: 000006AC: 09:35:45 [TUniGUISessionManager]:Destroying Worker Threads.
UniDSADemo.exe: 000006AC: 09:35:45 [TUniGUISessionManager]:Session manager terminated.
UniDSADemo.exe: 000006AC: 09:35:45 [TUniServerModule]:Server Shutdown Completed.
UniDSADemo.exe: 000006AC: 09:35:45 []:<-------------------------------------------------------------->
UniDSADemo.exe: 000006AC: 09:35:45 [Terminated]:Exit Code: 0
UniDSADemo.exe: 00002458: 09:38:15 []:>--------------------------------------------------------------<
UniDSADemo.exe: 00002458: 09:38:15 [TUniServerModule]:Server First Init.
UniDSADemo.exe: 00002458: 09:38:15 [TUniServerModule]:Start Path = D:\Andamento\componente-unidsa-unigui\demo\Win32\Debug\
UniDSADemo.exe: 00002458: 09:38:16 [TUniServerModule]:Starting HTTP Server on Port: 8077...
UniDSADemo.exe: 00002458: 09:38:16 [TUniServerModule]:HTTP Server Started on Port: 8077
UniDSADemo.exe: 00002458: 09:38:19 [TUniServerModule]:Shutting Down Server.
UniDSADemo.exe: 00002458: 09:38:19 [TUniServerModule]:Stopping HTTP Server.
UniDSADemo.exe: 00002458: 09:38:19 [TUniServerModule]:HTTP Server Stopped.
UniDSADemo.exe: 00002458: 09:38:19 [TUniGUISessionManager]:Terminating Session manager.
UniDSADemo.exe: 00002458: 09:38:19 [TUniGUISessionManager]:Stopping Cache Eraser...
UniDSADemo.exe: 00002458: 09:38:19 [TUniGUISessionManager]:Cache Eraser Stopped.
UniDSADemo.exe: 00002458: 09:38:19 [TUniGUISessionManager]:Destroying Worker Threads.
UniDSADemo.exe: 00002458: 09:38:19 [TUniGUISessionManager]:Session manager terminated.
UniDSADemo.exe: 00002458: 09:38:19 [TUniServerModule]:Server Shutdown Completed.
UniDSADemo.exe: 00002458: 09:38:19 []:<-------------------------------------------------------------->
UniDSADemo.exe: 00002458: 09:38:19 [Terminated]:Exit Code: 0
UniDSADemo.exe: 00000188: 09:46:07 []:>--------------------------------------------------------------<
UniDSADemo.exe: 00000188: 09:46:07 [TUniServerModule]:Server First Init.
UniDSADemo.exe: 00000188: 09:46:07 [TUniServerModule]:Start Path = D:\Andamento\componente-unidsa-unigui\demo\Win32\Debug\
UniDSADemo.exe: 00000188: 09:46:07 [TUniServerModule]:Starting HTTP Server on Port: 8077...
UniDSADemo.exe: 00000188: 09:46:07 [TUniServerModule]:HTTP Server Started on Port: 8077
UniDSADemo.exe: 00000188: 09:46:09 [TUniServerModule]:Shutting Down Server.
UniDSADemo.exe: 00000188: 09:46:09 [TUniServerModule]:Stopping HTTP Server.
UniDSADemo.exe: 00000188: 09:46:10 [TUniServerModule]:HTTP Server Stopped.
UniDSADemo.exe: 00000188: 09:46:10 [TUniGUISessionManager]:Terminating Session manager.
UniDSADemo.exe: 00000188: 09:46:10 [TUniGUISessionManager]:Stopping Cache Eraser...
UniDSADemo.exe: 00000188: 09:46:10 [TUniGUISessionManager]:Cache Eraser Stopped.
UniDSADemo.exe: 00000188: 09:46:10 [TUniGUISessionManager]:Destroying Worker Threads.
UniDSADemo.exe: 00000188: 09:46:10 [TUniGUISessionManager]:Session manager terminated.
UniDSADemo.exe: 00000188: 09:46:10 [TUniServerModule]:Server Shutdown Completed.
UniDSADemo.exe: 00000188: 09:46:10 []:<-------------------------------------------------------------->
UniDSADemo.exe: 00000188: 09:46:10 [Terminated]:Exit Code: 0
UniDSADemo.exe: 00000BB8: 09:48:48 []:>--------------------------------------------------------------<
UniDSADemo.exe: 00000BB8: 09:48:48 [TUniServerModule]:Server First Init.
UniDSADemo.exe: 00000BB8: 09:48:48 [TUniServerModule]:Start Path = D:\Andamento\componente-unidsa-unigui\demo\Win32\Debug\
UniDSADemo.exe: 00000BB8: 09:48:48 [TUniServerModule]:Starting HTTP Server on Port: 8077...
UniDSADemo.exe: 00000BB8: 09:48:48 [TUniServerModule]:HTTP Server Started on Port: 8077
UniDSADemo.exe: 00000BB8: 09:48:51 [TUniServerModule]:Shutting Down Server.
UniDSADemo.exe: 00000BB8: 09:48:51 [TUniServerModule]:Stopping HTTP Server.
UniDSADemo.exe: 00000BB8: 09:48:52 [TUniServerModule]:HTTP Server Stopped.
UniDSADemo.exe: 00000BB8: 09:48:52 [TUniGUISessionManager]:Terminating Session manager.
UniDSADemo.exe: 00000BB8: 09:48:52 [TUniGUISessionManager]:Stopping Cache Eraser...
UniDSADemo.exe: 00000BB8: 09:48:52 [TUniGUISessionManager]:Cache Eraser Stopped.
UniDSADemo.exe: 00000BB8: 09:48:52 [TUniGUISessionManager]:Destroying Worker Threads.
UniDSADemo.exe: 00000BB8: 09:48:52 [TUniGUISessionManager]:Session manager terminated.
UniDSADemo.exe: 00000BB8: 09:48:52 [TUniServerModule]:Server Shutdown Completed.
UniDSADemo.exe: 00000BB8: 09:48:52 []:<-------------------------------------------------------------->
UniDSADemo.exe: 00000BB8: 09:48:52 [Terminated]:Exit Code: 0
UniDSADemo.exe: 000034C0: 09:52:58 []:>--------------------------------------------------------------<
UniDSADemo.exe: 000034C0: 09:52:58 [TUniServerModule]:Server First Init.
UniDSADemo.exe: 000034C0: 09:52:58 [TUniServerModule]:Start Path = D:\Andamento\componente-unidsa-unigui\demo\Win32\Debug\
UniDSADemo.exe: 000034C0: 09:52:58 [TUniServerModule]:Starting HTTP Server on Port: 8077...
UniDSADemo.exe: 000034C0: 09:52:58 [TUniServerModule]:HTTP Server Started on Port: 8077
UniDSADemo.exe: 000034C0: 10:06:55 [TUniServerModule]:Shutting Down Server.
UniDSADemo.exe: 000034C0: 10:06:55 [TUniServerModule]:Stopping HTTP Server.
UniDSADemo.exe: 000034C0: 10:06:55 [TUniServerModule]:HTTP Server Stopped.
UniDSADemo.exe: 000034C0: 10:06:55 [TUniGUISessionManager]:Terminating Session manager.
UniDSADemo.exe: 000034C0: 10:06:55 [TUniGUISessionManager]:Stopping Cache Eraser...
UniDSADemo.exe: 000034C0: 10:06:55 [TUniGUISessionManager]:Cache Eraser Stopped.
UniDSADemo.exe: 000034C0: 10:06:55 [TUniGUISessionManager]:Destroying Worker Threads.
UniDSADemo.exe: 000034C0: 10:06:55 [TUniGUISessionManager]:Session manager terminated.
UniDSADemo.exe: 000034C0: 10:06:55 [TUniServerModule]:Server Shutdown Completed.
UniDSADemo.exe: 000034C0: 10:06:55 []:<-------------------------------------------------------------->
UniDSADemo.exe: 000034C0: 10:06:55 [Terminated]:Exit Code: 0
UniDSADemo.exe: 00003194: 10:06:56 []:>--------------------------------------------------------------<
UniDSADemo.exe: 00003194: 10:06:56 [TUniServerModule]:Server First Init.
UniDSADemo.exe: 00003194: 10:06:56 [TUniServerModule]:Start Path = D:\Andamento\componente-unidsa-unigui\demo\Win32\Debug\
UniDSADemo.exe: 00003194: 10:06:56 [TUniServerModule]:Starting HTTP Server on Port: 8077...
UniDSADemo.exe: 00003194: 10:06:56 [TUniServerModule]:HTTP Server Started on Port: 8077
UniDSADemo.exe: 000039C4: 10:07:03 [127.0.0.1]:EUniSessionException : Invalid session or session Timeout. (Session not found: lgiRsVfTTO10B52C596 ) : Addr: $0052D9A3
UniDSADemo.exe: 00003194: 10:17:56 [TUniServerModule]:Shutting Down Server.
UniDSADemo.exe: 00003194: 10:17:56 [TUniServerModule]:Stopping HTTP Server.
UniDSADemo.exe: 00003194: 10:17:57 [TUniServerModule]:HTTP Server Stopped.
UniDSADemo.exe: 00003194: 10:17:57 [TUniGUISessionManager]:Terminating Session manager.
UniDSADemo.exe: 00003194: 10:17:57 [TUniGUISessionManager]:Stopping Cache Eraser...
UniDSADemo.exe: 00003194: 10:17:57 [TUniGUISessionManager]:Cache Eraser Stopped.
UniDSADemo.exe: 00003194: 10:17:57 [TUniGUISessionManager]:Destroying Worker Threads.
UniDSADemo.exe: 00003194: 10:17:57 [TUniGUISessionManager]:Session manager terminated.
UniDSADemo.exe: 00003194: 10:17:57 [TUniServerModule]:Server Shutdown Completed.
UniDSADemo.exe: 00003194: 10:17:57 []:<-------------------------------------------------------------->
UniDSADemo.exe: 00003194: 10:17:57 [Terminated]:Exit Code: 0
UniDSADemo.exe: 000000DC: 10:17:58 []:>--------------------------------------------------------------<
UniDSADemo.exe: 000000DC: 10:17:58 [TUniServerModule]:Server First Init.
UniDSADemo.exe: 000000DC: 10:17:58 [TUniServerModule]:Start Path = D:\Andamento\componente-unidsa-unigui\demo\Win32\Debug\
UniDSADemo.exe: 000000DC: 10:17:58 [TUniServerModule]:Starting HTTP Server on Port: 8077...
UniDSADemo.exe: 000000DC: 10:17:58 [TUniServerModule]:HTTP Server Started on Port: 8077
UniDSADemo.exe: 000038F0: 10:18:02 [127.0.0.1]:EUniSessionException : Invalid session or session Timeout. (Session not found: ow4XAck6SE10B52C94D ) : Addr: $00C9D9A3
UniDSADemo.exe: 000000DC: 10:33:13 [TUniServerModule]:Shutting Down Server.
UniDSADemo.exe: 000000DC: 10:33:13 [TUniServerModule]:Stopping HTTP Server.
UniDSADemo.exe: 000000DC: 10:33:14 [TUniServerModule]:HTTP Server Stopped.
UniDSADemo.exe: 000000DC: 10:33:14 [TUniGUISessionManager]:Terminating Session manager.
UniDSADemo.exe: 000000DC: 10:33:14 [TUniGUISessionManager]:Stopping Cache Eraser...
UniDSADemo.exe: 000000DC: 10:33:14 [TUniGUISessionManager]:Cache Eraser Stopped.
UniDSADemo.exe: 000000DC: 10:33:14 [TUniGUISessionManager]:Destroying Worker Threads.
UniDSADemo.exe: 000000DC: 10:33:14 [TUniGUISessionManager]:Session manager terminated.
UniDSADemo.exe: 000000DC: 10:33:14 [TUniServerModule]:Server Shutdown Completed.
UniDSADemo.exe: 000000DC: 10:33:14 []:<-------------------------------------------------------------->
UniDSADemo.exe: 000000DC: 10:33:14 [Terminated]:Exit Code: 0
UniDSADemo.exe: 00003A6C: 10:46:26 []:>--------------------------------------------------------------<
UniDSADemo.exe: 00003A6C: 10:46:26 [TUniServerModule]:Server First Init.
UniDSADemo.exe: 00003A6C: 10:46:26 [TUniServerModule]:Start Path = D:\Andamento\componente-unidsa-unigui\demo\Win32\Debug\
UniDSADemo.exe: 00003A6C: 10:46:26 [TUniServerModule]:Starting HTTP Server on Port: 8077...
UniDSADemo.exe: 00003A6C: 10:46:27 [TUniServerModule]:HTTP Server Started on Port: 8077
UniDSADemo.exe: 00003258: 10:46:29 [127.0.0.1]:EUniSessionException : Invalid session or session Timeout. (Session not found: lSTnXlijKL10B52CC48 ) : Addr: $0082D923
UniDSADemo.exe: 00003A6C: 10:48:06 [TUniServerModule]:Shutting Down Server.
UniDSADemo.exe: 00003A6C: 10:48:06 [TUniServerModule]:Stopping HTTP Server.
UniDSADemo.exe: 00003A6C: 10:48:07 [TUniServerModule]:HTTP Server Stopped.
UniDSADemo.exe: 00003A6C: 10:48:07 [TUniGUISessionManager]:Terminating Session manager.
UniDSADemo.exe: 00003A6C: 10:48:07 [TUniGUISessionManager]:Stopping Cache Eraser...
UniDSADemo.exe: 00003A6C: 10:48:07 [TUniGUISessionManager]:Cache Eraser Stopped.
UniDSADemo.exe: 00003A6C: 10:48:07 [TUniGUISessionManager]:Destroying Worker Threads.
UniDSADemo.exe: 00003A6C: 10:48:07 [TUniGUISessionManager]:Session manager terminated.
UniDSADemo.exe: 00003A6C: 10:48:07 [TUniServerModule]:Server Shutdown Completed.
UniDSADemo.exe: 00003A6C: 10:48:07 []:<-------------------------------------------------------------->
UniDSADemo.exe: 00003A6C: 10:48:07 [Terminated]:Exit Code: 0
UniDSADemo.exe: 00003440: 10:48:08 []:>--------------------------------------------------------------<
UniDSADemo.exe: 00003440: 10:48:08 [TUniServerModule]:Server First Init.
UniDSADemo.exe: 00003440: 10:48:08 [TUniServerModule]:Start Path = D:\Andamento\componente-unidsa-unigui\demo\Win32\Debug\
UniDSADemo.exe: 00003440: 10:48:08 [TUniGUISessionManager]:Cache erase job created, Folder count: [1]
UniDSADemo.exe: 00003440: 10:48:08 [TUniServerModule]:Starting HTTP Server on Port: 8077...
UniDSADemo.exe: 00003440: 10:48:08 [TUniServerModule]:HTTP Server Started on Port: 8077
UniDSADemo.exe: 00001C20: 10:48:10 [127.0.0.1]:EUniSessionException : Invalid session or session Timeout. (Session not found: Dp8L9lq2u310B52D3FF ) : Addr: $00B4D9A3
UniDSADemo.exe: 00003AA0: 14:13:31 [127.0.0.1]:EUniSessionException : Invalid session or session Timeout. (Session not found: A1rraeSeIY10B52D478 ) : Addr: $00B4D9A3
UniDSADemo.exe: 00003440: 14:23:52 [TUniServerModule]:Shutting Down Server.
UniDSADemo.exe: 00003440: 14:23:52 [TUniServerModule]:Stopping HTTP Server.
UniDSADemo.exe: 00003440: 14:23:53 [TUniServerModule]:HTTP Server Stopped.
UniDSADemo.exe: 00003440: 14:23:53 [TUniGUISessionManager]:Terminating Session manager.
UniDSADemo.exe: 00003440: 14:23:53 [TUniGUISessionManager]:Stopping Cache Eraser...
UniDSADemo.exe: 00003440: 14:23:53 [TUniGUISessionManager]:Cache Eraser Stopped.
UniDSADemo.exe: 00003440: 14:23:53 [TUniGUISessionManager]:Destroying Worker Threads.
UniDSADemo.exe: 00003440: 14:23:53 [TUniGUISessionManager]:Session manager terminated.
UniDSADemo.exe: 00003440: 14:23:53 [TUniServerModule]:Server Shutdown Completed.
UniDSADemo.exe: 00003440: 14:23:53 []:<-------------------------------------------------------------->
UniDSADemo.exe: 00003440: 14:23:53 [Terminated]:Exit Code: 0
UniDSADemo.exe: 00003414: 14:23:54 []:>--------------------------------------------------------------<
UniDSADemo.exe: 00003414: 14:23:54 [TUniServerModule]:Server First Init.
UniDSADemo.exe: 00003414: 14:23:54 [TUniServerModule]:Start Path = D:\Andamento\componente-unidsa-unigui\demo\Win32\Debug\
UniDSADemo.exe: 00003414: 14:23:54 [TUniServerModule]:Starting HTTP Server on Port: 8077...
UniDSADemo.exe: 00003414: 14:23:54 [TUniServerModule]:HTTP Server Started on Port: 8077
UniDSADemo.exe: 00003414: 14:27:56 [TUniServerModule]:Shutting Down Server.
UniDSADemo.exe: 00003414: 14:27:56 [TUniServerModule]:Stopping HTTP Server.
UniDSADemo.exe: 00003414: 14:27:57 [TUniServerModule]:HTTP Server Stopped.
UniDSADemo.exe: 00003414: 14:27:57 [TUniGUISessionManager]:Terminating Session manager.
UniDSADemo.exe: 00003414: 14:27:57 [TUniGUISessionManager]:Stopping Cache Eraser...
UniDSADemo.exe: 00003414: 14:27:57 [TUniGUISessionManager]:Cache Eraser Stopped.
UniDSADemo.exe: 00003414: 14:27:57 [TUniGUISessionManager]:Destroying Worker Threads.
UniDSADemo.exe: 00003414: 14:27:57 [TUniGUISessionManager]:Session manager terminated.
UniDSADemo.exe: 00003414: 14:27:57 [TUniServerModule]:Server Shutdown Completed.
UniDSADemo.exe: 00003414: 14:27:57 []:<-------------------------------------------------------------->
UniDSADemo.exe: 00003414: 14:27:57 [Terminated]:Exit Code: 0
UniDSADemo.exe: 00002100: 14:27:58 []:>--------------------------------------------------------------<
UniDSADemo.exe: 00002100: 14:27:58 [TUniServerModule]:Server First Init.
UniDSADemo.exe: 00002100: 14:27:58 [TUniServerModule]:Start Path = D:\Andamento\componente-unidsa-unigui\demo\Win32\Debug\
UniDSADemo.exe: 00002100: 14:27:58 [TUniGUISessionManager]:Cache erase job created, Folder count: [1]
UniDSADemo.exe: 00002100: 14:27:58 [TUniServerModule]:Starting HTTP Server on Port: 8077...
UniDSADemo.exe: 00002100: 14:27:58 [TUniServerModule]:HTTP Server Started on Port: 8077
UniDSADemo.exe: 00002C2C: 14:28:00 [127.0.0.1]:EUniSessionException : Invalid session or session Timeout. (Session not found: FkssfJqsjw10B530F01 ) : Addr: $00A6DC0B
UniDSADemo.exe: 00002100: 14:38:04 [TUniServerModule]:Shutting Down Server.
UniDSADemo.exe: 00002100: 14:38:04 [TUniServerModule]:Stopping HTTP Server.
UniDSADemo.exe: 00002100: 14:38:05 [TUniServerModule]:HTTP Server Stopped.
UniDSADemo.exe: 00002100: 14:38:05 [TUniGUISessionManager]:Terminating Session manager.
UniDSADemo.exe: 00002100: 14:38:05 [TUniGUISessionManager]:Stopping Cache Eraser...
UniDSADemo.exe: 00002100: 14:38:05 [TUniGUISessionManager]:Cache Eraser Stopped.
UniDSADemo.exe: 00002100: 14:38:05 [TUniGUISessionManager]:Destroying Worker Threads.
UniDSADemo.exe: 00002100: 14:38:05 [TUniGUISessionManager]:Session manager terminated.
UniDSADemo.exe: 00002100: 14:38:05 [TUniServerModule]:Server Shutdown Completed.
UniDSADemo.exe: 00002100: 14:38:05 []:<-------------------------------------------------------------->
UniDSADemo.exe: 00002100: 14:38:05 [Terminated]:Exit Code: 0
UniDSADemo.exe: 000036E4: 14:38:21 []:>--------------------------------------------------------------<
UniDSADemo.exe: 000036E4: 14:38:21 [TUniServerModule]:Server First Init.
UniDSADemo.exe: 000036E4: 14:38:21 [TUniServerModule]:Start Path = D:\Andamento\componente-unidsa-unigui\demo\Win32\Debug\
UniDSADemo.exe: 000036E4: 14:38:21 [TUniServerModule]:Starting HTTP Server on Port: 8077...
UniDSADemo.exe: 000036E4: 14:38:21 [TUniServerModule]:HTTP Server Started on Port: 8077
UniDSADemo.exe: 00000560: 14:38:27 [127.0.0.1]:EUniSessionException : Invalid session or session Timeout. (Session not found: otoVATl93p10B531016 ) : Addr: $00A4DC0B
UniDSADemo.exe: 000036E4: 14:39:13 [TUniServerModule]:Shutting Down Server.
UniDSADemo.exe: 000036E4: 14:39:13 [TUniServerModule]:Stopping HTTP Server.
UniDSADemo.exe: 000036E4: 14:39:14 [TUniServerModule]:HTTP Server Stopped.
UniDSADemo.exe: 000036E4: 14:39:14 [TUniGUISessionManager]:Terminating Session manager.
UniDSADemo.exe: 000036E4: 14:39:14 [TUniGUISessionManager]:Stopping Cache Eraser...
UniDSADemo.exe: 000036E4: 14:39:14 [TUniGUISessionManager]:Cache Eraser Stopped.
UniDSADemo.exe: 000036E4: 14:39:14 [TUniGUISessionManager]:Destroying Worker Threads.
UniDSADemo.exe: 000036E4: 14:39:14 [TUniGUISessionManager]:Session manager terminated.
UniDSADemo.exe: 000036E4: 14:39:14 [TUniServerModule]:Server Shutdown Completed.
UniDSADemo.exe: 000036E4: 14:39:14 []:<-------------------------------------------------------------->
UniDSADemo.exe: 000036E4: 14:39:14 [Terminated]:Exit Code: 0
UniDSADemo.exe: 00003BA0: 14:40:36 []:>--------------------------------------------------------------<
UniDSADemo.exe: 00003BA0: 14:40:36 [TUniServerModule]:Server First Init.
UniDSADemo.exe: 00003BA0: 14:40:36 [TUniServerModule]:Start Path = D:\Andamento\componente-unidsa-unigui\demo\Win32\Debug\
UniDSADemo.exe: 00003BA0: 14:40:36 [TUniGUISessionManager]:Cache erase job created, Folder count: [1]
UniDSADemo.exe: 00003BA0: 14:40:36 [TUniServerModule]:Starting HTTP Server on Port: 8077...
UniDSADemo.exe: 00003BA0: 14:40:36 [TUniServerModule]:HTTP Server Started on Port: 8077
UniDSADemo.exe: 00003090: 14:40:40 [127.0.0.1]:EUniSessionException : Invalid session or session Timeout. (Session not found: Iq7v7d77LA10B5312F0 ) : Addr: $00BEDC0B
UniDSADemo.exe: 00003BA0: 14:52:30 [TUniServerModule]:Shutting Down Server.
UniDSADemo.exe: 00003BA0: 14:52:30 [TUniServerModule]:Stopping HTTP Server.
UniDSADemo.exe: 00003BA0: 14:52:30 [TUniServerModule]:HTTP Server Stopped.
UniDSADemo.exe: 00003BA0: 14:52:30 [TUniGUISessionManager]:Terminating Session manager.
UniDSADemo.exe: 00003BA0: 14:52:30 [TUniGUISessionManager]:Stopping Cache Eraser...
UniDSADemo.exe: 00003BA0: 14:52:30 [TUniGUISessionManager]:Cache Eraser Stopped.
UniDSADemo.exe: 00003BA0: 14:52:30 [TUniGUISessionManager]:Destroying Worker Threads.
UniDSADemo.exe: 00003BA0: 14:52:30 [TUniGUISessionManager]:Session manager terminated.
UniDSADemo.exe: 00003BA0: 14:52:30 [TUniServerModule]:Server Shutdown Completed.
UniDSADemo.exe: 00003BA0: 14:52:30 []:<-------------------------------------------------------------->
UniDSADemo.exe: 00003BA0: 14:52:30 [Terminated]:Exit Code: 0
UniDSADemo.exe: 00003B1C: 14:54:44 []:>--------------------------------------------------------------<
UniDSADemo.exe: 00003B1C: 14:54:44 [TUniServerModule]:Server First Init.
UniDSADemo.exe: 00003B1C: 14:54:44 [TUniServerModule]:Start Path = D:\Andamento\componente-unidsa-unigui\demo\Win32\Debug\
UniDSADemo.exe: 00003B1C: 14:54:44 [TUniServerModule]:Starting HTTP Server on Port: 8077...
UniDSADemo.exe: 00003B1C: 14:54:44 [TUniServerModule]:HTTP Server Started on Port: 8077
UniDSADemo.exe: 000028D4: 14:54:50 [127.0.0.1]:EUniSessionException : Invalid session or session Timeout. (Session not found: CEtkrtEXOS10B531387 ) : Addr: $008FDC0B
UniDSADemo.exe: 00003B1C: 14:55:41 [TUniServerModule]:Shutting Down Server.
UniDSADemo.exe: 00003B1C: 14:55:41 [TUniServerModule]:Stopping HTTP Server.
UniDSADemo.exe: 00003B1C: 14:55:42 [TUniServerModule]:HTTP Server Stopped.
UniDSADemo.exe: 00003B1C: 14:55:42 [TUniGUISessionManager]:Terminating Session manager.
UniDSADemo.exe: 00003B1C: 14:55:42 [TUniGUISessionManager]:Stopping Cache Eraser...
UniDSADemo.exe: 00003B1C: 14:55:42 [TUniGUISessionManager]:Cache Eraser Stopped.
UniDSADemo.exe: 00003B1C: 14:55:42 [TUniGUISessionManager]:Destroying Worker Threads.
UniDSADemo.exe: 00003B1C: 14:55:42 [TUniGUISessionManager]:Session manager terminated.
UniDSADemo.exe: 00003B1C: 14:55:42 [TUniServerModule]:Server Shutdown Completed.
UniDSADemo.exe: 00003B1C: 14:55:42 []:<-------------------------------------------------------------->
UniDSADemo.exe: 00003B1C: 14:55:42 [Terminated]:Exit Code: 0
UniDSADemo.exe: 0000255C: 14:55:45 []:>--------------------------------------------------------------<
UniDSADemo.exe: 0000255C: 14:55:45 [TUniServerModule]:Server First Init.
UniDSADemo.exe: 0000255C: 14:55:45 [TUniServerModule]:Start Path = D:\Andamento\componente-unidsa-unigui\demo\Win32\Debug\
UniDSADemo.exe: 0000255C: 14:55:45 [TUniGUISessionManager]:Cache erase job created, Folder count: [1]
UniDSADemo.exe: 0000255C: 14:55:45 [TUniServerModule]:Starting HTTP Server on Port: 8077...
UniDSADemo.exe: 0000255C: 14:55:45 [TUniServerModule]:HTTP Server Started on Port: 8077
UniDSADemo.exe: 00000FAC: 14:55:48 [127.0.0.1]:EUniSessionException : Invalid session or session Timeout. (Session not found: ytn9QjXiMR10B53175D ) : Addr: $003BDC0B
UniDSADemo.exe: 0000255C: 14:58:18 [TUniServerModule]:Shutting Down Server.
UniDSADemo.exe: 0000255C: 14:58:18 [TUniServerModule]:Stopping HTTP Server.
UniDSADemo.exe: 0000255C: 14:58:19 [TUniServerModule]:HTTP Server Stopped.
UniDSADemo.exe: 0000255C: 14:58:19 [TUniGUISessionManager]:Terminating Session manager.
UniDSADemo.exe: 0000255C: 14:58:19 [TUniGUISessionManager]:Stopping Cache Eraser...
UniDSADemo.exe: 0000255C: 14:58:19 [TUniGUISessionManager]:Cache Eraser Stopped.
UniDSADemo.exe: 0000255C: 14:58:19 [TUniGUISessionManager]:Destroying Worker Threads.
UniDSADemo.exe: 0000255C: 14:58:19 [TUniGUISessionManager]:Session manager terminated.
UniDSADemo.exe: 0000255C: 14:58:19 [TUniServerModule]:Server Shutdown Completed.
UniDSADemo.exe: 0000255C: 14:58:19 []:<-------------------------------------------------------------->
UniDSADemo.exe: 0000255C: 14:58:19 [Terminated]:Exit Code: 0
UniDSADemo.exe: 0000279C: 14:58:20 []:>--------------------------------------------------------------<
UniDSADemo.exe: 0000279C: 14:58:20 [TUniServerModule]:Server First Init.
UniDSADemo.exe: 0000279C: 14:58:20 [TUniServerModule]:Start Path = D:\Andamento\componente-unidsa-unigui\demo\Win32\Debug\
UniDSADemo.exe: 0000279C: 14:58:20 [TUniGUISessionManager]:Cache erase job created, Folder count: [1]
UniDSADemo.exe: 0000279C: 14:58:20 [TUniServerModule]:Starting HTTP Server on Port: 8077...
UniDSADemo.exe: 0000279C: 14:58:20 [TUniServerModule]:HTTP Server Started on Port: 8077
UniDSADemo.exe: 00003658: 14:58:23 [127.0.0.1]:EUniSessionException : Invalid session or session Timeout. (Session not found: P2SV62prMQ10B5317A1 ) : Addr: $00C5DC0B
UniDSADemo.exe: 0000279C: 14:58:40 [TUniServerModule]:Shutting Down Server.
UniDSADemo.exe: 0000279C: 14:58:40 [TUniServerModule]:Stopping HTTP Server.
UniDSADemo.exe: 0000279C: 14:58:41 [TUniServerModule]:HTTP Server Stopped.
UniDSADemo.exe: 0000279C: 14:58:41 [TUniGUISessionManager]:Terminating Session manager.
UniDSADemo.exe: 0000279C: 14:58:41 [TUniGUISessionManager]:Stopping Cache Eraser...
UniDSADemo.exe: 0000279C: 14:58:41 [TUniGUISessionManager]:Cache Eraser Stopped.
UniDSADemo.exe: 0000279C: 14:58:41 [TUniGUISessionManager]:Destroying Worker Threads.
UniDSADemo.exe: 0000279C: 14:58:41 [TUniGUISessionManager]:Session manager terminated.
UniDSADemo.exe: 0000279C: 14:58:41 [TUniServerModule]:Server Shutdown Completed.
UniDSADemo.exe: 0000279C: 14:58:41 []:<-------------------------------------------------------------->
UniDSADemo.exe: 0000279C: 14:58:41 [Terminated]:Exit Code: 0
UniDSADemo.exe: 000031B4: 14:58:42 []:>--------------------------------------------------------------<
UniDSADemo.exe: 000031B4: 14:58:42 [TUniServerModule]:Server First Init.
UniDSADemo.exe: 000031B4: 14:58:42 [TUniServerModule]:Start Path = D:\Andamento\componente-unidsa-unigui\demo\Win32\Debug\
UniDSADemo.exe: 000031B4: 14:58:42 [TUniGUISessionManager]:Cache erase job created, Folder count: [1]
UniDSADemo.exe: 000031B4: 14:58:42 [TUniServerModule]:Starting HTTP Server on Port: 8077...
UniDSADemo.exe: 000031B4: 14:58:42 [TUniServerModule]:HTTP Server Started on Port: 8077
UniDSADemo.exe: 00002F50: 14:58:44 [127.0.0.1]:EUniSessionException : Invalid session or session Timeout. (Session not found: WjeWwaGUZC10B531855 ) : Addr: $0036DC0B
UniDSADemo.exe: 00003B54: 17:23:05 [127.0.0.1]:EUniSessionException : Invalid session or session Timeout. (Session not found: NgVcy8X4rq10B53186C ) : Addr: $0036DC0B
UniDSADemo.exe: 00003B54: 17:23:05 [127.0.0.1]:EUniSessionException : Invalid session or session Timeout. (Session not found: NgVcy8X4rq10B53186C ) : Addr: $0036DC0B
UniDSADemo.exe: 00001F7C: 20:49:56 [127.0.0.1]:EUniSessionException : Invalid session or session Timeout. (Session not found: xVvlgoiGrV10B533F96 ) : Addr: $0036DC0B
UniDSADemo.exe: 000031B4: 22:55:38 [Exit]:Unexpected attempt to terminate server application with Exit Code: 0
