UniDSADemo.exe: 00003834: 19:37:08 []:>--------------------------------------------------------------<
UniDSADemo.exe: 00003834: 19:37:08 [TUniServerModule]:Server First Init.
UniDSADemo.exe: 00003834: 19:37:08 [TUniServerModule]:Start Path = D:\Andamento\componente-unidsa-unigui\demo\Win32\Debug\
UniDSADemo.exe: 00003834: 19:37:08 [TUniServerModule]:Starting HTTP Server on Port: 8077...
UniDSADemo.exe: 00003834: 19:37:08 [TUniServerModule]:HTTP Server Started on Port: 8077
UniDSADemo.exe: 000022D0: 19:37:19 [HandleFileRequest[127.0.0.1]]:File not found: D:\Andamento\componente-unidsa-unigui\demo\Win32\Debug\style.css
UniDSADemo.exe: 00003E1C: 19:37:19 [HandleFileRequest[127.0.0.1]]:File not found: D:\Andamento\componente-unidsa-unigui\demo\Win32\Debug\logo.png
UniDSADemo.exe: 00001D94: 19:37:27 [HandleFileRequest[127.0.0.1]]:File not found: D:\Andamento\componente-unidsa-unigui\demo\Win32\Debug\favicon.ico
UniDSADemo.exe: 00001508: 19:37:50 [HandleFileRequest[127.0.0.1]]:File not found: D:\Andamento\componente-unidsa-unigui\demo\Win32\Debug\style.css
UniDSADemo.exe: 00003B74: 19:39:38 [HandleFileRequest[127.0.0.1]]:File not found: D:\Andamento\componente-unidsa-unigui\demo\Win32\Debug\style.css
UniDSADemo.exe: 00000BB4: 19:39:38 [HandleFileRequest[127.0.0.1]]:File not found: D:\Andamento\componente-unidsa-unigui\demo\Win32\Debug\logo.png
UniDSADemo.exe: 00000ECC: 19:39:44 [HandleFileRequest[127.0.0.1]]:File not found: D:\Andamento\componente-unidsa-unigui\demo\Win32\Debug\favicon.ico
UniDSADemo.exe: 00003834: 19:50:03 [TUniServerModule]:Shutting Down Server.
UniDSADemo.exe: 00003834: 19:50:03 [TUniServerModule]:Stopping HTTP Server.
UniDSADemo.exe: 00003834: 19:50:04 [TUniServerModule]:HTTP Server Stopped.
UniDSADemo.exe: 00003834: 19:50:04 [TUniGUISessionManager]:Terminating Session manager.
UniDSADemo.exe: 00003834: 19:50:04 [TUniGUISessionManager]:Stopping Cache Eraser...
UniDSADemo.exe: 00003834: 19:50:04 [TUniGUISessionManager]:Cache Eraser Stopped.
UniDSADemo.exe: 00003834: 19:50:04 [TUniGUISessionManager]:Destroying Worker Threads.
UniDSADemo.exe: 00003834: 19:50:04 [TUniGUISessionManager]:Session manager terminated.
UniDSADemo.exe: 00003834: 19:50:04 [TUniServerModule]:Server Shutdown Completed.
UniDSADemo.exe: 00003834: 19:50:04 []:<-------------------------------------------------------------->
UniDSADemo.exe: 00003834: 19:50:04 [Terminated]:Exit Code: 0
UniDSADemo.exe: 00003318: 19:50:07 []:>--------------------------------------------------------------<
UniDSADemo.exe: 00003318: 19:50:07 [TUniServerModule]:Server First Init.
UniDSADemo.exe: 00003318: 19:50:07 [TUniServerModule]:Start Path = D:\Andamento\componente-unidsa-unigui\demo\Win32\Debug\
UniDSADemo.exe: 00003318: 19:50:07 [TUniServerModule]:Debug Mode = ON
UniDSADemo.exe: 00003318: 19:50:07 [TUniServerModule]:Starting HTTP Server on Port: 8077...
UniDSADemo.exe: 00003318: 19:50:07 [TUniServerModule]:HTTP Server Started on Port: 8077
UniDSADemo.exe: 000026A0: 19:52:06 [HandleFileRequest[127.0.0.1]]:File not found: D:\Andamento\componente-unidsa-unigui\demo\Win32\Debug\favicon.ico
UniDSADemo.exe: 00003D74: 19:53:02 []:>--------------------------------------------------------------<
UniDSADemo.exe: 00003D74: 19:53:02 [TUniServerModule]:Server First Init.
UniDSADemo.exe: 00003D74: 19:53:02 [TUniServerModule]:Start Path = D:\Andamento\componente-unidsa-unigui\demo\Win32\Debug\
UniDSADemo.exe: 00003D74: 19:53:02 [TUniGUISessionManager]:Cache erase job created, Folder count: [3]
UniDSADemo.exe: 00003D74: 19:53:02 [TUniServerModule]:Starting HTTP Server on Port: 8077...
UniDSADemo.exe: 00003D74: 19:53:02 [TUniServerModule]:HTTP Server Started on Port: 8077
UniDSADemo.exe: 0000374C: 19:53:06 [127.0.0.1]:EUniSessionException : Invalid session or session Timeout. (Session not found: R6lfczabLN10B62AA38 ) : Addr: $0067DC0B
UniDSADemo.exe: 00003D74: 19:53:29 [TUniServerModule]:Shutting Down Server.
UniDSADemo.exe: 00003D74: 19:53:29 [TUniServerModule]:Stopping HTTP Server.
UniDSADemo.exe: 00003D74: 19:53:30 [TUniServerModule]:HTTP Server Stopped.
UniDSADemo.exe: 00003D74: 19:53:30 [TUniGUISessionManager]:Terminating Session manager.
UniDSADemo.exe: 00003D74: 19:53:30 [TUniGUISessionManager]:Stopping Cache Eraser...
UniDSADemo.exe: 00003D74: 19:53:30 [TUniGUISessionManager]:Cache Eraser Stopped.
UniDSADemo.exe: 00003D74: 19:53:30 [TUniGUISessionManager]:Destroying Worker Threads.
UniDSADemo.exe: 00003D74: 19:53:30 [TUniGUISessionManager]:Session manager terminated.
UniDSADemo.exe: 00003D74: 19:53:31 [TUniServerModule]:Server Shutdown Completed.
UniDSADemo.exe: 00003D74: 19:53:31 []:<-------------------------------------------------------------->
UniDSADemo.exe: 00003D74: 19:53:31 [Terminated]:Exit Code: 0
UniDSADemo.exe: 00000E68: 20:03:18 []:>--------------------------------------------------------------<
UniDSADemo.exe: 00000E68: 20:03:18 [TUniServerModule]:Server First Init.
UniDSADemo.exe: 00000E68: 20:03:18 [TUniServerModule]:Start Path = D:\Andamento\componente-unidsa-unigui\demo\Win32\Debug\
UniDSADemo.exe: 00000E68: 20:03:18 [TUniGUISessionManager]:Cache erase job created, Folder count: [2]
UniDSADemo.exe: 00000E68: 20:03:18 [TUniServerModule]:Starting HTTP Server on Port: 8077...
UniDSADemo.exe: 00000E68: 20:03:18 [TUniServerModule]:HTTP Server Started on Port: 8077
UniDSADemo.exe: 00000E68: 20:03:33 [TUniServerModule]:Shutting Down Server.
UniDSADemo.exe: 00000E68: 20:03:33 [TUniServerModule]:Stopping HTTP Server.
UniDSADemo.exe: 00000E68: 20:03:34 [TUniServerModule]:HTTP Server Stopped.
UniDSADemo.exe: 00000E68: 20:03:34 [TUniGUISessionManager]:Terminating Session manager.
UniDSADemo.exe: 00000E68: 20:03:34 [TUniGUISessionManager]:Stopping Cache Eraser...
UniDSADemo.exe: 00000E68: 20:03:34 [TUniGUISessionManager]:Cache Eraser Stopped.
UniDSADemo.exe: 00000E68: 20:03:34 [TUniGUISessionManager]:Destroying Worker Threads.
UniDSADemo.exe: 00000E68: 20:03:34 [TUniGUISessionManager]:Session manager terminated.
UniDSADemo.exe: 00000E68: 20:03:34 [TUniServerModule]:Server Shutdown Completed.
UniDSADemo.exe: 00000E68: 20:03:34 []:<-------------------------------------------------------------->
UniDSADemo.exe: 00000E68: 20:03:34 [Terminated]:Exit Code: 0
UniDSADemo.exe: 00001940: 20:06:54 []:>--------------------------------------------------------------<
UniDSADemo.exe: 00001940: 20:06:54 [TUniServerModule]:Server First Init.
UniDSADemo.exe: 00001940: 20:06:54 [TUniServerModule]:Start Path = D:\Andamento\componente-unidsa-unigui\demo\Win32\Debug\
UniDSADemo.exe: 00001940: 20:06:54 [TUniGUISessionManager]:Cache erase job created, Folder count: [1]
UniDSADemo.exe: 00001940: 20:06:54 [TUniServerModule]:Starting HTTP Server on Port: 8077...
UniDSADemo.exe: 00001940: 20:06:54 [TUniServerModule]:HTTP Server Started on Port: 8077
UniDSADemo.exe: 00001940: 20:07:06 [TUniServerModule]:Shutting Down Server.
UniDSADemo.exe: 00001940: 20:07:06 [TUniServerModule]:Stopping HTTP Server.
UniDSADemo.exe: 00001940: 20:07:07 [TUniServerModule]:HTTP Server Stopped.
UniDSADemo.exe: 00001940: 20:07:07 [TUniGUISessionManager]:Terminating Session manager.
UniDSADemo.exe: 00001940: 20:07:07 [TUniGUISessionManager]:Stopping Cache Eraser...
UniDSADemo.exe: 00001940: 20:07:07 [TUniGUISessionManager]:Cache Eraser Stopped.
UniDSADemo.exe: 00001940: 20:07:07 [TUniGUISessionManager]:Destroying Worker Threads.
UniDSADemo.exe: 00001940: 20:07:07 [TUniGUISessionManager]:Session manager terminated.
UniDSADemo.exe: 00001940: 20:07:07 [TUniServerModule]:Server Shutdown Completed.
UniDSADemo.exe: 00001940: 20:07:07 []:<-------------------------------------------------------------->
UniDSADemo.exe: 00001940: 20:07:07 [Terminated]:Exit Code: 0
UniDSADemo.exe: 00003930: 20:07:10 []:>--------------------------------------------------------------<
UniDSADemo.exe: 00003930: 20:07:10 [TUniServerModule]:Server First Init.
UniDSADemo.exe: 00003930: 20:07:10 [TUniServerModule]:Start Path = D:\Andamento\componente-unidsa-unigui\demo\Win32\Debug\
UniDSADemo.exe: 00003930: 20:07:10 [TUniGUISessionManager]:Cache erase job created, Folder count: [1]
UniDSADemo.exe: 00003930: 20:07:10 [TUniServerModule]:Starting HTTP Server on Port: 8077...
UniDSADemo.exe: 00003930: 20:07:10 [TUniServerModule]:HTTP Server Started on Port: 8077
UniDSADemo.exe: 0000181C: 20:07:11 [127.0.0.1]:EUniSessionException : Invalid session or session Timeout. (Session not found: pr2va9jnbi10B62AE45 ) : Addr: $00A1DC0B
UniDSADemo.exe: 00000DC4: 20:14:06 [HandleFileRequest[127.0.0.1]]:File not found: D:\Andamento\componente-unidsa-unigui\demo\Win32\Debug\widgets.html
UniDSADemo.exe: 000010D4: 20:14:23 [HandleFileRequest[127.0.0.1]]:File not found: D:\Andamento\componente-unidsa-unigui\demo\Win32\Debug\widgets.html
UniDSADemo.exe: 00003930: 21:42:13 [Exit]:Unexpected attempt to terminate server application with Exit Code: 0
