UniDSADemo.exe: 00001EA0: 20:47:42 []:>--------------------------------------------------------------<
UniDSADemo.exe: 00001EA0: 20:47:42 [TUniServerModule]:Server First Init.
UniDSADemo.exe: 00001EA0: 20:47:42 [TUniServerModule]:Start Path = E:\Embacadeiro\Repositorios\unidsa-unigui-delphi\demo\Win32\Debug\
UniDSADemo.exe: 00001EA0: 20:47:42 [TUniServerModule]:Starting HTTP Server on Port: 8077...
UniDSADemo.exe: 00001EA0: 20:47:42 [TUniServerModule]:HTTP Server Started on Port: 8077
UniDSADemo.exe: 00000D10: 20:52:48 []:>--------------------------------------------------------------<
UniDSADemo.exe: 00000D10: 20:52:48 [TUniServerModule]:Server First Init.
UniDSADemo.exe: 00000D10: 20:52:48 [TUniServerModule]:Start Path = E:\Embacadeiro\Repositorios\unidsa-unigui-delphi\demo\Win32\Debug\
UniDSADemo.exe: 00000D10: 20:52:48 [TUniGUISessionManager]:Cache erase job created, Folder count: [1]
UniDSADemo.exe: 00000D10: 20:52:49 [TUniServerModule]:Starting HTTP Server on Port: 8077...
UniDSADemo.exe: 00000D10: 20:52:49 [TUniServerModule]:HTTP Server Started on Port: 8077
UniDSADemo.exe: 00001FF4: 20:52:50 [127.0.0.1]:EUniSessionException : Invalid session or session Timeout. (Session not found: Jf4jQGEgy710D27E92C ) : Addr: $01103303
UniDSADemo.exe: 000038B0: 20:54:40 []:>--------------------------------------------------------------<
UniDSADemo.exe: 000038B0: 20:54:40 [TUniServerModule]:Server First Init.
UniDSADemo.exe: 000038B0: 20:54:40 [TUniServerModule]:Start Path = E:\Embacadeiro\Repositorios\unidsa-unigui-delphi\demo\Win32\Debug\
UniDSADemo.exe: 000038B0: 20:54:40 [TUniGUISessionManager]:Cache erase job created, Folder count: [1]
UniDSADemo.exe: 000038B0: 20:54:40 [TUniServerModule]:Starting HTTP Server on Port: 8077...
UniDSADemo.exe: 000038B0: 20:54:40 [TUniServerModule]:HTTP Server Started on Port: 8077
UniDSADemo.exe: 00003B6C: 20:54:40 [127.0.0.1]:EUniSessionException : Invalid session or session Timeout. (Session not found: 4sHppgmFxy10D27EA5B ) : Addr: $00AD3303
UniDSADemo.exe: 00002544: 20:55:15 []:>--------------------------------------------------------------<
UniDSADemo.exe: 00002544: 20:55:15 [TUniServerModule]:Server First Init.
UniDSADemo.exe: 00002544: 20:55:15 [TUniServerModule]:Start Path = E:\Embacadeiro\Repositorios\unidsa-unigui-delphi\demo\Win32\Debug\
UniDSADemo.exe: 00002544: 20:55:15 [TUniGUISessionManager]:Cache erase job created, Folder count: [1]
UniDSADemo.exe: 00002544: 20:55:15 [TUniServerModule]:Starting HTTP Server on Port: 8077...
UniDSADemo.exe: 00002544: 20:55:15 [TUniServerModule]:HTTP Server Started on Port: 8077
UniDSADemo.exe: 0000070C: 20:55:16 [127.0.0.1]:EUniSessionException : Invalid session or session Timeout. (Session not found: rQDheeyxX410D27EAE3 ) : Addr: $00B23303
UniDSADemo.exe: 000029D8: 20:55:47 []:>--------------------------------------------------------------<
UniDSADemo.exe: 000029D8: 20:55:47 [TUniServerModule]:Server First Init.
UniDSADemo.exe: 000029D8: 20:55:47 [TUniServerModule]:Start Path = E:\Embacadeiro\Repositorios\unidsa-unigui-delphi\demo\Win32\Debug\
UniDSADemo.exe: 000029D8: 20:55:47 [TUniGUISessionManager]:Cache erase job created, Folder count: [1]
UniDSADemo.exe: 000029D8: 20:55:47 [TUniServerModule]:Starting HTTP Server on Port: 8077...
UniDSADemo.exe: 000029D8: 20:55:47 [TUniServerModule]:HTTP Server Started on Port: 8077
UniDSADemo.exe: 00002EE8: 20:55:48 [127.0.0.1]:EUniSessionException : Invalid session or session Timeout. (Session not found: kEbaUbFuKM10D27EB0D ) : Addr: $01113303
UniDSADemo.exe: 000029D0: 20:57:33 []:>--------------------------------------------------------------<
UniDSADemo.exe: 000029D0: 20:57:33 [TUniServerModule]:Server First Init.
UniDSADemo.exe: 000029D0: 20:57:33 [TUniServerModule]:Start Path = E:\Embacadeiro\Repositorios\unidsa-unigui-delphi\demo\Win32\Debug\
UniDSADemo.exe: 000029D0: 20:57:33 [TUniGUISessionManager]:Cache erase job created, Folder count: [1]
UniDSADemo.exe: 000029D0: 20:57:33 [TUniServerModule]:Starting HTTP Server on Port: 8077...
UniDSADemo.exe: 000029D0: 20:57:33 [TUniServerModule]:HTTP Server Started on Port: 8077
UniDSADemo.exe: 000014F4: 20:57:33 [127.0.0.1]:EUniSessionException : Invalid session or session Timeout. (Session not found: LOHiFExiWL10D27EB4B ) : Addr: $010D3303
UniDSADemo.exe: 00003E38: 20:58:51 []:>--------------------------------------------------------------<
UniDSADemo.exe: 00003E38: 20:58:51 [TUniServerModule]:Server First Init.
UniDSADemo.exe: 00003E38: 20:58:51 [TUniServerModule]:Start Path = E:\Embacadeiro\Repositorios\unidsa-unigui-delphi\demo\Win32\Debug\
UniDSADemo.exe: 00003E38: 20:58:51 [TUniGUISessionManager]:Cache erase job created, Folder count: [1]
UniDSADemo.exe: 00003E38: 20:58:51 [TUniServerModule]:Starting HTTP Server on Port: 8077...
UniDSADemo.exe: 00003E38: 20:58:51 [TUniServerModule]:HTTP Server Started on Port: 8077
UniDSADemo.exe: 00003AE4: 20:58:52 [127.0.0.1]:EUniSessionException : Invalid session or session Timeout. (Session not found: 1tWetgK4yo10D27EBED ) : Addr: $00E83303
UniDSADemo.exe: 00001A74: 20:58:52 [127.0.0.1]:EUniSessionException : Invalid session or session Timeout. (Session not found: 1tWetgK4yo10D27EBED ) : Addr: $00E83303
UniDSADemo.exe: 00003E88: 20:59:09 []:>--------------------------------------------------------------<
UniDSADemo.exe: 00003E88: 20:59:09 [TUniServerModule]:Server First Init.
UniDSADemo.exe: 00003E88: 20:59:09 [TUniServerModule]:Start Path = E:\Embacadeiro\Repositorios\unidsa-unigui-delphi\demo\Win32\Debug\
UniDSADemo.exe: 00003E88: 20:59:09 [TUniGUISessionManager]:Cache erase job created, Folder count: [1]
UniDSADemo.exe: 00003E88: 20:59:09 [TUniServerModule]:Starting HTTP Server on Port: 8077...
UniDSADemo.exe: 00003E88: 20:59:09 [TUniServerModule]:HTTP Server Started on Port: 8077
UniDSADemo.exe: 00000E9C: 20:59:11 [127.0.0.1]:EUniSessionException : Invalid session or session Timeout. (Session not found: L933ruAJKQ10D27EBFE ) : Addr: $004C3303
UniDSADemo.exe: 00001BBC: 20:59:21 []:>--------------------------------------------------------------<
UniDSADemo.exe: 00001BBC: 20:59:21 [TUniServerModule]:Server First Init.
UniDSADemo.exe: 00001BBC: 20:59:21 [TUniServerModule]:Start Path = E:\Embacadeiro\Repositorios\unidsa-unigui-delphi\demo\Win32\Debug\
UniDSADemo.exe: 00001BBC: 20:59:21 [TUniGUISessionManager]:Cache erase job created, Folder count: [1]
UniDSADemo.exe: 00001BBC: 20:59:21 [TUniServerModule]:Starting HTTP Server on Port: 8077...
UniDSADemo.exe: 00001BBC: 20:59:21 [TUniServerModule]:HTTP Server Started on Port: 8077
UniDSADemo.exe: 0000092C: 20:59:22 [127.0.0.1]:EUniSessionException : Invalid session or session Timeout. (Session not found: XwDSQaOaiY10D27EC14 ) : Addr: $00A53303
UniDSADemo.exe: 000000F0: 20:59:32 []:>--------------------------------------------------------------<
UniDSADemo.exe: 000000F0: 20:59:32 [TUniServerModule]:Server First Init.
UniDSADemo.exe: 000000F0: 20:59:32 [TUniServerModule]:Start Path = E:\Embacadeiro\Repositorios\unidsa-unigui-delphi\demo\Win32\Debug\
UniDSADemo.exe: 000000F0: 20:59:32 [TUniGUISessionManager]:Cache erase job created, Folder count: [1]
UniDSADemo.exe: 000000F0: 20:59:32 [TUniServerModule]:Starting HTTP Server on Port: 8077...
UniDSADemo.exe: 000000F0: 20:59:32 [TUniServerModule]:HTTP Server Started on Port: 8077
UniDSADemo.exe: 00002254: 20:59:33 [127.0.0.1]:EUniSessionException : Invalid session or session Timeout. (Session not found: Ei2qjIg51210D27EC21 ) : Addr: $00603303
UniDSADemo.exe: 00002E00: 20:59:56 []:>--------------------------------------------------------------<
UniDSADemo.exe: 00002E00: 20:59:56 [TUniServerModule]:Server First Init.
UniDSADemo.exe: 00002E00: 20:59:56 [TUniServerModule]:Start Path = E:\Embacadeiro\Repositorios\unidsa-unigui-delphi\demo\Win32\Debug\
UniDSADemo.exe: 00002E00: 20:59:56 [TUniGUISessionManager]:Cache erase job created, Folder count: [1]
UniDSADemo.exe: 00002E00: 20:59:56 [TUniServerModule]:Starting HTTP Server on Port: 8077...
UniDSADemo.exe: 00002E00: 20:59:56 [TUniServerModule]:HTTP Server Started on Port: 8077
UniDSADemo.exe: 0000255C: 20:59:57 [127.0.0.1]:EUniSessionException : Invalid session or session Timeout. (Session not found: NLRyopjoz110D27EC2D ) : Addr: $00E93303
UniDSADemo.exe: 0000310C: 21:00:09 []:>--------------------------------------------------------------<
UniDSADemo.exe: 0000310C: 21:00:09 [TUniServerModule]:Server First Init.
UniDSADemo.exe: 0000310C: 21:00:09 [TUniServerModule]:Start Path = E:\Embacadeiro\Repositorios\unidsa-unigui-delphi\demo\Win32\Debug\
UniDSADemo.exe: 0000310C: 21:00:09 [TUniGUISessionManager]:Cache erase job created, Folder count: [1]
UniDSADemo.exe: 0000310C: 21:00:09 [TUniServerModule]:Starting HTTP Server on Port: 8077...
UniDSADemo.exe: 0000310C: 21:00:09 [TUniServerModule]:HTTP Server Started on Port: 8077
UniDSADemo.exe: 00002888: 21:00:11 [127.0.0.1]:EUniSessionException : Invalid session or session Timeout. (Session not found: LZpShpThcd10D27EC49 ) : Addr: $00673303
UniDSADemo.exe: 000036E8: 21:00:23 []:>--------------------------------------------------------------<
UniDSADemo.exe: 000036E8: 21:00:23 [TUniServerModule]:Server First Init.
UniDSADemo.exe: 000036E8: 21:00:23 [TUniServerModule]:Start Path = E:\Embacadeiro\Repositorios\unidsa-unigui-delphi\demo\Win32\Debug\
UniDSADemo.exe: 000036E8: 21:00:23 [TUniGUISessionManager]:Cache erase job created, Folder count: [1]
UniDSADemo.exe: 000036E8: 21:00:23 [TUniServerModule]:Starting HTTP Server on Port: 8077...
UniDSADemo.exe: 000036E8: 21:00:23 [TUniServerModule]:HTTP Server Started on Port: 8077
UniDSADemo.exe: 00002B98: 21:00:24 [127.0.0.1]:EUniSessionException : Invalid session or session Timeout. (Session not found: 7OF1xRRcho10D27EC59 ) : Addr: $00C43303
UniDSADemo.exe: 00002C90: 21:00:24 [127.0.0.1]:EUniSessionException : Invalid session or session Timeout. (Session not found: 7OF1xRRcho10D27EC59 ) : Addr: $00C43303
UniDSADemo.exe: 000018CC: 21:00:33 []:>--------------------------------------------------------------<
UniDSADemo.exe: 000018CC: 21:00:33 [TUniServerModule]:Server First Init.
UniDSADemo.exe: 000018CC: 21:00:33 [TUniServerModule]:Start Path = E:\Embacadeiro\Repositorios\unidsa-unigui-delphi\demo\Win32\Debug\
UniDSADemo.exe: 000018CC: 21:00:33 [TUniGUISessionManager]:Cache erase job created, Folder count: [1]
UniDSADemo.exe: 000018CC: 21:00:33 [TUniServerModule]:Starting HTTP Server on Port: 8077...
UniDSADemo.exe: 000018CC: 21:00:33 [TUniServerModule]:HTTP Server Started on Port: 8077
UniDSADemo.exe: 00003314: 21:00:35 [127.0.0.1]:EUniSessionException : Invalid session or session Timeout. (Session not found: sQw1v9TInL10D27EC68 ) : Addr: $00973303
UniDSADemo.exe: 00003314: 21:00:35 [HandleFileRequest[127.0.0.1]]:File not found: C:\Program Files (x86)\FMSoft\Framework\unigui\ext-7.5.1\build\classic\theme-graphite\resources\fonts\OpenSans-Bold.ttf
UniDSADemo.exe: 00001EDC: 21:00:35 [HandleFileRequest[127.0.0.1]]:File not found: C:\Program Files (x86)\FMSoft\Framework\unigui\ext-7.5.1\build\classic\theme-graphite\resources\fonts\OpenSans-Regular.ttf
UniDSADemo.exe: 00000678: 21:00:44 []:>--------------------------------------------------------------<
UniDSADemo.exe: 00000678: 21:00:44 [TUniServerModule]:Server First Init.
UniDSADemo.exe: 00000678: 21:00:44 [TUniServerModule]:Start Path = E:\Embacadeiro\Repositorios\unidsa-unigui-delphi\demo\Win32\Debug\
UniDSADemo.exe: 00000678: 21:00:44 [TUniGUISessionManager]:Cache erase job created, Folder count: [1]
UniDSADemo.exe: 00000678: 21:00:44 [TUniServerModule]:Starting HTTP Server on Port: 8077...
UniDSADemo.exe: 00000678: 21:00:44 [TUniServerModule]:HTTP Server Started on Port: 8077
UniDSADemo.exe: 00002874: 21:00:45 [127.0.0.1]:EUniSessionException : Invalid session or session Timeout. (Session not found: EuhMWdCMhP10D27EC75 ) : Addr: $00273303
UniDSADemo.exe: 00003AA8: 21:00:52 []:>--------------------------------------------------------------<
UniDSADemo.exe: 00003AA8: 21:00:52 [TUniServerModule]:Server First Init.
UniDSADemo.exe: 00003AA8: 21:00:52 [TUniServerModule]:Start Path = E:\Embacadeiro\Repositorios\unidsa-unigui-delphi\demo\Win32\Debug\
UniDSADemo.exe: 00003AA8: 21:00:52 [TUniGUISessionManager]:Cache erase job created, Folder count: [1]
UniDSADemo.exe: 00003AA8: 21:00:52 [TUniServerModule]:Starting HTTP Server on Port: 8077...
UniDSADemo.exe: 00003AA8: 21:00:52 [TUniServerModule]:HTTP Server Started on Port: 8077
UniDSADemo.exe: 00002738: 21:00:54 [127.0.0.1]:EUniSessionException : Invalid session or session Timeout. (Session not found: IkfdqEzaqV10D27EC81 ) : Addr: $00583303
UniDSADemo.exe: 0000087C: 21:00:54 [127.0.0.1]:EUniSessionException : Invalid session or session Timeout. (Session not found: IkfdqEzaqV10D27EC81 ) : Addr: $00583303
UniDSADemo.exe: 000036C8: 21:01:14 []:>--------------------------------------------------------------<
UniDSADemo.exe: 000036C8: 21:01:14 [TUniServerModule]:Server First Init.
UniDSADemo.exe: 000036C8: 21:01:14 [TUniServerModule]:Start Path = E:\Embacadeiro\Repositorios\unidsa-unigui-delphi\demo\Win32\Debug\
UniDSADemo.exe: 000036C8: 21:01:14 [TUniGUISessionManager]:Cache erase job created, Folder count: [1]
UniDSADemo.exe: 000036C8: 21:01:14 [TUniServerModule]:Starting HTTP Server on Port: 8077...
UniDSADemo.exe: 000036C8: 21:01:14 [TUniServerModule]:HTTP Server Started on Port: 8077
UniDSADemo.exe: 000008A8: 21:01:15 [127.0.0.1]:EUniSessionException : Invalid session or session Timeout. (Session not found: NITnjAxajH10D27EC8B ) : Addr: $003E3303
UniDSADemo.exe: 0000316C: 21:01:38 []:>--------------------------------------------------------------<
UniDSADemo.exe: 0000316C: 21:01:38 [TUniServerModule]:Server First Init.
UniDSADemo.exe: 0000316C: 21:01:38 [TUniServerModule]:Start Path = E:\Embacadeiro\Repositorios\unidsa-unigui-delphi\demo\Win32\Debug\
UniDSADemo.exe: 0000316C: 21:01:38 [TUniGUISessionManager]:Cache erase job created, Folder count: [1]
UniDSADemo.exe: 0000316C: 21:01:38 [TUniServerModule]:Starting HTTP Server on Port: 8077...
UniDSADemo.exe: 0000316C: 21:01:38 [TUniServerModule]:HTTP Server Started on Port: 8077
UniDSADemo.exe: 0000037C: 21:01:39 [127.0.0.1]:EUniSessionException : Invalid session or session Timeout. (Session not found: PtpLPMOOUE10D27ECA3 ) : Addr: $006E3303
UniDSADemo.exe: 00002A10: 21:01:54 []:>--------------------------------------------------------------<
UniDSADemo.exe: 00002A10: 21:01:54 [TUniServerModule]:Server First Init.
UniDSADemo.exe: 00002A10: 21:01:54 [TUniServerModule]:Start Path = E:\Embacadeiro\Repositorios\unidsa-unigui-delphi\demo\Win32\Debug\
UniDSADemo.exe: 00002A10: 21:01:54 [TUniGUISessionManager]:Cache erase job created, Folder count: [1]
UniDSADemo.exe: 00002A10: 21:01:54 [TUniServerModule]:Starting HTTP Server on Port: 8077...
UniDSADemo.exe: 00002A10: 21:01:54 [TUniServerModule]:HTTP Server Started on Port: 8077
UniDSADemo.exe: 00002074: 21:01:56 [127.0.0.1]:EUniSessionException : Invalid session or session Timeout. (Session not found: vFQ8ikYypr10D27ECBF ) : Addr: $00293303
UniDSADemo.exe: 00002690: 21:02:20 []:>--------------------------------------------------------------<
UniDSADemo.exe: 00002690: 21:02:20 [TUniServerModule]:Server First Init.
UniDSADemo.exe: 00002690: 21:02:20 [TUniServerModule]:Start Path = E:\Embacadeiro\Repositorios\unidsa-unigui-delphi\demo\Win32\Debug\
UniDSADemo.exe: 00002690: 21:02:20 [TUniGUISessionManager]:Cache erase job created, Folder count: [1]
UniDSADemo.exe: 00002690: 21:02:20 [TUniServerModule]:Starting HTTP Server on Port: 8077...
UniDSADemo.exe: 00002690: 21:02:20 [TUniServerModule]:HTTP Server Started on Port: 8077
UniDSADemo.exe: 00001644: 21:02:21 [127.0.0.1]:EUniSessionException : Invalid session or session Timeout. (Session not found: xCuO4mZxK210D27ECD3 ) : Addr: $00823303
UniDSADemo.exe: 000019B0: 21:24:05 []:>--------------------------------------------------------------<
UniDSADemo.exe: 000019B0: 21:24:05 [TUniServerModule]:Server First Init.
UniDSADemo.exe: 000019B0: 21:24:05 [TUniServerModule]:Start Path = E:\Embacadeiro\Repositorios\unidsa-unigui-delphi\demo\Win32\Debug\
UniDSADemo.exe: 000019B0: 21:24:05 [TUniServerModule]:Starting HTTP Server on Port: 8077...
UniDSADemo.exe: 000019B0: 21:24:05 [TUniServerModule]:HTTP Server Started on Port: 8077
UniDSADemo.exe: 00003454: 21:24:06 [127.0.0.1]:EUniSessionException : Invalid session or session Timeout. (Session not found: YzOKXGAX9c10D27ECEF ) : Addr: $00C93303
UniDSADemo.exe: 00003DC0: 21:25:58 []:>--------------------------------------------------------------<
UniDSADemo.exe: 00003DC0: 21:25:58 [TUniServerModule]:Server First Init.
UniDSADemo.exe: 00003DC0: 21:25:58 [TUniServerModule]:Start Path = E:\Embacadeiro\Repositorios\unidsa-unigui-delphi\demo\Win32\Debug\
UniDSADemo.exe: 00003DC0: 21:25:58 [TUniGUISessionManager]:Cache erase job created, Folder count: [1]
UniDSADemo.exe: 00003DC0: 21:25:58 [TUniServerModule]:Starting HTTP Server on Port: 8077...
UniDSADemo.exe: 00003DC0: 21:25:58 [InitWebServer]:EIdCouldNotBindSocket : Could not bind socket. : Addr: $00B31217
UniDSADemo.exe: 000019B0: 21:26:04 [TUniServerModule]:Shutting Down Server.
UniDSADemo.exe: 000019B0: 21:26:04 [TUniServerModule]:Stopping HTTP Server.
UniDSADemo.exe: 000019B0: 21:26:05 [TUniServerModule]:HTTP Server Stopped.
UniDSADemo.exe: 000019B0: 21:26:05 [TUniGUISessionManager]:Terminating Session manager.
UniDSADemo.exe: 000019B0: 21:26:05 [TUniGUISessionManager]:Stopping Cache Eraser...
UniDSADemo.exe: 000019B0: 21:26:05 [TUniGUISessionManager]:Cache Eraser Stopped.
UniDSADemo.exe: 000019B0: 21:26:05 [TUniGUISessionManager]:Destroying Worker Threads.
UniDSADemo.exe: 000019B0: 21:26:05 [TUniGUISessionManager]:Session manager terminated.
UniDSADemo.exe: 000019B0: 21:26:05 [TUniWebSocketStack]:Terminating...
UniDSADemo.exe: 000019B0: 21:26:05 [TUniGUIMessageQ]:Terminated.
UniDSADemo.exe: 000019B0: 21:26:05 [TUniWebSocketStack]:Terminated.
UniDSADemo.exe: 000019B0: 21:26:05 [TUniServerModule]:Server Shutdown Completed.
UniDSADemo.exe: 000019B0: 21:26:05 []:<-------------------------------------------------------------->
UniDSADemo.exe: 000019B0: 21:26:05 [Terminated]:Exit Code: 0
UniDSADemo.exe: 00003DC0: 21:26:06 [TUniServerModule]:HTTP Server Stopped.
UniDSADemo.exe: 00003DC0: 21:26:06 [TUniGUISessionManager]:Terminating Session manager.
UniDSADemo.exe: 00003DC0: 21:26:06 [TUniGUISessionManager]:Stopping Cache Eraser...
UniDSADemo.exe: 00003DC0: 21:26:06 [TUniGUISessionManager]:Cache Eraser Stopped.
UniDSADemo.exe: 00003DC0: 21:26:06 [TUniGUISessionManager]:Destroying Worker Threads.
UniDSADemo.exe: 00003DC0: 21:26:06 [TUniGUISessionManager]:Session manager terminated.
UniDSADemo.exe: 00003DC0: 21:26:06 [TUniWebSocketStack]:Terminating...
UniDSADemo.exe: 00003DC0: 21:26:06 [TUniGUIMessageQ]:Terminated.
UniDSADemo.exe: 00003DC0: 21:26:06 [TUniWebSocketStack]:Terminated.
UniDSADemo.exe: 00003DC0: 21:26:06 [TUniServerModule]:Server Shutdown Completed.
UniDSADemo.exe: 00003DC0: 21:26:06 []:<-------------------------------------------------------------->
UniDSADemo.exe: 00003DC0: 21:26:06 [Terminated]:Exit Code: 0
UniDSADemo.exe: 00003DAC: 21:26:13 []:>--------------------------------------------------------------<
UniDSADemo.exe: 00003DAC: 21:26:13 [TUniServerModule]:Server First Init.
UniDSADemo.exe: 00003DAC: 21:26:13 [TUniServerModule]:Start Path = E:\Embacadeiro\Repositorios\unidsa-unigui-delphi\demo\Win32\Debug\
UniDSADemo.exe: 00003DAC: 21:26:13 [TUniServerModule]:Starting HTTP Server on Port: 8077...
UniDSADemo.exe: 00003DAC: 21:26:13 [TUniServerModule]:HTTP Server Started on Port: 8077
UniDSADemo.exe: 00000720: 21:26:14 [127.0.0.1]:EUniSessionException : Invalid session or session Timeout. (Session not found: qNcAQsgoCs10D27F2E8 ) : Addr: $00513303
UniDSADemo.exe: 000013D4: 21:27:31 []:>--------------------------------------------------------------<
UniDSADemo.exe: 000013D4: 21:27:31 [TUniServerModule]:Server First Init.
UniDSADemo.exe: 000013D4: 21:27:31 [TUniServerModule]:Start Path = E:\Embacadeiro\Repositorios\unidsa-unigui-delphi\demo\Win32\Debug\
UniDSADemo.exe: 000013D4: 21:27:31 [TUniGUISessionManager]:Cache erase job created, Folder count: [1]
UniDSADemo.exe: 000013D4: 21:27:31 [TUniServerModule]:Starting HTTP Server on Port: 8077...
UniDSADemo.exe: 000013D4: 21:27:31 [TUniServerModule]:HTTP Server Started on Port: 8077
UniDSADemo.exe: 00003E54: 21:27:32 [127.0.0.1]:EUniSessionException : Invalid session or session Timeout. (Session not found: rARWMevnnw10D27F36A ) : Addr: $00203303
UniDSADemo.exe: 0000222C: 21:27:51 []:>--------------------------------------------------------------<
UniDSADemo.exe: 0000222C: 21:27:51 [TUniServerModule]:Server First Init.
UniDSADemo.exe: 0000222C: 21:27:51 [TUniServerModule]:Start Path = E:\Embacadeiro\Repositorios\unidsa-unigui-delphi\demo\Win32\Debug\
UniDSADemo.exe: 0000222C: 21:27:51 [TUniGUISessionManager]:Cache erase job created, Folder count: [1]
UniDSADemo.exe: 0000222C: 21:27:51 [TUniServerModule]:Starting HTTP Server on Port: 8077...
UniDSADemo.exe: 0000222C: 21:27:51 [TUniServerModule]:HTTP Server Started on Port: 8077
UniDSADemo.exe: 000035D0: 21:27:51 [127.0.0.1]:EUniSessionException : Invalid session or session Timeout. (Session not found: ybDVO9snRN10D27F3C5 ) : Addr: $004C3303
UniDSADemo.exe: 000037B0: 21:35:37 []:>--------------------------------------------------------------<
UniDSADemo.exe: 000037B0: 21:35:37 [TUniServerModule]:Server First Init.
UniDSADemo.exe: 000037B0: 21:35:38 [TUniServerModule]:Start Path = E:\Embacadeiro\Repositorios\unidsa-unigui-delphi\demo\Win32\Debug\
UniDSADemo.exe: 000037B0: 21:35:38 [TUniGUISessionManager]:Cache erase job created, Folder count: [1]
UniDSADemo.exe: 000037B0: 21:35:38 [TUniServerModule]:Starting HTTP Server on Port: 8077...
UniDSADemo.exe: 000037B0: 21:35:38 [TUniServerModule]:HTTP Server Started on Port: 8077
UniDSADemo.exe: 00002ACC: 21:35:38 [127.0.0.1]:EUniSessionException : Invalid session or session Timeout. (Session not found: TyfO75njhh10D27F3DB ) : Addr: $01023303
UniDSADemo.exe: 00002ACC: 21:35:38 [127.0.0.1]:EUniSessionException : Invalid session or session Timeout. (Session not found: TyfO75njhh10D27F3DB ) : Addr: $01023303
UniDSADemo.exe: 0000059C: 21:36:51 []:>--------------------------------------------------------------<
UniDSADemo.exe: 0000059C: 21:36:51 [TUniServerModule]:Server First Init.
UniDSADemo.exe: 0000059C: 21:36:51 [TUniServerModule]:Start Path = E:\Embacadeiro\Repositorios\unidsa-unigui-delphi\demo\Win32\Debug\
UniDSADemo.exe: 0000059C: 21:36:51 [TUniGUISessionManager]:Cache erase job created, Folder count: [1]
UniDSADemo.exe: 0000059C: 21:36:51 [TUniServerModule]:Starting HTTP Server on Port: 8077...
UniDSADemo.exe: 0000059C: 21:36:51 [TUniServerModule]:HTTP Server Started on Port: 8077
UniDSADemo.exe: 000033AC: 21:36:52 [127.0.0.1]:EUniSessionException : Invalid session or session Timeout. (Session not found: pK39yUBm7d10D27F5F7 ) : Addr: $005D3303
UniDSADemo.exe: 00002434: 21:38:38 []:>--------------------------------------------------------------<
UniDSADemo.exe: 00002434: 21:38:38 [TUniServerModule]:Server First Init.
UniDSADemo.exe: 00002434: 21:38:38 [TUniServerModule]:Start Path = E:\Embacadeiro\Repositorios\unidsa-unigui-delphi\demo\Win32\Debug\
UniDSADemo.exe: 00002434: 21:38:38 [TUniGUISessionManager]:Cache erase job created, Folder count: [1]
UniDSADemo.exe: 00002434: 21:38:38 [TUniServerModule]:Starting HTTP Server on Port: 8077...
UniDSADemo.exe: 00002434: 21:38:38 [TUniServerModule]:HTTP Server Started on Port: 8077
UniDSADemo.exe: 00002BBC: 21:38:39 [127.0.0.1]:EUniSessionException : Invalid session or session Timeout. (Session not found: 99Z3WOAZIl10D27F64C ) : Addr: $01173303
UniDSADemo.exe: 000028F4: 21:39:22 []:>--------------------------------------------------------------<
UniDSADemo.exe: 000028F4: 21:39:22 [TUniServerModule]:Server First Init.
UniDSADemo.exe: 000028F4: 21:39:22 [TUniServerModule]:Start Path = E:\Embacadeiro\Repositorios\unidsa-unigui-delphi\demo\Win32\Debug\
UniDSADemo.exe: 000028F4: 21:39:22 [TUniGUISessionManager]:Cache erase job created, Folder count: [1]
UniDSADemo.exe: 000028F4: 21:39:22 [TUniServerModule]:Starting HTTP Server on Port: 8077...
UniDSADemo.exe: 000028F4: 21:39:22 [TUniServerModule]:HTTP Server Started on Port: 8077
UniDSADemo.exe: 00001E1C: 21:39:22 [127.0.0.1]:EUniSessionException : Invalid session or session Timeout. (Session not found: L8se129lS510D27F6D2 ) : Addr: $00393303
UniDSADemo.exe: 00001E1C: 21:39:22 [127.0.0.1]:EUniSessionException : Invalid session or session Timeout. (Session not found: L8se129lS510D27F6D2 ) : Addr: $00393303
UniDSADemo.exe: 000023E4: 21:39:22 [127.0.0.1]:EUniSessionException : Invalid session or session Timeout. (Session not found: L8se129lS510D27F6D2 ) : Addr: $00393303
UniDSADemo.exe: 00001E1C: 21:39:22 [127.0.0.1]:EUniSessionException : Invalid session or session Timeout. (Session not found: L8se129lS510D27F6D2 ) : Addr: $00393303
UniDSADemo.exe: 000023E4: 21:39:22 [127.0.0.1]:EUniSessionException : Invalid session or session Timeout. (Session not found: L8se129lS510D27F6D2 ) : Addr: $00393303
UniDSADemo.exe: 00001E1C: 21:39:22 [127.0.0.1]:EUniSessionException : Invalid session or session Timeout. (Session not found: L8se129lS510D27F6D2 ) : Addr: $00393303
UniDSADemo.exe: 000023E4: 21:39:22 [127.0.0.1]:EUniSessionException : Invalid session or session Timeout. (Session not found: L8se129lS510D27F6D2 ) : Addr: $00393303
UniDSADemo.exe: 00003854: 21:39:22 [127.0.0.1]:EUniSessionException : Invalid session or session Timeout. (Session not found: L8se129lS510D27F6D2 ) : Addr: $00393303
UniDSADemo.exe: 00001E1C: 21:39:22 [127.0.0.1]:EUniSessionException : Invalid session or session Timeout. (Session not found: L8se129lS510D27F6D2 ) : Addr: $00393303
UniDSADemo.exe: 000023E4: 21:39:22 [127.0.0.1]:EUniSessionException : Invalid session or session Timeout. (Session not found: L8se129lS510D27F6D2 ) : Addr: $00393303
UniDSADemo.exe: 00003854: 21:39:22 [127.0.0.1]:EUniSessionException : Invalid session or session Timeout. (Session not found: L8se129lS510D27F6D2 ) : Addr: $00393303
UniDSADemo.exe: 000027DC: 21:43:26 []:>--------------------------------------------------------------<
UniDSADemo.exe: 000027DC: 21:43:26 [TUniServerModule]:Server First Init.
UniDSADemo.exe: 000027DC: 21:43:26 [TUniServerModule]:Start Path = E:\Embacadeiro\Repositorios\unidsa-unigui-delphi\demo\Win32\Debug\
UniDSADemo.exe: 000027DC: 21:43:26 [TUniGUISessionManager]:Cache erase job created, Folder count: [1]
UniDSADemo.exe: 000027DC: 21:43:26 [TUniServerModule]:Starting HTTP Server on Port: 8077...
UniDSADemo.exe: 000027DC: 21:43:26 [TUniServerModule]:HTTP Server Started on Port: 8077
UniDSADemo.exe: 00000AD8: 21:43:28 [127.0.0.1]:EUniSessionException : Invalid session or session Timeout. (Session not found: JVYEHdYlKu10D27F6FB ) : Addr: $00BA3303
UniDSADemo.exe: 000015F0: 21:43:28 [127.0.0.1]:EUniSessionException : Invalid session or session Timeout. (Session not found: JVYEHdYlKu10D27F6FB ) : Addr: $00BA3303
UniDSADemo.exe: 000030E4: 21:43:46 []:>--------------------------------------------------------------<
UniDSADemo.exe: 000030E4: 21:43:46 [TUniServerModule]:Server First Init.
UniDSADemo.exe: 000030E4: 21:43:46 [TUniServerModule]:Start Path = E:\Embacadeiro\Repositorios\unidsa-unigui-delphi\demo\Win32\Debug\
UniDSADemo.exe: 000030E4: 21:43:46 [TUniServerModule]:Debug Mode = ON
UniDSADemo.exe: 000030E4: 21:43:46 [TUniGUISessionManager]:Cache erase job created, Folder count: [1]
UniDSADemo.exe: 000030E4: 21:43:46 [TUniServerModule]:Starting HTTP Server on Port: 8077...
UniDSADemo.exe: 000030E4: 21:43:49 [InitWebServer]:EIdCouldNotBindSocket : Could not bind socket. : Addr: $00A41217
UniDSADemo.exe: 000027DC: 21:43:56 [TUniServerModule]:Shutting Down Server.
UniDSADemo.exe: 000027DC: 21:43:56 [TUniServerModule]:Stopping HTTP Server.
UniDSADemo.exe: 000027DC: 21:43:57 [TUniServerModule]:HTTP Server Stopped.
UniDSADemo.exe: 000027DC: 21:43:57 [TUniGUISessionManager]:Terminating Session manager.
UniDSADemo.exe: 000027DC: 21:43:57 [TUniGUISessionManager]:Stopping Cache Eraser...
UniDSADemo.exe: 000027DC: 21:43:57 [TUniGUISessionManager]:Cache Eraser Stopped.
UniDSADemo.exe: 000027DC: 21:43:57 [TUniGUISessionManager]:Destroying Worker Threads.
UniDSADemo.exe: 000027DC: 21:43:57 [TUniGUISessionManager]:Session manager terminated.
UniDSADemo.exe: 000027DC: 21:43:57 [TUniWebSocketStack]:Terminating...
UniDSADemo.exe: 000027DC: 21:43:57 [TUniGUIMessageQ]:Terminated.
UniDSADemo.exe: 000027DC: 21:43:57 [TUniWebSocketStack]:Terminated.
UniDSADemo.exe: 000027DC: 21:43:57 [TUniServerModule]:Server Shutdown Completed.
UniDSADemo.exe: 000027DC: 21:43:57 []:<-------------------------------------------------------------->
UniDSADemo.exe: 000027DC: 21:43:57 [Terminated]:Exit Code: 0
UniDSADemo.exe: 000030E4: 21:43:57 [TUniServerModule]:HTTP Server Stopped.
UniDSADemo.exe: 000030E4: 21:43:57 [TUniGUISessionManager]:Terminating Session manager.
UniDSADemo.exe: 000030E4: 21:43:57 [TUniGUISessionManager]:Stopping Cache Eraser...
UniDSADemo.exe: 000030E4: 21:43:57 [TUniGUISessionManager]:Cache Eraser Stopped.
UniDSADemo.exe: 000030E4: 21:43:57 [TUniGUISessionManager]:Destroying Worker Threads.
UniDSADemo.exe: 000030E4: 21:43:58 [TUniGUISessionManager]:Session manager terminated.
UniDSADemo.exe: 000030E4: 21:43:58 [TUniWebSocketStack]:Terminating...
UniDSADemo.exe: 000030E4: 21:43:58 [TUniGUIMessageQ]:Terminated.
UniDSADemo.exe: 000030E4: 21:43:58 [TUniWebSocketStack]:Terminated.
UniDSADemo.exe: 000030E4: 21:43:58 [TUniServerModule]:Server Shutdown Completed.
UniDSADemo.exe: 000030E4: 21:43:58 []:<-------------------------------------------------------------->
UniDSADemo.exe: 000030E4: 21:43:58 [Terminated]:Exit Code: 0
UniDSADemo.exe: 0000193C: 21:44:01 []:>--------------------------------------------------------------<
UniDSADemo.exe: 0000193C: 21:44:01 [TUniServerModule]:Server First Init.
UniDSADemo.exe: 0000193C: 21:44:01 [TUniServerModule]:Start Path = E:\Embacadeiro\Repositorios\unidsa-unigui-delphi\demo\Win32\Debug\
UniDSADemo.exe: 0000193C: 21:44:01 [TUniServerModule]:Debug Mode = ON
UniDSADemo.exe: 0000193C: 21:44:01 [TUniServerModule]:Starting HTTP Server on Port: 8077...
UniDSADemo.exe: 0000193C: 21:44:01 [TUniServerModule]:HTTP Server Started on Port: 8077
UniDSADemo.exe: 000030A4: 21:44:05 [127.0.0.1]:EUniSessionException : Invalid session or session Timeout. (Session not found: esXepu4hQL10D27F817 ) : Addr: $00BA3303
UniDSADemo.exe: 000029AC: 21:46:54 []:>--------------------------------------------------------------<
UniDSADemo.exe: 000029AC: 21:46:54 [TUniServerModule]:Server First Init.
UniDSADemo.exe: 000029AC: 21:46:54 [TUniServerModule]:Start Path = E:\Embacadeiro\Repositorios\unidsa-unigui-delphi\demo\Win32\Debug\
UniDSADemo.exe: 000029AC: 21:46:54 [TUniGUISessionManager]:Cache erase job created, Folder count: [1]
UniDSADemo.exe: 000029AC: 21:46:54 [TUniServerModule]:Starting HTTP Server on Port: 8077...
UniDSADemo.exe: 000029AC: 21:46:54 [TUniServerModule]:HTTP Server Started on Port: 8077
UniDSADemo.exe: 0000332C: 21:46:54 [127.0.0.1]:EUniSessionException : Invalid session or session Timeout. (Session not found: O1o4ip8lnV10D27F840 ) : Addr: $00A53303
UniDSADemo.exe: 0000332C: 21:46:54 [127.0.0.1]:EUniSessionException : Invalid session or session Timeout. (Session not found: O1o4ip8lnV10D27F840 ) : Addr: $00A53303
UniDSADemo.exe: 000002DC: 21:47:37 []:>--------------------------------------------------------------<
UniDSADemo.exe: 000002DC: 21:47:37 [TUniServerModule]:Server First Init.
UniDSADemo.exe: 000002DC: 21:47:37 [TUniServerModule]:Start Path = E:\Embacadeiro\Repositorios\unidsa-unigui-delphi\demo\Win32\Debug\
UniDSADemo.exe: 000002DC: 21:47:37 [TUniGUISessionManager]:Cache erase job created, Folder count: [1]
UniDSADemo.exe: 000002DC: 21:47:37 [TUniServerModule]:Starting HTTP Server on Port: 8077...
UniDSADemo.exe: 000002DC: 21:47:37 [TUniServerModule]:HTTP Server Started on Port: 8077
UniDSADemo.exe: 00002618: 21:47:38 [127.0.0.1]:EUniSessionException : Invalid session or session Timeout. (Session not found: zTxL4MqbwW10D27F907 ) : Addr: $003E3303
UniDSADemo.exe: 000007E4: 21:47:51 []:>--------------------------------------------------------------<
UniDSADemo.exe: 000007E4: 21:47:51 [TUniServerModule]:Server First Init.
UniDSADemo.exe: 000007E4: 21:47:51 [TUniServerModule]:Start Path = E:\Embacadeiro\Repositorios\unidsa-unigui-delphi\demo\Win32\Debug\
UniDSADemo.exe: 000007E4: 21:47:51 [TUniGUISessionManager]:Cache erase job created, Folder count: [1]
UniDSADemo.exe: 000007E4: 21:47:51 [TUniServerModule]:Starting HTTP Server on Port: 8077...
UniDSADemo.exe: 000007E4: 21:47:51 [TUniServerModule]:HTTP Server Started on Port: 8077
UniDSADemo.exe: 0000248C: 21:47:51 [127.0.0.1]:EUniSessionException : Invalid session or session Timeout. (Session not found: dCZQPFQEd810D27F938 ) : Addr: $00C03303
UniDSADemo.exe: 00001EFC: 22:11:49 [127.0.0.1]:EUniSessionException : Invalid session or session Timeout. (Session not found: JBHHEQ8DMY10D27F948 ) : Addr: $00C03303
UniDSADemo.exe: 00003E38: 22:18:35 []:>--------------------------------------------------------------<
UniDSADemo.exe: 00003E38: 22:18:35 [TUniServerModule]:Server First Init.
UniDSADemo.exe: 00003E38: 22:18:35 [TUniServerModule]:Start Path = E:\Embacadeiro\Repositorios\unidsa-unigui-delphi\demo\Win32\Debug\
UniDSADemo.exe: 00003E38: 22:18:35 [TUniGUISessionManager]:Cache erase job created, Folder count: [1]
UniDSADemo.exe: 00003E38: 22:18:35 [TUniServerModule]:Starting HTTP Server on Port: 8077...
UniDSADemo.exe: 00003E38: 22:18:35 [TUniServerModule]:HTTP Server Started on Port: 8077
UniDSADemo.exe: 00003A0C: 22:18:35 [127.0.0.1]:EUniSessionException : Invalid session or session Timeout. (Session not found: g6aFZX76vT10D27FFCC ) : Addr: $00D73303
UniDSADemo.exe: 00003A0C: 22:18:35 [127.0.0.1]:EUniSessionException : Invalid session or session Timeout. (Session not found: g6aFZX76vT10D27FFCC ) : Addr: $00D73303
UniDSADemo.exe: 00002F90: 22:22:21 []:>--------------------------------------------------------------<
UniDSADemo.exe: 00002F90: 22:22:21 [TUniServerModule]:Server First Init.
UniDSADemo.exe: 00002F90: 22:22:21 [TUniServerModule]:Start Path = E:\Embacadeiro\Repositorios\unidsa-unigui-delphi\demo\Win32\Debug\
UniDSADemo.exe: 00002F90: 22:22:21 [TUniGUISessionManager]:Cache erase job created, Folder count: [1]
UniDSADemo.exe: 00002F90: 22:22:21 [TUniServerModule]:Starting HTTP Server on Port: 8077...
UniDSADemo.exe: 00002F90: 22:22:21 [TUniServerModule]:HTTP Server Started on Port: 8077
UniDSADemo.exe: 00000164: 22:22:21 [127.0.0.1]:EUniSessionException : Invalid session or session Timeout. (Session not found: CBwHEAeTmb10D28019E ) : Addr: $00623303
UniDSADemo.exe: 000028B4: 22:25:43 []:>--------------------------------------------------------------<
UniDSADemo.exe: 000028B4: 22:25:43 [TUniServerModule]:Server First Init.
UniDSADemo.exe: 000028B4: 22:25:43 [TUniServerModule]:Start Path = E:\Embacadeiro\Repositorios\unidsa-unigui-delphi\demo\Win32\Debug\
UniDSADemo.exe: 000028B4: 22:25:43 [TUniGUISessionManager]:Cache erase job created, Folder count: [1]
UniDSADemo.exe: 000028B4: 22:25:43 [TUniServerModule]:Starting HTTP Server on Port: 8077...
UniDSADemo.exe: 000028B4: 22:25:43 [TUniServerModule]:HTTP Server Started on Port: 8077
UniDSADemo.exe: 000005BC: 22:25:43 [127.0.0.1]:EUniSessionException : Invalid session or session Timeout. (Session not found: TSdUdVA2xN10D2802A4 ) : Addr: $00AD3303
UniDSADemo.exe: 00000424: 22:27:05 []:>--------------------------------------------------------------<
UniDSADemo.exe: 00000424: 22:27:05 [TUniServerModule]:Server First Init.
UniDSADemo.exe: 00000424: 22:27:05 [TUniServerModule]:Start Path = E:\Embacadeiro\Repositorios\unidsa-unigui-delphi\demo\Win32\Debug\
UniDSADemo.exe: 00000424: 22:27:05 [TUniGUISessionManager]:Cache erase job created, Folder count: [1]
UniDSADemo.exe: 00000424: 22:27:05 [TUniServerModule]:Starting HTTP Server on Port: 8077...
UniDSADemo.exe: 00000424: 22:27:05 [TUniServerModule]:HTTP Server Started on Port: 8077
UniDSADemo.exe: 000031F8: 22:27:06 [127.0.0.1]:EUniSessionException : Invalid session or session Timeout. (Session not found: RoLEZJZBiQ10D28038D ) : Addr: $00AA3303
UniDSADemo.exe: 00001850: 22:29:47 []:>--------------------------------------------------------------<
UniDSADemo.exe: 00001850: 22:29:47 [TUniServerModule]:Server First Init.
UniDSADemo.exe: 00001850: 22:29:47 [TUniServerModule]:Start Path = E:\Embacadeiro\Repositorios\unidsa-unigui-delphi\demo\Win32\Debug\
UniDSADemo.exe: 00001850: 22:29:47 [TUniGUISessionManager]:Cache erase job created, Folder count: [1]
UniDSADemo.exe: 00001850: 22:29:47 [TUniServerModule]:Starting HTTP Server on Port: 8077...
UniDSADemo.exe: 00001850: 22:29:47 [TUniServerModule]:HTTP Server Started on Port: 8077
UniDSADemo.exe: 0000117C: 22:29:47 [127.0.0.1]:EUniSessionException : Invalid session or session Timeout. (Session not found: DYRvBxI7id10D2803ED ) : Addr: $00963303
UniDSADemo.exe: 00001274: 22:31:07 []:>--------------------------------------------------------------<
UniDSADemo.exe: 00001274: 22:31:07 [TUniServerModule]:Server First Init.
UniDSADemo.exe: 00001274: 22:31:07 [TUniServerModule]:Start Path = E:\Embacadeiro\Repositorios\unidsa-unigui-delphi\demo\Win32\Debug\
UniDSADemo.exe: 00001274: 22:31:07 [TUniGUISessionManager]:Cache erase job created, Folder count: [1]
UniDSADemo.exe: 00001274: 22:31:07 [TUniServerModule]:Starting HTTP Server on Port: 8077...
UniDSADemo.exe: 00001274: 22:31:07 [TUniServerModule]:HTTP Server Started on Port: 8077
UniDSADemo.exe: 00002038: 22:31:08 [127.0.0.1]:EUniSessionException : Invalid session or session Timeout. (Session not found: btnIU9v4ny10D2804A8 ) : Addr: $00753303
UniDSADemo.exe: 00003088: 22:32:17 []:>--------------------------------------------------------------<
UniDSADemo.exe: 00003088: 22:32:17 [TUniServerModule]:Server First Init.
UniDSADemo.exe: 00003088: 22:32:17 [TUniServerModule]:Start Path = E:\Embacadeiro\Repositorios\unidsa-unigui-delphi\demo\Win32\Debug\
UniDSADemo.exe: 00003088: 22:32:17 [TUniGUISessionManager]:Cache erase job created, Folder count: [1]
UniDSADemo.exe: 00003088: 22:32:17 [TUniServerModule]:Starting HTTP Server on Port: 8077...
UniDSADemo.exe: 00003088: 22:32:17 [TUniServerModule]:HTTP Server Started on Port: 8077
UniDSADemo.exe: 00001A5C: 22:32:17 [127.0.0.1]:EUniSessionException : Invalid session or session Timeout. (Session not found: c24XwUu6Fq10D280505 ) : Addr: $00A13303
UniDSADemo.exe: 00002A94: 22:34:27 []:>--------------------------------------------------------------<
UniDSADemo.exe: 00002A94: 22:34:27 [TUniServerModule]:Server First Init.
UniDSADemo.exe: 00002A94: 22:34:27 [TUniServerModule]:Start Path = E:\Embacadeiro\Repositorios\unidsa-unigui-delphi\demo\Win32\Debug\
UniDSADemo.exe: 00002A94: 22:34:27 [TUniGUISessionManager]:Cache erase job created, Folder count: [1]
UniDSADemo.exe: 00002A94: 22:34:27 [TUniServerModule]:Starting HTTP Server on Port: 8077...
UniDSADemo.exe: 00002A94: 22:34:27 [TUniServerModule]:HTTP Server Started on Port: 8077
UniDSADemo.exe: 00001A70: 22:34:27 [127.0.0.1]:EUniSessionException : Invalid session or session Timeout. (Session not found: tizDuSIa4l10D280555 ) : Addr: $00523303
UniDSADemo.exe: 0000037C: 22:35:31 []:>--------------------------------------------------------------<
UniDSADemo.exe: 0000037C: 22:35:31 [TUniServerModule]:Server First Init.
UniDSADemo.exe: 0000037C: 22:35:31 [TUniServerModule]:Start Path = E:\Embacadeiro\Repositorios\unidsa-unigui-delphi\demo\Win32\Debug\
UniDSADemo.exe: 0000037C: 22:35:31 [TUniGUISessionManager]:Cache erase job created, Folder count: [1]
UniDSADemo.exe: 0000037C: 22:35:32 [TUniServerModule]:Starting HTTP Server on Port: 8077...
UniDSADemo.exe: 0000037C: 22:35:32 [TUniServerModule]:HTTP Server Started on Port: 8077
UniDSADemo.exe: 000011FC: 22:35:32 [127.0.0.1]:EUniSessionException : Invalid session or session Timeout. (Session not found: Ps6aLwhHFv10D2805EC ) : Addr: $00793303
UniDSADemo.exe: 000023D4: 22:35:55 []:>--------------------------------------------------------------<
UniDSADemo.exe: 000023D4: 22:35:55 [TUniServerModule]:Server First Init.
UniDSADemo.exe: 000023D4: 22:35:55 [TUniServerModule]:Start Path = E:\Embacadeiro\Repositorios\unidsa-unigui-delphi\demo\Win32\Debug\
UniDSADemo.exe: 000023D4: 22:35:55 [TUniGUISessionManager]:Cache erase job created, Folder count: [1]
UniDSADemo.exe: 000023D4: 22:35:55 [TUniServerModule]:Starting HTTP Server on Port: 8077...
UniDSADemo.exe: 000023D4: 22:35:55 [TUniServerModule]:HTTP Server Started on Port: 8077
UniDSADemo.exe: 00000F8C: 22:35:56 [127.0.0.1]:EUniSessionException : Invalid session or session Timeout. (Session not found: DdpoJbvP9X10D280637 ) : Addr: $00323303
UniDSADemo.exe: 00001E74: 22:35:56 [127.0.0.1]:EUniSessionException : Invalid session or session Timeout. (Session not found: DdpoJbvP9X10D280637 ) : Addr: $00323303
UniDSADemo.exe: 00003E08: 22:36:11 []:>--------------------------------------------------------------<
UniDSADemo.exe: 00003E08: 22:36:11 [TUniServerModule]:Server First Init.
UniDSADemo.exe: 00003E08: 22:36:11 [TUniServerModule]:Start Path = E:\Embacadeiro\Repositorios\unidsa-unigui-delphi\demo\Win32\Debug\
UniDSADemo.exe: 00003E08: 22:36:11 [TUniGUISessionManager]:Cache erase job created, Folder count: [1]
UniDSADemo.exe: 00003E08: 22:36:11 [TUniServerModule]:Starting HTTP Server on Port: 8077...
UniDSADemo.exe: 00003E08: 22:36:11 [TUniServerModule]:HTTP Server Started on Port: 8077
UniDSADemo.exe: 000024B4: 22:36:12 [127.0.0.1]:EUniSessionException : Invalid session or session Timeout. (Session not found: aCzJPeS3zX10D280652 ) : Addr: $005E3303
UniDSADemo.exe: 000032DC: 22:38:06 []:>--------------------------------------------------------------<
UniDSADemo.exe: 000032DC: 22:38:06 [TUniServerModule]:Server First Init.
UniDSADemo.exe: 000032DC: 22:38:06 [TUniServerModule]:Start Path = E:\Embacadeiro\Repositorios\unidsa-unigui-delphi\demo\Win32\Debug\
UniDSADemo.exe: 000032DC: 22:38:06 [TUniGUISessionManager]:Cache erase job created, Folder count: [1]
UniDSADemo.exe: 000032DC: 22:38:06 [TUniServerModule]:Starting HTTP Server on Port: 8077...
UniDSADemo.exe: 000032DC: 22:38:06 [TUniServerModule]:HTTP Server Started on Port: 8077
UniDSADemo.exe: 00003FD8: 22:38:06 [127.0.0.1]:EUniSessionException : Invalid session or session Timeout. (Session not found: YpTMBWm69210D280665 ) : Addr: $00273303
UniDSADemo.exe: 00003FD8: 22:38:06 [127.0.0.1]:EUniSessionException : Invalid session or session Timeout. (Session not found: YpTMBWm69210D280665 ) : Addr: $00273303
UniDSADemo.exe: 00000D38: 22:39:49 []:>--------------------------------------------------------------<
UniDSADemo.exe: 00000D38: 22:39:49 [TUniServerModule]:Server First Init.
UniDSADemo.exe: 00000D38: 22:39:49 [TUniServerModule]:Start Path = E:\Embacadeiro\Repositorios\unidsa-unigui-delphi\demo\Win32\Debug\
UniDSADemo.exe: 00000D38: 22:39:49 [TUniGUISessionManager]:Cache erase job created, Folder count: [1]
UniDSADemo.exe: 00000D38: 22:39:49 [TUniServerModule]:Starting HTTP Server on Port: 8077...
UniDSADemo.exe: 00000D38: 22:39:49 [TUniServerModule]:HTTP Server Started on Port: 8077
UniDSADemo.exe: 000034F4: 22:39:49 [127.0.0.1]:EUniSessionException : Invalid session or session Timeout. (Session not found: ZQdI36IyfT10D2806E9 ) : Addr: $00293303
UniDSADemo.exe: 000034F4: 22:39:49 [127.0.0.1]:EUniSessionException : Invalid session or session Timeout. (Session not found: ZQdI36IyfT10D2806E9 ) : Addr: $00293303
UniDSADemo.exe: 00003310: 22:41:06 []:>--------------------------------------------------------------<
UniDSADemo.exe: 00003310: 22:41:06 [TUniServerModule]:Server First Init.
UniDSADemo.exe: 00003310: 22:41:06 [TUniServerModule]:Start Path = E:\Embacadeiro\Repositorios\unidsa-unigui-delphi\demo\Win32\Debug\
UniDSADemo.exe: 00003310: 22:41:06 [TUniGUISessionManager]:Cache erase job created, Folder count: [1]
UniDSADemo.exe: 00003310: 22:41:06 [TUniServerModule]:Starting HTTP Server on Port: 8077...
UniDSADemo.exe: 00003310: 22:41:06 [TUniServerModule]:HTTP Server Started on Port: 8077
UniDSADemo.exe: 00002304: 22:41:07 [127.0.0.1]:EUniSessionException : Invalid session or session Timeout. (Session not found: yneSWd18u110D280761 ) : Addr: $00C13303
UniDSADemo.exe: 00002B18: 22:41:20 []:>--------------------------------------------------------------<
UniDSADemo.exe: 00002B18: 22:41:20 [TUniServerModule]:Server First Init.
UniDSADemo.exe: 00002B18: 22:41:20 [TUniServerModule]:Start Path = E:\Embacadeiro\Repositorios\unidsa-unigui-delphi\demo\Win32\Debug\
UniDSADemo.exe: 00002B18: 22:41:20 [TUniGUISessionManager]:Cache erase job created, Folder count: [1]
UniDSADemo.exe: 00002B18: 22:41:20 [TUniServerModule]:Starting HTTP Server on Port: 8077...
UniDSADemo.exe: 00002B18: 22:41:20 [TUniServerModule]:HTTP Server Started on Port: 8077
UniDSADemo.exe: 00002CC0: 22:41:20 [127.0.0.1]:EUniSessionException : Invalid session or session Timeout. (Session not found: qjva1cjQH510D2807BA ) : Addr: $010A3303
UniDSADemo.exe: 0000043C: 22:48:53 []:>--------------------------------------------------------------<
UniDSADemo.exe: 0000043C: 22:48:53 [TUniServerModule]:Server First Init.
UniDSADemo.exe: 0000043C: 22:48:53 [TUniServerModule]:Start Path = E:\Embacadeiro\Repositorios\unidsa-unigui-delphi\demo\Win32\Debug\
UniDSADemo.exe: 0000043C: 22:48:53 [TUniGUISessionManager]:Cache erase job created, Folder count: [1]
UniDSADemo.exe: 0000043C: 22:48:54 [TUniServerModule]:Starting HTTP Server on Port: 8077...
UniDSADemo.exe: 0000043C: 22:48:54 [TUniServerModule]:HTTP Server Started on Port: 8077
UniDSADemo.exe: 000018D4: 22:48:54 [127.0.0.1]:EUniSessionException : Invalid session or session Timeout. (Session not found: UUFS5kKm5L10D2807CA ) : Addr: $00603303
UniDSADemo.exe: 00002444: 22:50:30 []:>--------------------------------------------------------------<
UniDSADemo.exe: 00002444: 22:50:30 [TUniServerModule]:Server First Init.
UniDSADemo.exe: 00002444: 22:50:30 [TUniServerModule]:Start Path = E:\Embacadeiro\Repositorios\unidsa-unigui-delphi\demo\Win32\Debug\
UniDSADemo.exe: 00002444: 22:50:30 [TUniGUISessionManager]:Cache erase job created, Folder count: [1]
UniDSADemo.exe: 00002444: 22:50:30 [TUniServerModule]:Starting HTTP Server on Port: 8077...
UniDSADemo.exe: 00002444: 22:50:30 [TUniServerModule]:HTTP Server Started on Port: 8077
UniDSADemo.exe: 00002504: 22:50:31 [127.0.0.1]:EUniSessionException : Invalid session or session Timeout. (Session not found: zuVbXZAfsg10D2809D7 ) : Addr: $00F83303
UniDSADemo.exe: 0000176C: 22:50:46 []:>--------------------------------------------------------------<
UniDSADemo.exe: 0000176C: 22:50:46 [TUniServerModule]:Server First Init.
UniDSADemo.exe: 0000176C: 22:50:46 [TUniServerModule]:Start Path = E:\Embacadeiro\Repositorios\unidsa-unigui-delphi\demo\Win32\Debug\
UniDSADemo.exe: 0000176C: 22:50:46 [TUniGUISessionManager]:Cache erase job created, Folder count: [1]
UniDSADemo.exe: 0000176C: 22:50:46 [TUniServerModule]:Starting HTTP Server on Port: 8077...
UniDSADemo.exe: 0000176C: 22:50:46 [TUniServerModule]:HTTP Server Started on Port: 8077
UniDSADemo.exe: 00003414: 22:50:47 [127.0.0.1]:EUniSessionException : Invalid session or session Timeout. (Session not found: q1c4cvoYiQ10D280A47 ) : Addr: $011C3303
UniDSADemo.exe: 00003414: 22:50:47 [127.0.0.1]:EUniSessionException : Invalid session or session Timeout. (Session not found: q1c4cvoYiQ10D280A47 ) : Addr: $011C3303
UniDSADemo.exe: 00001B14: 22:51:23 []:>--------------------------------------------------------------<
UniDSADemo.exe: 00001B14: 22:51:23 [TUniServerModule]:Server First Init.
UniDSADemo.exe: 00001B14: 22:51:23 [TUniServerModule]:Start Path = E:\Embacadeiro\Repositorios\unidsa-unigui-delphi\demo\Win32\Debug\
UniDSADemo.exe: 00001B14: 22:51:23 [TUniGUISessionManager]:Cache erase job created, Folder count: [1]
UniDSADemo.exe: 00001B14: 22:51:23 [TUniServerModule]:Starting HTTP Server on Port: 8077...
UniDSADemo.exe: 00001B14: 22:51:23 [TUniServerModule]:HTTP Server Started on Port: 8077
UniDSADemo.exe: 0000242C: 22:51:24 [127.0.0.1]:EUniSessionException : Invalid session or session Timeout. (Session not found: hoFuCBJW7W10D280A59 ) : Addr: $00223303
UniDSADemo.exe: 0000242C: 22:51:24 [127.0.0.1]:EUniSessionException : Invalid session or session Timeout. (Session not found: hoFuCBJW7W10D280A59 ) : Addr: $00223303
UniDSADemo.exe: 00002218: 22:51:39 []:>--------------------------------------------------------------<
UniDSADemo.exe: 00002218: 22:51:39 [TUniServerModule]:Server First Init.
UniDSADemo.exe: 00002218: 22:51:39 [TUniServerModule]:Start Path = E:\Embacadeiro\Repositorios\unidsa-unigui-delphi\demo\Win32\Debug\
UniDSADemo.exe: 00002218: 22:51:39 [TUniGUISessionManager]:Cache erase job created, Folder count: [1]
UniDSADemo.exe: 00002218: 22:51:39 [TUniServerModule]:Starting HTTP Server on Port: 8077...
UniDSADemo.exe: 00002218: 22:51:39 [TUniServerModule]:HTTP Server Started on Port: 8077
UniDSADemo.exe: 00002E6C: 22:51:40 [127.0.0.1]:EUniSessionException : Invalid session or session Timeout. (Session not found: SioQQInNLA10D280A85 ) : Addr: $00773303
UniDSADemo.exe: 00000C4C: 22:55:05 []:>--------------------------------------------------------------<
UniDSADemo.exe: 00000C4C: 22:55:05 [TUniServerModule]:Server First Init.
UniDSADemo.exe: 00000C4C: 22:55:05 [TUniServerModule]:Start Path = E:\Embacadeiro\Repositorios\unidsa-unigui-delphi\demo\Win32\Debug\
UniDSADemo.exe: 00000C4C: 22:55:05 [TUniGUISessionManager]:Cache erase job created, Folder count: [1]
UniDSADemo.exe: 00000C4C: 22:55:05 [TUniServerModule]:Starting HTTP Server on Port: 8077...
UniDSADemo.exe: 00000C4C: 22:55:05 [TUniServerModule]:HTTP Server Started on Port: 8077
UniDSADemo.exe: 00002AFC: 22:55:06 [127.0.0.1]:EUniSessionException : Invalid session or session Timeout. (Session not found: NihkSynJeH10D280A97 ) : Addr: $00203303
UniDSADemo.exe: 00001394: 22:55:06 [127.0.0.1]:EUniSessionException : Invalid session or session Timeout. (Session not found: NihkSynJeH10D280A97 ) : Addr: $00203303
UniDSADemo.exe: 000013BC: 22:55:53 []:>--------------------------------------------------------------<
UniDSADemo.exe: 000013BC: 22:55:53 [TUniServerModule]:Server First Init.
UniDSADemo.exe: 000013BC: 22:55:53 [TUniServerModule]:Start Path = E:\Embacadeiro\Repositorios\unidsa-unigui-delphi\demo\Win32\Debug\
UniDSADemo.exe: 000013BC: 22:55:53 [TUniGUISessionManager]:Cache erase job created, Folder count: [1]
UniDSADemo.exe: 000013BC: 22:55:53 [TUniServerModule]:Starting HTTP Server on Port: 8077...
UniDSADemo.exe: 000013BC: 22:55:53 [TUniServerModule]:HTTP Server Started on Port: 8077
UniDSADemo.exe: 00003260: 22:55:54 [127.0.0.1]:EUniSessionException : Invalid session or session Timeout. (Session not found: bXgDziDuQc10D280B86 ) : Addr: $00533303
UniDSADemo.exe: 00000FBC: 22:56:23 []:>--------------------------------------------------------------<
UniDSADemo.exe: 00000FBC: 22:56:23 [TUniServerModule]:Server First Init.
UniDSADemo.exe: 00000FBC: 22:56:23 [TUniServerModule]:Start Path = E:\Embacadeiro\Repositorios\unidsa-unigui-delphi\demo\Win32\Debug\
UniDSADemo.exe: 00000FBC: 22:56:23 [TUniGUISessionManager]:Cache erase job created, Folder count: [1]
UniDSADemo.exe: 00000FBC: 22:56:23 [TUniServerModule]:Starting HTTP Server on Port: 8077...
UniDSADemo.exe: 00000FBC: 22:56:23 [TUniServerModule]:HTTP Server Started on Port: 8077
UniDSADemo.exe: 00003DA8: 22:56:25 [127.0.0.1]:EUniSessionException : Invalid session or session Timeout. (Session not found: WVQRtmO32h10D280BBD ) : Addr: $00AA3303
UniDSADemo.exe: 00001F70: 22:57:39 []:>--------------------------------------------------------------<
UniDSADemo.exe: 00001F70: 22:57:39 [TUniServerModule]:Server First Init.
UniDSADemo.exe: 00001F70: 22:57:39 [TUniServerModule]:Start Path = E:\Embacadeiro\Repositorios\unidsa-unigui-delphi\demo\Win32\Debug\
UniDSADemo.exe: 00001F70: 22:57:39 [TUniGUISessionManager]:Cache erase job created, Folder count: [1]
UniDSADemo.exe: 00001F70: 22:57:39 [TUniServerModule]:Starting HTTP Server on Port: 8077...
UniDSADemo.exe: 00001F70: 22:57:39 [TUniServerModule]:HTTP Server Started on Port: 8077
UniDSADemo.exe: 00002378: 22:57:40 [127.0.0.1]:EUniSessionException : Invalid session or session Timeout. (Session not found: SGzPkujY8x10D280BE1 ) : Addr: $00C93303
UniDSADemo.exe: 000022A4: 23:10:06 []:>--------------------------------------------------------------<
UniDSADemo.exe: 000022A4: 23:10:06 [TUniServerModule]:Server First Init.
UniDSADemo.exe: 000022A4: 23:10:06 [TUniServerModule]:Start Path = E:\Embacadeiro\Repositorios\unidsa-unigui-delphi\demo\Win32\Debug\
UniDSADemo.exe: 000022A4: 23:10:06 [TUniGUISessionManager]:Cache erase job created, Folder count: [1]
UniDSADemo.exe: 000022A4: 23:10:06 [TUniServerModule]:Starting HTTP Server on Port: 8077...
UniDSADemo.exe: 000022A4: 23:10:06 [TUniServerModule]:HTTP Server Started on Port: 8077
UniDSADemo.exe: 00000C1C: 23:12:23 []:>--------------------------------------------------------------<
UniDSADemo.exe: 00000C1C: 23:12:23 [TUniServerModule]:Server First Init.
UniDSADemo.exe: 00000C1C: 23:12:23 [TUniServerModule]:Start Path = E:\Embacadeiro\Repositorios\unidsa-unigui-delphi\demo\Win32\Debug\
UniDSADemo.exe: 00000C1C: 23:12:23 [TUniGUISessionManager]:Cache erase job created, Folder count: [1]
UniDSADemo.exe: 00000C1C: 23:12:23 [TUniServerModule]:Starting HTTP Server on Port: 8077...
UniDSADemo.exe: 00000C1C: 23:12:23 [TUniServerModule]:HTTP Server Started on Port: 8077
UniDSADemo.exe: 00001440: 23:12:24 [127.0.0.1]:EUniSessionException : Invalid session or session Timeout. (Session not found: fKnnUncAfy10D280F98 ) : Addr: $005B3303
UniDSADemo.exe: 00000B0C: 23:14:20 []:>--------------------------------------------------------------<
UniDSADemo.exe: 00000B0C: 23:14:20 [TUniServerModule]:Server First Init.
UniDSADemo.exe: 00000B0C: 23:14:20 [TUniServerModule]:Start Path = E:\Embacadeiro\Repositorios\unidsa-unigui-delphi\demo\Win32\Debug\
UniDSADemo.exe: 00000B0C: 23:14:20 [TUniGUISessionManager]:Cache erase job created, Folder count: [1]
UniDSADemo.exe: 00000B0C: 23:14:20 [TUniServerModule]:Starting HTTP Server on Port: 8077...
UniDSADemo.exe: 00000B0C: 23:14:20 [TUniServerModule]:HTTP Server Started on Port: 8077
UniDSADemo.exe: 00000F64: 23:14:20 [127.0.0.1]:EUniSessionException : Invalid session or session Timeout. (Session not found: CC34fyPXPi10D281037 ) : Addr: $002A3303
UniDSADemo.exe: 000037E0: 23:14:37 []:>--------------------------------------------------------------<
UniDSADemo.exe: 000037E0: 23:14:37 [TUniServerModule]:Server First Init.
UniDSADemo.exe: 000037E0: 23:14:37 [TUniServerModule]:Start Path = E:\Embacadeiro\Repositorios\unidsa-unigui-delphi\demo\Win32\Debug\
UniDSADemo.exe: 000037E0: 23:14:37 [TUniGUISessionManager]:Cache erase job created, Folder count: [1]
UniDSADemo.exe: 000037E0: 23:14:37 [TUniServerModule]:Starting HTTP Server on Port: 8077...
UniDSADemo.exe: 000037E0: 23:14:37 [TUniServerModule]:HTTP Server Started on Port: 8077
UniDSADemo.exe: 00002754: 23:14:38 [127.0.0.1]:EUniSessionException : Invalid session or session Timeout. (Session not found: pVpAADDxcK10D2810BE ) : Addr: $007A3303
UniDSADemo.exe: 000008E8: 23:14:38 [127.0.0.1]:EUniSessionException : Invalid session or session Timeout. (Session not found: pVpAADDxcK10D2810BE ) : Addr: $007A3303
UniDSADemo.exe: 00003078: 23:18:25 []:>--------------------------------------------------------------<
UniDSADemo.exe: 00003078: 23:18:25 [TUniServerModule]:Server First Init.
UniDSADemo.exe: 00003078: 23:18:25 [TUniServerModule]:Start Path = E:\Embacadeiro\Repositorios\unidsa-unigui-delphi\demo\Win32\Debug\
UniDSADemo.exe: 00003078: 23:18:25 [TUniGUISessionManager]:Cache erase job created, Folder count: [1]
UniDSADemo.exe: 00003078: 23:18:25 [TUniServerModule]:Starting HTTP Server on Port: 8077...
UniDSADemo.exe: 00003078: 23:18:25 [TUniServerModule]:HTTP Server Started on Port: 8077
UniDSADemo.exe: 00003A28: 23:18:26 [127.0.0.1]:EUniSessionException : Invalid session or session Timeout. (Session not found: 3RAl2NrTrV10D2810DE ) : Addr: $00883303
UniDSADemo.exe: 00003074: 23:18:58 []:>--------------------------------------------------------------<
UniDSADemo.exe: 00003074: 23:18:58 [TUniServerModule]:Server First Init.
UniDSADemo.exe: 00003074: 23:18:58 [TUniServerModule]:Start Path = E:\Embacadeiro\Repositorios\unidsa-unigui-delphi\demo\Win32\Debug\
UniDSADemo.exe: 00003074: 23:18:58 [TUniGUISessionManager]:Cache erase job created, Folder count: [1]
UniDSADemo.exe: 00003074: 23:18:58 [TUniServerModule]:Starting HTTP Server on Port: 8077...
UniDSADemo.exe: 00003074: 23:18:58 [TUniServerModule]:HTTP Server Started on Port: 8077
UniDSADemo.exe: 000038B0: 23:18:58 [127.0.0.1]:EUniSessionException : Invalid session or session Timeout. (Session not found: ustz4dOAj110D2811DA ) : Addr: $00873303
UniDSADemo.exe: 000038B0: 23:18:58 [127.0.0.1]:EUniSessionException : Invalid session or session Timeout. (Session not found: ustz4dOAj110D2811DA ) : Addr: $00873303
UniDSADemo.exe: 000028D4: 23:21:58 []:>--------------------------------------------------------------<
UniDSADemo.exe: 000028D4: 23:21:58 [TUniServerModule]:Server First Init.
UniDSADemo.exe: 000028D4: 23:21:58 [TUniServerModule]:Start Path = E:\Embacadeiro\Repositorios\unidsa-unigui-delphi\demo\Win32\Debug\
UniDSADemo.exe: 000028D4: 23:21:58 [TUniGUISessionManager]:Cache erase job created, Folder count: [1]
UniDSADemo.exe: 000028D4: 23:21:58 [TUniServerModule]:Starting HTTP Server on Port: 8077...
UniDSADemo.exe: 000028D4: 23:21:58 [TUniServerModule]:HTTP Server Started on Port: 8077
UniDSADemo.exe: 00002708: 23:21:59 [127.0.0.1]:EUniSessionException : Invalid session or session Timeout. (Session not found: cg1h5gLluj10D2811FF ) : Addr: $00A03303
UniDSADemo.exe: 00002FBC: 23:42:07 [127.0.0.1]:EUniSessionException : Invalid session or session Timeout. (Session not found: CBzgCpbpfV10D2812F1 ) : Addr: $00A03303
UniDSADemo.exe: 000028D4: 23:45:45 [Exit]:Unexpected attempt to terminate server application with Exit Code: 0
