UniDSADemo.exe: 000009BC: 07:23:17 []:>--------------------------------------------------------------<
UniDSADemo.exe: 000009BC: 07:23:17 [TUniServerModule]:Server First Init.
UniDSADemo.exe: 000009BC: 07:23:17 [TUniServerModule]:Start Path = E:\Embacadeiro\Repositorios\unidsa-unigui-delphi\demo\Win32\Debug\
UniDSADemo.exe: 000009BC: 07:23:17 [TUniGUISessionManager]:Cache erase job created, Folder count: [1]
UniDSADemo.exe: 000009BC: 07:23:17 [TUniServerModule]:Starting HTTP Server on Port: 8077...
UniDSADemo.exe: 000009BC: 07:23:17 [TUniServerModule]:HTTP Server Started on Port: 8077
UniDSADemo.exe: 00003314: 07:23:29 []:>--------------------------------------------------------------<
UniDSADemo.exe: 00003314: 07:23:29 [TUniServerModule]:Server First Init.
UniDSADemo.exe: 00003314: 07:23:29 [TUniServerModule]:Start Path = E:\Embacadeiro\Repositorios\unidsa-unigui-delphi\demo\Win32\Debug\
UniDSADemo.exe: 00003314: 07:23:29 [TUniGUISessionManager]:Cache erase job created, Folder count: [1]
UniDSADemo.exe: 00003314: 07:23:29 [TUniServerModule]:Starting HTTP Server on Port: 8077...
UniDSADemo.exe: 00003314: 07:23:29 [TUniServerModule]:HTTP Server Started on Port: 8077
UniDSADemo.exe: 000009A4: 07:23:30 [127.0.0.1]:EUniSessionException : Invalid session or session Timeout. (Session not found: utrWKafecw10D258821 ) : Addr: $01081C43
UniDSADemo.exe: 000020F0: 07:35:23 []:>--------------------------------------------------------------<
UniDSADemo.exe: 000020F0: 07:35:23 [TUniServerModule]:Server First Init.
UniDSADemo.exe: 000020F0: 07:35:23 [TUniServerModule]:Start Path = E:\Embacadeiro\Repositorios\unidsa-unigui-delphi\demo\Win32\Debug\
UniDSADemo.exe: 000020F0: 07:35:23 [TUniServerModule]:Debug Mode = ON
UniDSADemo.exe: 000020F0: 07:35:23 [TUniGUISessionManager]:Cache erase job created, Folder count: [1]
UniDSADemo.exe: 000020F0: 07:35:23 [TUniServerModule]:Starting HTTP Server on Port: 8077...
UniDSADemo.exe: 000020F0: 07:35:24 [TUniServerModule]:HTTP Server Started on Port: 8077
UniDSADemo.exe: 000020F0: 07:35:25 [TUniServerModule]:Shutting Down Server.
UniDSADemo.exe: 000020F0: 07:35:25 [TUniServerModule]:Stopping HTTP Server.
UniDSADemo.exe: 000020F0: 07:35:26 [TUniServerModule]:HTTP Server Stopped.
UniDSADemo.exe: 000020F0: 07:35:26 [TUniGUISessionManager]:Terminating Session manager.
UniDSADemo.exe: 000020F0: 07:35:26 [TUniGUISessionManager]:Stopping Cache Eraser...
UniDSADemo.exe: 000020F0: 07:35:26 [TUniGUISessionManager]:Cache Eraser Stopped.
UniDSADemo.exe: 000020F0: 07:35:26 [TUniGUISessionManager]:Destroying Worker Threads.
UniDSADemo.exe: 000020F0: 07:35:26 [TUniGUISessionManager]:Session manager terminated.
UniDSADemo.exe: 000020F0: 07:35:26 [TUniWebSocketStack]:Terminating...
UniDSADemo.exe: 000020F0: 07:35:26 [TUniGUIMessageQ]:Terminated.
UniDSADemo.exe: 000020F0: 07:35:26 [TUniWebSocketStack]:Terminated.
UniDSADemo.exe: 000020F0: 07:35:26 [TUniServerModule]:Server Shutdown Completed.
UniDSADemo.exe: 000020F0: 07:35:26 []:<-------------------------------------------------------------->
UniDSADemo.exe: 000020F0: 07:35:26 [Terminated]:Exit Code: 0
UniDSADemo.exe: 00002F34: 07:35:30 []:>--------------------------------------------------------------<
UniDSADemo.exe: 00002F34: 07:35:30 [TUniServerModule]:Server First Init.
UniDSADemo.exe: 00002F34: 07:35:30 [TUniServerModule]:Start Path = E:\Embacadeiro\Repositorios\unidsa-unigui-delphi\demo\Win32\Debug\
UniDSADemo.exe: 00002F34: 07:35:30 [TUniServerModule]:Debug Mode = ON
UniDSADemo.exe: 00002F34: 07:35:30 [TUniServerModule]:Starting HTTP Server on Port: 8077...
UniDSADemo.exe: 00002F34: 07:35:30 [TUniServerModule]:HTTP Server Started on Port: 8077
UniDSADemo.exe: 0000369C: 07:35:33 [127.0.0.1]:EUniSessionException : Invalid session or session Timeout. (Session not found: sUFl3cpeU910D258B31 ) : Addr: $008A1C43
UniDSADemo.exe: 000020A4: 07:36:29 []:>--------------------------------------------------------------<
UniDSADemo.exe: 000020A4: 07:36:29 [TUniServerModule]:Server First Init.
UniDSADemo.exe: 000020A4: 07:36:29 [TUniServerModule]:Start Path = E:\Embacadeiro\Repositorios\unidsa-unigui-delphi\demo\Win32\Debug\
UniDSADemo.exe: 000020A4: 07:36:29 [TUniGUISessionManager]:Cache erase job created, Folder count: [1]
UniDSADemo.exe: 000020A4: 07:36:29 [TUniServerModule]:Starting HTTP Server on Port: 8077...
UniDSADemo.exe: 000020A4: 07:36:29 [TUniServerModule]:HTTP Server Started on Port: 8077
UniDSADemo.exe: 00001958: 07:36:30 [127.0.0.1]:EUniSessionException : Invalid session or session Timeout. (Session not found: Mm344ENWyz10D258B72 ) : Addr: $00CC1C43
UniDSADemo.exe: 0000387C: 07:37:53 []:>--------------------------------------------------------------<
UniDSADemo.exe: 0000387C: 07:37:53 [TUniServerModule]:Server First Init.
UniDSADemo.exe: 0000387C: 07:37:53 [TUniServerModule]:Start Path = E:\Embacadeiro\Repositorios\unidsa-unigui-delphi\demo\Win32\Debug\
UniDSADemo.exe: 0000387C: 07:37:53 [TUniGUISessionManager]:Cache erase job created, Folder count: [1]
UniDSADemo.exe: 0000387C: 07:37:53 [TUniServerModule]:Starting HTTP Server on Port: 8077...
UniDSADemo.exe: 0000387C: 07:37:53 [TUniServerModule]:HTTP Server Started on Port: 8077
UniDSADemo.exe: 00002504: 07:37:54 [127.0.0.1]:EUniSessionException : Invalid session or session Timeout. (Session not found: qh1NC7ziG410D258BB6 ) : Addr: $00261C43
UniDSADemo.exe: 0000305C: 07:38:06 []:>--------------------------------------------------------------<
UniDSADemo.exe: 0000305C: 07:38:06 [TUniServerModule]:Server First Init.
UniDSADemo.exe: 0000305C: 07:38:06 [TUniServerModule]:Start Path = E:\Embacadeiro\Repositorios\unidsa-unigui-delphi\demo\Win32\Debug\
UniDSADemo.exe: 0000305C: 07:38:06 [TUniGUISessionManager]:Cache erase job created, Folder count: [1]
UniDSADemo.exe: 0000305C: 07:38:06 [TUniServerModule]:Starting HTTP Server on Port: 8077...
UniDSADemo.exe: 0000305C: 07:38:06 [TUniServerModule]:HTTP Server Started on Port: 8077
UniDSADemo.exe: 000035A8: 07:38:06 [127.0.0.1]:EUniSessionException : Invalid session or session Timeout. (Session not found: 1tVtBJq6JH10D258C18 ) : Addr: $00AE1C43
UniDSADemo.exe: 000007B8: 07:48:20 []:>--------------------------------------------------------------<
UniDSADemo.exe: 000007B8: 07:48:20 [TUniServerModule]:Server First Init.
UniDSADemo.exe: 000007B8: 07:48:20 [TUniServerModule]:Start Path = E:\Embacadeiro\Repositorios\unidsa-unigui-delphi\demo\Win32\Debug\
UniDSADemo.exe: 000007B8: 07:48:20 [TUniGUISessionManager]:Cache erase job created, Folder count: [1]
UniDSADemo.exe: 000007B8: 07:48:20 [TUniServerModule]:Starting HTTP Server on Port: 8077...
UniDSADemo.exe: 000007B8: 07:48:20 [TUniServerModule]:HTTP Server Started on Port: 8077
UniDSADemo.exe: 00000850: 07:48:21 [127.0.0.1]:EUniSessionException : Invalid session or session Timeout. (Session not found: rfDGC8Mdaq10D258CB8 ) : Addr: $00671C43
UniDSADemo.exe: 00000850: 07:48:21 [127.0.0.1]:EUniSessionException : Invalid session or session Timeout. (Session not found: rfDGC8Mdaq10D258CB8 ) : Addr: $00671C43
UniDSADemo.exe: 000007B8: 07:59:31 [TUniServerModule]:Shutting Down Server.
UniDSADemo.exe: 000007B8: 07:59:31 [TUniServerModule]:Stopping HTTP Server.
UniDSADemo.exe: 000007B8: 07:59:32 [TUniServerModule]:HTTP Server Stopped.
UniDSADemo.exe: 000007B8: 07:59:32 [TUniGUISessionManager]:Terminating Session manager.
UniDSADemo.exe: 000007B8: 07:59:32 [TUniGUISessionManager]:Stopping Cache Eraser...
UniDSADemo.exe: 000007B8: 07:59:32 [TUniGUISessionManager]:Cache Eraser Stopped.
UniDSADemo.exe: 000007B8: 07:59:32 [TUniGUISessionManager]:Destroying Worker Threads.
UniDSADemo.exe: 000007B8: 07:59:32 [TUniGUISessionManager]:Session manager terminated.
UniDSADemo.exe: 000007B8: 07:59:32 [TUniWebSocketStack]:Terminating...
UniDSADemo.exe: 000007B8: 07:59:32 [TUniGUIMessageQ]:Terminated.
UniDSADemo.exe: 000007B8: 07:59:32 [TUniWebSocketStack]:Terminated.
UniDSADemo.exe: 000007B8: 07:59:32 [TUniServerModule]:Server Shutdown Completed.
UniDSADemo.exe: 000007B8: 07:59:32 []:<-------------------------------------------------------------->
UniDSADemo.exe: 000007B8: 07:59:32 [Terminated]:Exit Code: 0
UniDSADemo.exe: 00002B54: 18:42:18 []:>--------------------------------------------------------------<
UniDSADemo.exe: 00002B54: 18:42:18 [TUniServerModule]:Server First Init.
UniDSADemo.exe: 00002B54: 18:42:18 [TUniServerModule]:Start Path = E:\Embacadeiro\Repositorios\unidsa-unigui-delphi\demo\Win32\Debug\
UniDSADemo.exe: 00002B54: 18:42:18 [TUniServerModule]:Starting HTTP Server on Port: 8077...
UniDSADemo.exe: 00002B54: 18:42:18 [TUniServerModule]:HTTP Server Started on Port: 8077
UniDSADemo.exe: 00003410: 18:43:00 []:>--------------------------------------------------------------<
UniDSADemo.exe: 00003410: 18:43:00 [TUniServerModule]:Server First Init.
UniDSADemo.exe: 00003410: 18:43:00 [TUniServerModule]:Start Path = E:\Embacadeiro\Repositorios\unidsa-unigui-delphi\demo\Win32\Debug\
UniDSADemo.exe: 00003410: 18:43:00 [TUniGUISessionManager]:Cache erase job created, Folder count: [1]
UniDSADemo.exe: 00003410: 18:43:00 [TUniServerModule]:Starting HTTP Server on Port: 8077...
UniDSADemo.exe: 00003410: 18:43:00 [TUniServerModule]:HTTP Server Started on Port: 8077
UniDSADemo.exe: 0000229C: 18:43:01 [127.0.0.1]:EUniSessionException : Invalid session or session Timeout. (Session not found: rmTLu7y2HK10D264053 ) : Addr: $002E1C43
UniDSADemo.exe: 000004E8: 18:44:02 []:>--------------------------------------------------------------<
UniDSADemo.exe: 000004E8: 18:44:02 [TUniServerModule]:Server First Init.
UniDSADemo.exe: 000004E8: 18:44:02 [TUniServerModule]:Start Path = E:\Embacadeiro\Repositorios\unidsa-unigui-delphi\demo\Win32\Debug\
UniDSADemo.exe: 000004E8: 18:44:02 [TUniGUISessionManager]:Cache erase job created, Folder count: [1]
UniDSADemo.exe: 000004E8: 18:44:02 [TUniServerModule]:Starting HTTP Server on Port: 8077...
UniDSADemo.exe: 000004E8: 18:44:02 [TUniServerModule]:HTTP Server Started on Port: 8077
UniDSADemo.exe: 000039F0: 18:44:03 [127.0.0.1]:EUniSessionException : Invalid session or session Timeout. (Session not found: hzGxGzNYmV10D26408D ) : Addr: $006E1C43
UniDSADemo.exe: 00001D50: 18:45:07 []:>--------------------------------------------------------------<
UniDSADemo.exe: 00001D50: 18:45:07 [TUniServerModule]:Server First Init.
UniDSADemo.exe: 00001D50: 18:45:07 [TUniServerModule]:Start Path = E:\Embacadeiro\Repositorios\unidsa-unigui-delphi\demo\Win32\Debug\
UniDSADemo.exe: 00001D50: 18:45:07 [TUniGUISessionManager]:Cache erase job created, Folder count: [1]
UniDSADemo.exe: 00001D50: 18:45:07 [TUniServerModule]:Starting HTTP Server on Port: 8077...
UniDSADemo.exe: 00001D50: 18:45:07 [TUniServerModule]:HTTP Server Started on Port: 8077
UniDSADemo.exe: 00001EA8: 18:45:08 [127.0.0.1]:EUniSessionException : Invalid session or session Timeout. (Session not found: IHLeIXIx5H10D2640CB ) : Addr: $00731C43
UniDSADemo.exe: 00001EA8: 18:46:04 [HandleFileRequest[127.0.0.1]]:File not found: E:\Embacadeiro\Repositorios\unidsa-unigui-delphi\demo\Win32\Debug\favicon.ico
UniDSADemo.exe: 00002AE0: 18:46:46 []:>--------------------------------------------------------------<
UniDSADemo.exe: 00002AE0: 18:46:46 [TUniServerModule]:Server First Init.
UniDSADemo.exe: 00002AE0: 18:46:46 [TUniServerModule]:Start Path = E:\Embacadeiro\Repositorios\unidsa-unigui-delphi\demo\Win32\Debug\
UniDSADemo.exe: 00002AE0: 18:46:46 [TUniGUISessionManager]:Cache erase job created, Folder count: [1]
UniDSADemo.exe: 00002AE0: 18:46:46 [TUniServerModule]:Starting HTTP Server on Port: 8077...
UniDSADemo.exe: 00002AE0: 18:46:46 [TUniServerModule]:HTTP Server Started on Port: 8077
UniDSADemo.exe: 00001628: 18:46:47 [127.0.0.1]:EUniSessionException : Invalid session or session Timeout. (Session not found: PFTFXXMM1e10D264165 ) : Addr: $00491C43
UniDSADemo.exe: 00003484: 18:47:08 []:>--------------------------------------------------------------<
UniDSADemo.exe: 00003484: 18:47:08 [TUniServerModule]:Server First Init.
UniDSADemo.exe: 00003484: 18:47:08 [TUniServerModule]:Start Path = E:\Embacadeiro\Repositorios\unidsa-unigui-delphi\demo\Win32\Debug\
UniDSADemo.exe: 00003484: 18:47:08 [TUniGUISessionManager]:Cache erase job created, Folder count: [1]
UniDSADemo.exe: 00003484: 18:47:08 [TUniServerModule]:Starting HTTP Server on Port: 8077...
UniDSADemo.exe: 00003484: 18:47:08 [TUniServerModule]:HTTP Server Started on Port: 8077
UniDSADemo.exe: 0000326C: 18:47:09 [127.0.0.1]:EUniSessionException : Invalid session or session Timeout. (Session not found: pjJ4ZoAoAX10D264189 ) : Addr: $00631C43
UniDSADemo.exe: 000032FC: 18:47:20 []:>--------------------------------------------------------------<
UniDSADemo.exe: 000032FC: 18:47:20 [TUniServerModule]:Server First Init.
UniDSADemo.exe: 000032FC: 18:47:20 [TUniServerModule]:Start Path = E:\Embacadeiro\Repositorios\unidsa-unigui-delphi\demo\Win32\Debug\
UniDSADemo.exe: 000032FC: 18:47:20 [TUniGUISessionManager]:Cache erase job created, Folder count: [1]
UniDSADemo.exe: 000032FC: 18:47:20 [TUniServerModule]:Starting HTTP Server on Port: 8077...
UniDSADemo.exe: 000032FC: 18:47:20 [TUniServerModule]:HTTP Server Started on Port: 8077
UniDSADemo.exe: 00001E34: 18:47:20 [127.0.0.1]:EUniSessionException : Invalid session or session Timeout. (Session not found: eL8osls4kB10D2641A3 ) : Addr: $00981C43
UniDSADemo.exe: 00001688: 18:53:27 []:>--------------------------------------------------------------<
UniDSADemo.exe: 00001688: 18:53:27 [TUniServerModule]:Server First Init.
UniDSADemo.exe: 00001688: 18:53:27 [TUniServerModule]:Start Path = E:\Embacadeiro\Repositorios\unidsa-unigui-delphi\demo\Win32\Debug\
UniDSADemo.exe: 00001688: 18:53:27 [TUniGUISessionManager]:Cache erase job created, Folder count: [1]
UniDSADemo.exe: 00001688: 18:53:27 [TUniServerModule]:Starting HTTP Server on Port: 8077...
UniDSADemo.exe: 00001688: 18:53:27 [TUniServerModule]:HTTP Server Started on Port: 8077
UniDSADemo.exe: 0000300C: 18:53:30 [127.0.0.1]:EUniSessionException : Invalid session or session Timeout. (Session not found: 5zyfroNjpP10D2641BB ) : Addr: $01001C43
UniDSADemo.exe: 00000480: 19:16:58 []:>--------------------------------------------------------------<
UniDSADemo.exe: 00000480: 19:16:58 [TUniServerModule]:Server First Init.
UniDSADemo.exe: 00000480: 19:16:58 [TUniServerModule]:Start Path = E:\Embacadeiro\Repositorios\unidsa-unigui-delphi\demo\Win32\Debug\
UniDSADemo.exe: 00000480: 19:16:58 [TUniServerModule]:Starting HTTP Server on Port: 8077...
UniDSADemo.exe: 00000480: 19:16:58 [TUniServerModule]:HTTP Server Started on Port: 8077
UniDSADemo.exe: 00001F5C: 19:16:58 [Class TUniSimplePanel not found-127.0.0.1]:EClassNotFound : Class TUniSimplePanel not found : Addr: $5E73CC4E
UniDSADemo.exe: 00001F5C: 19:16:58 [127.0.0.1]:EUniSessionException : Invalid session or session Timeout. (Session not found: ksXJFtzd8p10D2643AC ) : Addr: $00262FAF
UniDSADemo.exe: 00001F5C: 19:16:58 [127.0.0.1]:EUniSessionException : Invalid session or session Timeout. (Session not found: ksXJFtzd8p10D2643AC ) : Addr: $00262FAF
UniDSADemo.exe: 00001DE4: 19:17:15 []:>--------------------------------------------------------------<
UniDSADemo.exe: 00001DE4: 19:17:15 [TUniServerModule]:Server First Init.
UniDSADemo.exe: 00001DE4: 19:17:15 [TUniServerModule]:Start Path = E:\Embacadeiro\Repositorios\unidsa-unigui-delphi\demo\Win32\Debug\
UniDSADemo.exe: 00001DE4: 19:17:15 [TUniGUISessionManager]:Cache erase job created, Folder count: [1]
UniDSADemo.exe: 00001DE4: 19:17:15 [TUniServerModule]:Starting HTTP Server on Port: 8077...
UniDSADemo.exe: 00001DE4: 19:17:15 [TUniServerModule]:HTTP Server Started on Port: 8077
UniDSADemo.exe: 000013B0: 19:17:16 [127.0.0.1]:EUniSessionException : Invalid session or session Timeout. (Session not found: EGmz2YMRYl10D2649B9 ) : Addr: $00732FAF
UniDSADemo.exe: 000037E4: 19:17:16 [Class TUniSimplePanel not found-127.0.0.1]:EClassNotFound : Class TUniSimplePanel not found : Addr: $5E73CC4E
UniDSADemo.exe: 000022B4: 19:18:29 []:>--------------------------------------------------------------<
UniDSADemo.exe: 000022B4: 19:18:29 [TUniServerModule]:Server First Init.
UniDSADemo.exe: 000022B4: 19:18:29 [TUniServerModule]:Start Path = E:\Embacadeiro\Repositorios\unidsa-unigui-delphi\demo\Win32\Debug\
UniDSADemo.exe: 000022B4: 19:18:29 [TUniGUISessionManager]:Cache erase job created, Folder count: [1]
UniDSADemo.exe: 000022B4: 19:18:29 [TUniServerModule]:Starting HTTP Server on Port: 8077...
UniDSADemo.exe: 000022B4: 19:18:29 [TUniServerModule]:HTTP Server Started on Port: 8077
UniDSADemo.exe: 00003560: 19:18:30 [Class TUniSimplePanel not found-127.0.0.1]:EClassNotFound : Class TUniSimplePanel not found : Addr: $5E73CC4E
UniDSADemo.exe: 00001C7C: 19:18:30 [127.0.0.1]:EUniSessionException : Invalid session or session Timeout. (Session not found: ymBihUn8Us10D2649CE ) : Addr: $00D92FAF
UniDSADemo.exe: 00001C7C: 19:18:30 [127.0.0.1]:EUniSessionException : Invalid session or session Timeout. (Session not found: ymBihUn8Us10D2649CE ) : Addr: $00D92FAF
UniDSADemo.exe: 00002524: 19:19:02 []:>--------------------------------------------------------------<
UniDSADemo.exe: 00002524: 19:19:02 [TUniServerModule]:Server First Init.
UniDSADemo.exe: 00002524: 19:19:02 [TUniServerModule]:Start Path = E:\Embacadeiro\Repositorios\unidsa-unigui-delphi\demo\Win32\Debug\
UniDSADemo.exe: 00002524: 19:19:02 [TUniGUISessionManager]:Cache erase job created, Folder count: [1]
UniDSADemo.exe: 00002524: 19:19:02 [TUniServerModule]:Starting HTTP Server on Port: 8077...
UniDSADemo.exe: 00002524: 19:19:02 [TUniServerModule]:HTTP Server Started on Port: 8077
UniDSADemo.exe: 00002118: 19:19:02 [Class TUniSimplePanel not found-127.0.0.1]:EClassNotFound : Class TUniSimplePanel not found : Addr: $5E73CC4E
UniDSADemo.exe: 00002774: 19:19:02 [127.0.0.1]:EUniSessionException : Invalid session or session Timeout. (Session not found: HQwLDK7K4u10D264A24 ) : Addr: $001D1C8B
UniDSADemo.exe: 00002774: 19:19:02 [127.0.0.1]:EUniSessionException : Invalid session or session Timeout. (Session not found: HQwLDK7K4u10D264A24 ) : Addr: $001D1C8B
UniDSADemo.exe: 00003478: 19:19:31 []:>--------------------------------------------------------------<
UniDSADemo.exe: 00003478: 19:19:31 [TUniServerModule]:Server First Init.
UniDSADemo.exe: 00003478: 19:19:31 [TUniServerModule]:Start Path = E:\Embacadeiro\Repositorios\unidsa-unigui-delphi\demo\Win32\Debug\
UniDSADemo.exe: 00003478: 19:19:31 [TUniGUISessionManager]:Cache erase job created, Folder count: [1]
UniDSADemo.exe: 00003478: 19:19:31 [TUniServerModule]:Starting HTTP Server on Port: 8077...
UniDSADemo.exe: 00003478: 19:19:31 [TUniServerModule]:HTTP Server Started on Port: 8077
UniDSADemo.exe: 00000ED4: 19:19:33 [127.0.0.1]:EUniSessionException : Invalid session or session Timeout. (Session not found: cox6ayaiuP10D264A49 ) : Addr: $00FF1C8B
UniDSADemo.exe: 00001760: 19:20:50 []:>--------------------------------------------------------------<
UniDSADemo.exe: 00001760: 19:20:50 [TUniServerModule]:Server First Init.
UniDSADemo.exe: 00001760: 19:20:50 [TUniServerModule]:Start Path = E:\Embacadeiro\Repositorios\unidsa-unigui-delphi\demo\Win32\Debug\
UniDSADemo.exe: 00001760: 19:20:50 [TUniGUISessionManager]:Cache erase job created, Folder count: [1]
UniDSADemo.exe: 00001760: 19:20:50 [TUniServerModule]:Starting HTTP Server on Port: 8077...
UniDSADemo.exe: 00001760: 19:20:50 [TUniServerModule]:HTTP Server Started on Port: 8077
UniDSADemo.exe: 0000261C: 19:20:50 [127.0.0.1]:EUniSessionException : Invalid session or session Timeout. (Session not found: T6J7C6KrhB10D264A9C ) : Addr: $005C1C8B
UniDSADemo.exe: 00002B3C: 19:20:50 [Class TUniSimplePanel not found-127.0.0.1]:EClassNotFound : Class TUniSimplePanel not found : Addr: $5E73CC4E
UniDSADemo.exe: 00003360: 19:21:01 []:>--------------------------------------------------------------<
UniDSADemo.exe: 00003360: 19:21:01 [TUniServerModule]:Server First Init.
UniDSADemo.exe: 00003360: 19:21:01 [TUniServerModule]:Start Path = E:\Embacadeiro\Repositorios\unidsa-unigui-delphi\demo\Win32\Debug\
UniDSADemo.exe: 00003360: 19:21:01 [TUniGUISessionManager]:Cache erase job created, Folder count: [1]
UniDSADemo.exe: 00003360: 19:21:01 [TUniServerModule]:Starting HTTP Server on Port: 8077...
UniDSADemo.exe: 00003360: 19:21:01 [TUniServerModule]:HTTP Server Started on Port: 8077
UniDSADemo.exe: 00002374: 19:21:02 [127.0.0.1]:EUniSessionException : Invalid session or session Timeout. (Session not found: fjyhEb6doc10D264AC7 ) : Addr: $007B1C43
UniDSADemo.exe: 00000B70: 19:21:02 [Class TUniSimplePanel not found-127.0.0.1]:EClassNotFound : Class TUniSimplePanel not found : Addr: $5E73CC4E
UniDSADemo.exe: 00001338: 19:21:19 []:>--------------------------------------------------------------<
UniDSADemo.exe: 00001338: 19:21:19 [TUniServerModule]:Server First Init.
UniDSADemo.exe: 00001338: 19:21:19 [TUniServerModule]:Start Path = E:\Embacadeiro\Repositorios\unidsa-unigui-delphi\demo\Win32\Debug\
UniDSADemo.exe: 00001338: 19:21:19 [TUniGUISessionManager]:Cache erase job created, Folder count: [1]
UniDSADemo.exe: 00001338: 19:21:19 [TUniServerModule]:Starting HTTP Server on Port: 8077...
UniDSADemo.exe: 00001338: 19:21:19 [TUniServerModule]:HTTP Server Started on Port: 8077
UniDSADemo.exe: 000034F8: 19:21:20 [127.0.0.1]:EUniSessionException : Invalid session or session Timeout. (Session not found: TGMgB4T1qV10D264AD3 ) : Addr: $001A1C43
UniDSADemo.exe: 00002428: 19:21:20 [Class TUniSimplePanel not found-127.0.0.1]:EClassNotFound : Class TUniSimplePanel not found : Addr: $5E73CC4E
UniDSADemo.exe: 000018A4: 19:22:03 []:>--------------------------------------------------------------<
UniDSADemo.exe: 000018A4: 19:22:03 [TUniServerModule]:Server First Init.
UniDSADemo.exe: 000018A4: 19:22:03 [TUniServerModule]:Start Path = E:\Embacadeiro\Repositorios\unidsa-unigui-delphi\demo\Win32\Debug\
UniDSADemo.exe: 000018A4: 19:22:03 [TUniGUISessionManager]:Cache erase job created, Folder count: [1]
UniDSADemo.exe: 000018A4: 19:22:03 [TUniServerModule]:Starting HTTP Server on Port: 8077...
UniDSADemo.exe: 000018A4: 19:22:03 [TUniServerModule]:HTTP Server Started on Port: 8077
UniDSADemo.exe: 00002240: 19:22:04 [127.0.0.1]:EUniSessionException : Invalid session or session Timeout. (Session not found: HUgXPezXBT10D264AE8 ) : Addr: $00441C43
UniDSADemo.exe: 00002AEC: 19:22:04 [Class TUniSimplePanel not found-127.0.0.1]:EClassNotFound : Class TUniSimplePanel not found : Addr: $5E73CC4E
UniDSADemo.exe: 00002334: 19:22:22 []:>--------------------------------------------------------------<
UniDSADemo.exe: 00002334: 19:22:22 [TUniServerModule]:Server First Init.
UniDSADemo.exe: 00002334: 19:22:22 [TUniServerModule]:Start Path = E:\Embacadeiro\Repositorios\unidsa-unigui-delphi\demo\Win32\Debug\
UniDSADemo.exe: 00002334: 19:22:22 [TUniGUISessionManager]:Cache erase job created, Folder count: [1]
UniDSADemo.exe: 00002334: 19:22:22 [TUniServerModule]:Starting HTTP Server on Port: 8077...
UniDSADemo.exe: 00002334: 19:22:22 [TUniServerModule]:HTTP Server Started on Port: 8077
UniDSADemo.exe: 00002F24: 19:22:23 [Class TUniSimplePanel not found-127.0.0.1]:EClassNotFound : Class TUniSimplePanel not found : Addr: $5E73CC4E
UniDSADemo.exe: 00003970: 19:22:23 [127.0.0.1]:EUniSessionException : Invalid session or session Timeout. (Session not found: 94UfzbcWoa10D264B1B ) : Addr: $00A51C43
UniDSADemo.exe: 00003970: 19:22:23 [127.0.0.1]:EUniSessionException : Invalid session or session Timeout. (Session not found: 94UfzbcWoa10D264B1B ) : Addr: $00A51C43
UniDSADemo.exe: 00000484: 19:22:35 []:>--------------------------------------------------------------<
UniDSADemo.exe: 00000484: 19:22:35 [TUniServerModule]:Server First Init.
UniDSADemo.exe: 00000484: 19:22:35 [TUniServerModule]:Start Path = E:\Embacadeiro\Repositorios\unidsa-unigui-delphi\demo\Win32\Debug\
UniDSADemo.exe: 00000484: 19:22:35 [TUniGUISessionManager]:Cache erase job created, Folder count: [1]
UniDSADemo.exe: 00000484: 19:22:35 [TUniServerModule]:Starting HTTP Server on Port: 8077...
UniDSADemo.exe: 00000484: 19:22:35 [TUniServerModule]:HTTP Server Started on Port: 8077
UniDSADemo.exe: 00000FC0: 19:22:37 [127.0.0.1]:EUniSessionException : Invalid session or session Timeout. (Session not found: vhqTPNlMS410D264B31 ) : Addr: $00EB1C43
UniDSADemo.exe: 00003680: 19:22:37 [Class TUniSimplePanel not found-127.0.0.1]:EClassNotFound : Class TUniSimplePanel not found : Addr: $5E73CC4E
UniDSADemo.exe: 00001CE8: 19:23:38 []:>--------------------------------------------------------------<
UniDSADemo.exe: 00001CE8: 19:23:38 [TUniServerModule]:Server First Init.
UniDSADemo.exe: 00001CE8: 19:23:38 [TUniServerModule]:Start Path = E:\Embacadeiro\Repositorios\unidsa-unigui-delphi\demo\Win32\Debug\
UniDSADemo.exe: 00001CE8: 19:23:38 [TUniGUISessionManager]:Cache erase job created, Folder count: [1]
UniDSADemo.exe: 00001CE8: 19:23:38 [TUniServerModule]:Starting HTTP Server on Port: 8077...
UniDSADemo.exe: 00001CE8: 19:23:38 [TUniServerModule]:HTTP Server Started on Port: 8077
UniDSADemo.exe: 00003200: 19:23:39 [127.0.0.1]:EUniSessionException : Invalid session or session Timeout. (Session not found: I61qGxejIS10D264B41 ) : Addr: $00B61C43
UniDSADemo.exe: 000035C4: 19:23:39 [Class TUniSimplePanel not found-127.0.0.1]:EClassNotFound : Class TUniSimplePanel not found : Addr: $5E73CC4E
UniDSADemo.exe: 000035C4: 19:23:46 [Class TUniSimplePanel not found-127.0.0.1]:EClassNotFound : Class TUniSimplePanel not found : Addr: $5E73CC4E
UniDSADemo.exe: 000035C4: 19:23:47 [Class TUniSimplePanel not found-127.0.0.1]:EClassNotFound : Class TUniSimplePanel not found : Addr: $5E73CC4E
UniDSADemo.exe: 00001CE8: 19:23:54 [TUniServerModule]:Shutting Down Server.
UniDSADemo.exe: 00001CE8: 19:23:54 [TUniServerModule]:Stopping HTTP Server.
UniDSADemo.exe: 00001CE8: 19:23:55 [TUniServerModule]:HTTP Server Stopped.
UniDSADemo.exe: 00001CE8: 19:23:55 [TUniGUISessionManager]:Terminating Session manager.
UniDSADemo.exe: 00001CE8: 19:23:55 [TUniGUISessionManager]:Stopping Cache Eraser...
UniDSADemo.exe: 00001CE8: 19:23:55 [TUniGUISessionManager]:Cache Eraser Stopped.
UniDSADemo.exe: 00001CE8: 19:23:55 [TUniGUISessionManager]:Destroying Worker Threads.
UniDSADemo.exe: 00001CE8: 19:23:55 [TUniGUISessionManager]:Session manager terminated.
UniDSADemo.exe: 00001CE8: 19:23:55 [TUniWebSocketStack]:Terminating...
UniDSADemo.exe: 00001CE8: 19:23:55 [TUniGUIMessageQ]:Terminated.
UniDSADemo.exe: 00001CE8: 19:23:55 [TUniWebSocketStack]:Terminated.
UniDSADemo.exe: 00001CE8: 19:23:55 [TUniServerModule]:Server Shutdown Completed.
UniDSADemo.exe: 00001CE8: 19:23:55 []:<-------------------------------------------------------------->
UniDSADemo.exe: 00001CE8: 19:23:55 [Terminated]:Exit Code: 0
UniDSADemo.exe: 00002B40: 19:24:21 []:>--------------------------------------------------------------<
UniDSADemo.exe: 00002B40: 19:24:21 [TUniServerModule]:Server First Init.
UniDSADemo.exe: 00002B40: 19:24:21 [TUniServerModule]:Start Path = E:\Embacadeiro\Repositorios\unidsa-unigui-delphi\demo\Win32\Debug\
UniDSADemo.exe: 00002B40: 19:24:21 [TUniGUISessionManager]:Cache erase job created, Folder count: [1]
UniDSADemo.exe: 00002B40: 19:24:21 [TUniServerModule]:Starting HTTP Server on Port: 8077...
UniDSADemo.exe: 00002B40: 19:24:21 [TUniServerModule]:HTTP Server Started on Port: 8077
UniDSADemo.exe: 00000FDC: 19:24:22 [127.0.0.1]:EUniSessionException : Invalid session or session Timeout. (Session not found: 32WiCIvR8210D264B93 ) : Addr: $00D11C43
UniDSADemo.exe: 00000CE0: 19:24:22 [Class TUniSimplePanel not found-127.0.0.1]:EClassNotFound : Class TUniSimplePanel not found : Addr: $5E73CC4E
UniDSADemo.exe: 0000018C: 19:24:47 []:>--------------------------------------------------------------<
UniDSADemo.exe: 0000018C: 19:24:47 [TUniServerModule]:Server First Init.
UniDSADemo.exe: 0000018C: 19:24:47 [TUniServerModule]:Start Path = E:\Embacadeiro\Repositorios\unidsa-unigui-delphi\demo\Win32\Debug\
UniDSADemo.exe: 0000018C: 19:24:47 [TUniGUISessionManager]:Cache erase job created, Folder count: [1]
UniDSADemo.exe: 0000018C: 19:24:47 [TUniServerModule]:Starting HTTP Server on Port: 8077...
UniDSADemo.exe: 0000018C: 19:24:47 [TUniServerModule]:HTTP Server Started on Port: 8077
UniDSADemo.exe: 00000C1C: 19:24:48 [Class TUniSimplePanel not found-127.0.0.1]:EClassNotFound : Class TUniSimplePanel not found : Addr: $5E73CC4E
UniDSADemo.exe: 0000300C: 19:24:48 [127.0.0.1]:EUniSessionException : Invalid session or session Timeout. (Session not found: Vtpw5GhJvb10D264BBB ) : Addr: $008E1C43
UniDSADemo.exe: 0000300C: 19:24:48 [127.0.0.1]:EUniSessionException : Invalid session or session Timeout. (Session not found: Vtpw5GhJvb10D264BBB ) : Addr: $008E1C43
UniDSADemo.exe: 00002EAC: 19:25:13 []:>--------------------------------------------------------------<
UniDSADemo.exe: 00002EAC: 19:25:13 [TUniServerModule]:Server First Init.
UniDSADemo.exe: 00002EAC: 19:25:13 [TUniServerModule]:Start Path = E:\Embacadeiro\Repositorios\unidsa-unigui-delphi\demo\Win32\Debug\
UniDSADemo.exe: 00002EAC: 19:25:13 [TUniGUISessionManager]:Cache erase job created, Folder count: [1]
UniDSADemo.exe: 00002EAC: 19:25:13 [TUniServerModule]:Starting HTTP Server on Port: 8077...
UniDSADemo.exe: 00002EAC: 19:25:13 [TUniServerModule]:HTTP Server Started on Port: 8077
UniDSADemo.exe: 00002C3C: 19:25:14 [Class TUniSimplePanel not found-127.0.0.1]:EClassNotFound : Class TUniSimplePanel not found : Addr: $5E73CC4E
UniDSADemo.exe: 0000229C: 19:25:14 [127.0.0.1]:EUniSessionException : Invalid session or session Timeout. (Session not found: PTUbpB397L10D264BD9 ) : Addr: $00E71C43
UniDSADemo.exe: 00002C3C: 19:25:14 [127.0.0.1]:EUniSessionException : Invalid session or session Timeout. (Session not found: PTUbpB397L10D264BD9 ) : Addr: $00E71C43
UniDSADemo.exe: 00002D00: 19:25:24 []:>--------------------------------------------------------------<
UniDSADemo.exe: 00002D00: 19:25:24 [TUniServerModule]:Server First Init.
UniDSADemo.exe: 00002D00: 19:25:24 [TUniServerModule]:Start Path = E:\Embacadeiro\Repositorios\unidsa-unigui-delphi\demo\Win32\Debug\
UniDSADemo.exe: 00002D00: 19:25:24 [TUniGUISessionManager]:Cache erase job created, Folder count: [1]
UniDSADemo.exe: 00002D00: 19:25:24 [TUniServerModule]:Starting HTTP Server on Port: 8077...
UniDSADemo.exe: 00002D00: 19:25:24 [TUniServerModule]:HTTP Server Started on Port: 8077
UniDSADemo.exe: 000031D8: 19:25:25 [127.0.0.1]:EUniSessionException : Invalid session or session Timeout. (Session not found: vCDEaPH48n10D264BF8 ) : Addr: $00BF1C43
UniDSADemo.exe: 00001C38: 19:25:25 [127.0.0.1]:EUniSessionException : Invalid session or session Timeout. (Session not found: vCDEaPH48n10D264BF8 ) : Addr: $00BF1C43
UniDSADemo.exe: 000034F8: 19:26:52 []:>--------------------------------------------------------------<
UniDSADemo.exe: 000034F8: 19:26:52 [TUniServerModule]:Server First Init.
UniDSADemo.exe: 000034F8: 19:26:52 [TUniServerModule]:Start Path = E:\Embacadeiro\Repositorios\unidsa-unigui-delphi\demo\Win32\Debug\
UniDSADemo.exe: 000034F8: 19:26:52 [TUniGUISessionManager]:Cache erase job created, Folder count: [1]
UniDSADemo.exe: 000034F8: 19:26:52 [TUniServerModule]:Starting HTTP Server on Port: 8077...
UniDSADemo.exe: 000034F8: 19:26:52 [TUniServerModule]:HTTP Server Started on Port: 8077
UniDSADemo.exe: 00002DA4: 19:26:52 [127.0.0.1]:EUniSessionException : Invalid session or session Timeout. (Session not found: oEIJFjqrlk10D264C04 ) : Addr: $00DD1C43
UniDSADemo.exe: 00002324: 19:26:52 [Class TUniSimplePanel not found-127.0.0.1]:EClassNotFound : Class TUniSimplePanel not found : Addr: $5E73CC4E
UniDSADemo.exe: 00003258: 19:30:06 []:>--------------------------------------------------------------<
UniDSADemo.exe: 00003258: 19:30:06 [TUniServerModule]:Server First Init.
UniDSADemo.exe: 00003258: 19:30:06 [TUniServerModule]:Start Path = E:\Embacadeiro\Repositorios\unidsa-unigui-delphi\demo\Win32\Debug\
UniDSADemo.exe: 00003258: 19:30:07 [TUniGUISessionManager]:Cache erase job created, Folder count: [1]
UniDSADemo.exe: 00003258: 19:30:07 [TUniServerModule]:Starting HTTP Server on Port: 8077...
UniDSADemo.exe: 00003258: 19:30:07 [TUniServerModule]:HTTP Server Started on Port: 8077
UniDSADemo.exe: 000005E0: 19:30:07 [127.0.0.1]:EUniSessionException : Invalid session or session Timeout. (Session not found: qJuZ9UGvlF10D264C69 ) : Addr: $00972F67
UniDSADemo.exe: 00001AA4: 19:30:07 [Class TUniSimplePanel not found-127.0.0.1]:EClassNotFound : Class TUniSimplePanel not found : Addr: $5E73CC4E
UniDSADemo.exe: 000005E0: 19:30:10 [Class TUniSimplePanel not found-127.0.0.1]:EClassNotFound : Class TUniSimplePanel not found : Addr: $5E73CC4E
UniDSADemo.exe: 00002190: 19:31:18 []:>--------------------------------------------------------------<
UniDSADemo.exe: 00002190: 19:31:18 [TUniServerModule]:Server First Init.
UniDSADemo.exe: 00002190: 19:31:18 [TUniServerModule]:Start Path = E:\Embacadeiro\Repositorios\unidsa-unigui-delphi\demo\Win32\Debug\
UniDSADemo.exe: 00002190: 19:31:18 [TUniServerModule]:Debug Mode = ON
UniDSADemo.exe: 00002190: 19:31:18 [TUniGUISessionManager]:Cache erase job created, Folder count: [1]
UniDSADemo.exe: 00002190: 19:31:18 [TUniServerModule]:Starting HTTP Server on Port: 8077...
UniDSADemo.exe: 00002190: 19:31:18 [TUniServerModule]:HTTP Server Started on Port: 8077
UniDSADemo.exe: 00000BFC: 19:31:21 [127.0.0.1]:EUniSessionException : Invalid session or session Timeout. (Session not found: cJRX48UXO910D264D4E ) : Addr: $00292F67
UniDSADemo.exe: 00001F8C: 19:31:45 [Class TUniSimplePanel not found-127.0.0.1]:EClassNotFound : Class TUniSimplePanel not found : Addr: $5E73CC4E
UniDSADemo.exe: 00003940: 19:33:05 [Class TUniSimplePanel not found-127.0.0.1]:EClassNotFound : Class TUniSimplePanel not found : Addr: $5E73CC4E
UniDSADemo.exe: 00002D10: 19:33:07 [127.0.0.1]:EUniSessionException : Invalid session or session Timeout. (Session not found: igDhcnkhKY10D264DA0 ) : Addr: $00292F67
UniDSADemo.exe: 00000F60: 19:34:42 []:>--------------------------------------------------------------<
UniDSADemo.exe: 00000F60: 19:34:42 [TUniServerModule]:Server First Init.
UniDSADemo.exe: 00000F60: 19:34:42 [TUniServerModule]:Start Path = E:\Embacadeiro\Repositorios\unidsa-unigui-delphi\demo\Win32\Debug\
UniDSADemo.exe: 00000F60: 19:34:42 [TUniGUISessionManager]:Cache erase job created, Folder count: [1]
UniDSADemo.exe: 00000F60: 19:34:42 [TUniServerModule]:Starting HTTP Server on Port: 8077...
UniDSADemo.exe: 00000F60: 19:34:42 [TUniServerModule]:HTTP Server Started on Port: 8077
UniDSADemo.exe: 00001540: 19:34:43 [HandleFileRequest[127.0.0.1]]:File not found: E:\Embacadeiro\Repositorios\unidsa-unigui-delphi\demo\Win32\Debug\cache\unidsademo_exe\D25HzRQ61i10D264DD8\favicon.ico
UniDSADemo.exe: 000024D4: 19:34:43 [Class TUniSimplePanel not found-127.0.0.1]:EClassNotFound : Class TUniSimplePanel not found : Addr: $5E73CC4E
UniDSADemo.exe: 00002314: 19:34:56 []:>--------------------------------------------------------------<
UniDSADemo.exe: 00002314: 19:34:56 [TUniServerModule]:Server First Init.
UniDSADemo.exe: 00002314: 19:34:56 [TUniServerModule]:Start Path = E:\Embacadeiro\Repositorios\unidsa-unigui-delphi\demo\Win32\Debug\
UniDSADemo.exe: 00002314: 19:34:56 [TUniGUISessionManager]:Cache erase job created, Folder count: [1]
UniDSADemo.exe: 00002314: 19:34:56 [TUniServerModule]:Starting HTTP Server on Port: 8077...
UniDSADemo.exe: 00002314: 19:34:56 [TUniServerModule]:HTTP Server Started on Port: 8077
UniDSADemo.exe: 00002D78: 19:34:57 [127.0.0.1]:EUniSessionException : Invalid session or session Timeout. (Session not found: XwF3YUF4Q110D264E8A ) : Addr: $00472F67
UniDSADemo.exe: 000033FC: 19:34:57 [Class TUniSimplePanel not found-127.0.0.1]:EClassNotFound : Class TUniSimplePanel not found : Addr: $5E73CC4E
UniDSADemo.exe: 00002504: 19:35:42 []:>--------------------------------------------------------------<
UniDSADemo.exe: 00002504: 19:35:42 [TUniServerModule]:Server First Init.
UniDSADemo.exe: 00002504: 19:35:42 [TUniServerModule]:Start Path = E:\Embacadeiro\Repositorios\unidsa-unigui-delphi\demo\Win32\Debug\
UniDSADemo.exe: 00002504: 19:35:42 [TUniGUISessionManager]:Cache erase job created, Folder count: [1]
UniDSADemo.exe: 00002504: 19:35:42 [TUniServerModule]:Starting HTTP Server on Port: 8077...
UniDSADemo.exe: 00002504: 19:35:42 [TUniServerModule]:HTTP Server Started on Port: 8077
UniDSADemo.exe: 00003B98: 19:35:42 [127.0.0.1]:EUniSessionException : Invalid session or session Timeout. (Session not found: IKrMwIQtXy10D264E9A ) : Addr: $00CE3303
UniDSADemo.exe: 00002598: 19:36:01 []:>--------------------------------------------------------------<
UniDSADemo.exe: 00002598: 19:36:01 [TUniServerModule]:Server First Init.
UniDSADemo.exe: 00002598: 19:36:02 [TUniServerModule]:Start Path = E:\Embacadeiro\Repositorios\unidsa-unigui-delphi\demo\Win32\Debug\
UniDSADemo.exe: 00002598: 19:36:02 [TUniGUISessionManager]:Cache erase job created, Folder count: [1]
UniDSADemo.exe: 00002598: 19:36:02 [TUniServerModule]:Starting HTTP Server on Port: 8077...
UniDSADemo.exe: 00002598: 19:36:02 [TUniServerModule]:HTTP Server Started on Port: 8077
UniDSADemo.exe: 00001BBC: 19:36:02 [127.0.0.1]:EUniSessionException : Invalid session or session Timeout. (Session not found: U5GsPHwusC10D264ECF ) : Addr: $00FA3303
UniDSADemo.exe: 000019B8: 20:13:42 [127.0.0.1]:EUniSessionException : Invalid session or session Timeout. (Session not found: BDh5s4SKSF10D264EE6 ) : Addr: $00FA3303
UniDSADemo.exe: 000007A8: 20:22:58 []:>--------------------------------------------------------------<
UniDSADemo.exe: 000007A8: 20:22:58 [TUniServerModule]:Server First Init.
UniDSADemo.exe: 000007A8: 20:22:58 [TUniServerModule]:Start Path = E:\Embacadeiro\Repositorios\unidsa-unigui-delphi\demo\Win32\Debug\
UniDSADemo.exe: 000007A8: 20:22:58 [TUniGUISessionManager]:Cache erase job created, Folder count: [1]
UniDSADemo.exe: 000007A8: 20:22:58 [TUniServerModule]:Starting HTTP Server on Port: 8077...
UniDSADemo.exe: 000007A8: 20:22:58 [TUniServerModule]:HTTP Server Started on Port: 8077
UniDSADemo.exe: 00001250: 20:22:59 [127.0.0.1]:EUniSessionException : Invalid session or session Timeout. (Session not found: eWv358hH6410D265B8E ) : Addr: $00903303
UniDSADemo.exe: 00001974: 20:23:09 []:>--------------------------------------------------------------<
UniDSADemo.exe: 00001974: 20:23:09 [TUniServerModule]:Server First Init.
UniDSADemo.exe: 00001974: 20:23:09 [TUniServerModule]:Start Path = E:\Embacadeiro\Repositorios\unidsa-unigui-delphi\demo\Win32\Debug\
UniDSADemo.exe: 00001974: 20:23:09 [TUniGUISessionManager]:Cache erase job created, Folder count: [1]
UniDSADemo.exe: 00001974: 20:23:09 [TUniServerModule]:Starting HTTP Server on Port: 8077...
UniDSADemo.exe: 00001974: 20:23:09 [TUniServerModule]:HTTP Server Started on Port: 8077
UniDSADemo.exe: 00001488: 20:23:10 [127.0.0.1]:EUniSessionException : Invalid session or session Timeout. (Session not found: BDfTHRlcDj10D265BA2 ) : Addr: $00203303
UniDSADemo.exe: 00001B54: 20:27:49 []:>--------------------------------------------------------------<
UniDSADemo.exe: 00001B54: 20:27:49 [TUniServerModule]:Server First Init.
UniDSADemo.exe: 00001B54: 20:27:49 [TUniServerModule]:Start Path = E:\Embacadeiro\Repositorios\unidsa-unigui-delphi\demo\Win32\Debug\
UniDSADemo.exe: 00001B54: 20:27:49 [TUniGUISessionManager]:Cache erase job created, Folder count: [1]
UniDSADemo.exe: 00001B54: 20:27:49 [TUniServerModule]:Starting HTTP Server on Port: 8077...
UniDSADemo.exe: 00001B54: 20:27:49 [TUniServerModule]:HTTP Server Started on Port: 8077
UniDSADemo.exe: 00001508: 20:27:49 [127.0.0.1]:EUniSessionException : Invalid session or session Timeout. (Session not found: C1DqcVYMDf10D265BAF ) : Addr: $01003303
UniDSADemo.exe: 00001AE4: 20:28:16 []:>--------------------------------------------------------------<
UniDSADemo.exe: 00001AE4: 20:28:16 [TUniServerModule]:Server First Init.
UniDSADemo.exe: 00001AE4: 20:28:16 [TUniServerModule]:Start Path = E:\Embacadeiro\Repositorios\unidsa-unigui-delphi\demo\Win32\Debug\
UniDSADemo.exe: 00001AE4: 20:28:16 [TUniGUISessionManager]:Cache erase job created, Folder count: [1]
UniDSADemo.exe: 00001AE4: 20:28:16 [TUniServerModule]:Starting HTTP Server on Port: 8077...
UniDSADemo.exe: 00001AE4: 20:28:16 [TUniServerModule]:HTTP Server Started on Port: 8077
UniDSADemo.exe: 000034B0: 20:28:18 [127.0.0.1]:EUniSessionException : Invalid session or session Timeout. (Session not found: 1cQ15z3MsV10D265CF2 ) : Addr: $00F33303
UniDSADemo.exe: 000034B0: 20:28:18 [127.0.0.1]:EUniSessionException : Invalid session or session Timeout. (Session not found: 1cQ15z3MsV10D265CF2 ) : Addr: $00F33303
UniDSADemo.exe: 00003D58: 20:32:18 []:>--------------------------------------------------------------<
UniDSADemo.exe: 00003D58: 20:32:18 [TUniServerModule]:Server First Init.
UniDSADemo.exe: 00003D58: 20:32:18 [TUniServerModule]:Start Path = E:\Embacadeiro\Repositorios\unidsa-unigui-delphi\demo\Win32\Debug\
UniDSADemo.exe: 00003D58: 20:32:18 [TUniGUISessionManager]:Cache erase job created, Folder count: [1]
UniDSADemo.exe: 00003D58: 20:32:18 [TUniServerModule]:Starting HTTP Server on Port: 8077...
UniDSADemo.exe: 00003D58: 20:32:18 [TUniServerModule]:HTTP Server Started on Port: 8077
UniDSADemo.exe: 00003A50: 20:32:18 [127.0.0.1]:EUniSessionException : Invalid session or session Timeout. (Session not found: 9fUNY8T6b510D265D13 ) : Addr: $00E13303
UniDSADemo.exe: 000020FC: 20:33:29 []:>--------------------------------------------------------------<
UniDSADemo.exe: 000020FC: 20:33:29 [TUniServerModule]:Server First Init.
UniDSADemo.exe: 000020FC: 20:33:29 [TUniServerModule]:Start Path = E:\Embacadeiro\Repositorios\unidsa-unigui-delphi\demo\Win32\Debug\
UniDSADemo.exe: 000020FC: 20:33:29 [TUniGUISessionManager]:Cache erase job created, Folder count: [1]
UniDSADemo.exe: 000020FC: 20:33:29 [TUniServerModule]:Starting HTTP Server on Port: 8077...
UniDSADemo.exe: 000020FC: 20:33:29 [TUniServerModule]:HTTP Server Started on Port: 8077
UniDSADemo.exe: 00000864: 20:33:29 [127.0.0.1]:EUniSessionException : Invalid session or session Timeout. (Session not found: lXURXczQQ410D265E2A ) : Addr: $00AF3303
UniDSADemo.exe: 00001788: 20:34:12 []:>--------------------------------------------------------------<
UniDSADemo.exe: 00001788: 20:34:12 [TUniServerModule]:Server First Init.
UniDSADemo.exe: 00001788: 20:34:12 [TUniServerModule]:Start Path = E:\Embacadeiro\Repositorios\unidsa-unigui-delphi\demo\Win32\Debug\
UniDSADemo.exe: 00001788: 20:34:12 [TUniGUISessionManager]:Cache erase job created, Folder count: [1]
UniDSADemo.exe: 00001788: 20:34:12 [TUniServerModule]:Starting HTTP Server on Port: 8077...
UniDSADemo.exe: 00001788: 20:34:12 [TUniServerModule]:HTTP Server Started on Port: 8077
UniDSADemo.exe: 00003AB0: 20:34:12 [127.0.0.1]:EUniSessionException : Invalid session or session Timeout. (Session not found: pEJF1amlhE10D265E7B ) : Addr: $00623303
UniDSADemo.exe: 00003160: 20:35:08 []:>--------------------------------------------------------------<
UniDSADemo.exe: 00003160: 20:35:08 [TUniServerModule]:Server First Init.
UniDSADemo.exe: 00003160: 20:35:08 [TUniServerModule]:Start Path = E:\Embacadeiro\Repositorios\unidsa-unigui-delphi\demo\Win32\Debug\
UniDSADemo.exe: 00003160: 20:35:08 [TUniGUISessionManager]:Cache erase job created, Folder count: [1]
UniDSADemo.exe: 00003160: 20:35:08 [TUniServerModule]:Starting HTTP Server on Port: 8077...
UniDSADemo.exe: 00003160: 20:35:08 [TUniServerModule]:HTTP Server Started on Port: 8077
UniDSADemo.exe: 00003AE0: 20:35:08 [127.0.0.1]:EUniSessionException : Invalid session or session Timeout. (Session not found: 913FBM2iPA10D265EAD ) : Addr: $00C33303
UniDSADemo.exe: 000014BC: 20:35:25 []:>--------------------------------------------------------------<
UniDSADemo.exe: 000014BC: 20:35:25 [TUniServerModule]:Server First Init.
UniDSADemo.exe: 000014BC: 20:35:25 [TUniServerModule]:Start Path = E:\Embacadeiro\Repositorios\unidsa-unigui-delphi\demo\Win32\Debug\
UniDSADemo.exe: 000014BC: 20:35:25 [TUniGUISessionManager]:Cache erase job created, Folder count: [1]
UniDSADemo.exe: 000014BC: 20:35:25 [TUniServerModule]:Starting HTTP Server on Port: 8077...
UniDSADemo.exe: 000014BC: 20:35:25 [TUniServerModule]:HTTP Server Started on Port: 8077
UniDSADemo.exe: 000012C0: 20:35:26 [127.0.0.1]:EUniSessionException : Invalid session or session Timeout. (Session not found: 3c2uxTWrsT10D265EEE ) : Addr: $006E3303
UniDSADemo.exe: 000037D8: 20:35:35 []:>--------------------------------------------------------------<
UniDSADemo.exe: 000037D8: 20:35:35 [TUniServerModule]:Server First Init.
UniDSADemo.exe: 000037D8: 20:35:35 [TUniServerModule]:Start Path = E:\Embacadeiro\Repositorios\unidsa-unigui-delphi\demo\Win32\Debug\
UniDSADemo.exe: 000037D8: 20:35:35 [TUniGUISessionManager]:Cache erase job created, Folder count: [1]
UniDSADemo.exe: 000037D8: 20:35:35 [TUniServerModule]:Starting HTTP Server on Port: 8077...
UniDSADemo.exe: 000037D8: 20:35:35 [TUniServerModule]:HTTP Server Started on Port: 8077
UniDSADemo.exe: 00003A60: 20:35:35 [127.0.0.1]:EUniSessionException : Invalid session or session Timeout. (Session not found: eS4hYKX5OK10D265F02 ) : Addr: $00AE3303
UniDSADemo.exe: 00002F94: 20:35:45 []:>--------------------------------------------------------------<
UniDSADemo.exe: 00002F94: 20:35:45 [TUniServerModule]:Server First Init.
UniDSADemo.exe: 00002F94: 20:35:45 [TUniServerModule]:Start Path = E:\Embacadeiro\Repositorios\unidsa-unigui-delphi\demo\Win32\Debug\
UniDSADemo.exe: 00002F94: 20:35:45 [TUniGUISessionManager]:Cache erase job created, Folder count: [1]
UniDSADemo.exe: 00002F94: 20:35:45 [TUniServerModule]:Starting HTTP Server on Port: 8077...
UniDSADemo.exe: 00002F94: 20:35:45 [TUniServerModule]:HTTP Server Started on Port: 8077
UniDSADemo.exe: 000001F8: 20:35:46 [127.0.0.1]:EUniSessionException : Invalid session or session Timeout. (Session not found: kulrPKluCp10D265F0D ) : Addr: $00E03303
UniDSADemo.exe: 00002F84: 20:38:26 []:>--------------------------------------------------------------<
UniDSADemo.exe: 00002F84: 20:38:26 [TUniServerModule]:Server First Init.
UniDSADemo.exe: 00002F84: 20:38:26 [TUniServerModule]:Start Path = E:\Embacadeiro\Repositorios\unidsa-unigui-delphi\demo\Win32\Debug\
UniDSADemo.exe: 00002F84: 20:38:26 [TUniGUISessionManager]:Cache erase job created, Folder count: [1]
UniDSADemo.exe: 00002F84: 20:38:26 [TUniServerModule]:Starting HTTP Server on Port: 8077...
UniDSADemo.exe: 00002F84: 20:38:26 [TUniServerModule]:HTTP Server Started on Port: 8077
UniDSADemo.exe: 00002FD8: 20:38:27 [127.0.0.1]:EUniSessionException : Invalid session or session Timeout. (Session not found: 97bkop5Zpi10D265F19 ) : Addr: $00323303
UniDSADemo.exe: 00003F78: 20:47:27 []:>--------------------------------------------------------------<
UniDSADemo.exe: 00003F78: 20:47:27 [TUniServerModule]:Server First Init.
UniDSADemo.exe: 00003F78: 20:47:27 [TUniServerModule]:Start Path = E:\Embacadeiro\Repositorios\unidsa-unigui-delphi\demo\Win32\Debug\
UniDSADemo.exe: 00003F78: 20:47:27 [TUniGUISessionManager]:Cache erase job created, Folder count: [1]
UniDSADemo.exe: 00003F78: 20:47:27 [TUniServerModule]:Starting HTTP Server on Port: 8077...
UniDSADemo.exe: 00003F78: 20:47:27 [TUniServerModule]:HTTP Server Started on Port: 8077
UniDSADemo.exe: 00003D48: 20:47:28 [127.0.0.1]:EUniSessionException : Invalid session or session Timeout. (Session not found: oANDWACiIW10D265FDE ) : Addr: $00223303
UniDSADemo.exe: 00003D48: 20:47:28 [127.0.0.1]:EUniSessionException : Invalid session or session Timeout. (Session not found: oANDWACiIW10D265FDE ) : Addr: $00223303
UniDSADemo.exe: 000034AC: 20:47:50 []:>--------------------------------------------------------------<
UniDSADemo.exe: 000034AC: 20:47:50 [TUniServerModule]:Server First Init.
UniDSADemo.exe: 000034AC: 20:47:50 [TUniServerModule]:Start Path = E:\Embacadeiro\Repositorios\unidsa-unigui-delphi\demo\Win32\Debug\
UniDSADemo.exe: 000034AC: 20:47:50 [TUniGUISessionManager]:Cache erase job created, Folder count: [1]
UniDSADemo.exe: 000034AC: 20:47:50 [TUniServerModule]:Starting HTTP Server on Port: 8077...
UniDSADemo.exe: 000034AC: 20:47:50 [TUniServerModule]:HTTP Server Started on Port: 8077
UniDSADemo.exe: 000039C0: 20:47:51 [127.0.0.1]:EUniSessionException : Invalid session or session Timeout. (Session not found: zwm1QpQpnE10D266247 ) : Addr: $00733303
UniDSADemo.exe: 000013DC: 20:48:23 []:>--------------------------------------------------------------<
UniDSADemo.exe: 000013DC: 20:48:23 [TUniServerModule]:Server First Init.
UniDSADemo.exe: 000013DC: 20:48:23 [TUniServerModule]:Start Path = E:\Embacadeiro\Repositorios\unidsa-unigui-delphi\demo\Win32\Debug\
UniDSADemo.exe: 000013DC: 20:48:23 [TUniGUISessionManager]:Cache erase job created, Folder count: [1]
UniDSADemo.exe: 000013DC: 20:48:23 [TUniServerModule]:Starting HTTP Server on Port: 8077...
UniDSADemo.exe: 000013DC: 20:48:23 [TUniServerModule]:HTTP Server Started on Port: 8077
UniDSADemo.exe: 00001DF8: 20:48:23 [127.0.0.1]:EUniSessionException : Invalid session or session Timeout. (Session not found: eOBrCKTRFx10D266260 ) : Addr: $00A53303
UniDSADemo.exe: 00000244: 20:48:41 []:>--------------------------------------------------------------<
UniDSADemo.exe: 00000244: 20:48:41 [TUniServerModule]:Server First Init.
UniDSADemo.exe: 00000244: 20:48:41 [TUniServerModule]:Start Path = E:\Embacadeiro\Repositorios\unidsa-unigui-delphi\demo\Win32\Debug\
UniDSADemo.exe: 00000244: 20:48:41 [TUniGUISessionManager]:Cache erase job created, Folder count: [1]
UniDSADemo.exe: 00000244: 20:48:41 [TUniServerModule]:Starting HTTP Server on Port: 8077...
UniDSADemo.exe: 00000244: 20:48:41 [TUniServerModule]:HTTP Server Started on Port: 8077
UniDSADemo.exe: 00000AD4: 20:48:42 [127.0.0.1]:EUniSessionException : Invalid session or session Timeout. (Session not found: qFhmQRPPpe10D266286 ) : Addr: $009D3303
UniDSADemo.exe: 000023A4: 21:08:31 []:>--------------------------------------------------------------<
UniDSADemo.exe: 000023A4: 21:08:31 [TUniServerModule]:Server First Init.
UniDSADemo.exe: 000023A4: 21:08:31 [TUniServerModule]:Start Path = E:\Embacadeiro\Repositorios\unidsa-unigui-delphi\demo\Win32\Debug\
UniDSADemo.exe: 000023A4: 21:08:31 [TUniServerModule]:Starting HTTP Server on Port: 8077...
UniDSADemo.exe: 000023A4: 21:08:31 [TUniServerModule]:HTTP Server Started on Port: 8077
UniDSADemo.exe: 00003970: 21:08:33 [127.0.0.1]:EUniSessionException : Invalid session or session Timeout. (Session not found: j6z9xENWvt10D26629C ) : Addr: $00473303
UniDSADemo.exe: 00001640: 21:08:45 []:>--------------------------------------------------------------<
UniDSADemo.exe: 00001640: 21:08:45 [TUniServerModule]:Server First Init.
UniDSADemo.exe: 00001640: 21:08:45 [TUniServerModule]:Start Path = E:\Embacadeiro\Repositorios\unidsa-unigui-delphi\demo\Win32\Debug\
UniDSADemo.exe: 00001640: 21:08:45 [TUniGUISessionManager]:Cache erase job created, Folder count: [1]
UniDSADemo.exe: 00001640: 21:08:45 [TUniServerModule]:Starting HTTP Server on Port: 8077...
UniDSADemo.exe: 00001640: 21:08:45 [TUniServerModule]:HTTP Server Started on Port: 8077
UniDSADemo.exe: 00003F04: 21:08:46 [127.0.0.1]:EUniSessionException : Invalid session or session Timeout. (Session not found: cJtdhZdJcb10D2667FF ) : Addr: $00853303
UniDSADemo.exe: 00002758: 21:11:29 []:>--------------------------------------------------------------<
UniDSADemo.exe: 00002758: 21:11:29 [TUniServerModule]:Server First Init.
UniDSADemo.exe: 00002758: 21:11:29 [TUniServerModule]:Start Path = E:\Embacadeiro\Repositorios\unidsa-unigui-delphi\demo\Win32\Debug\
UniDSADemo.exe: 00002758: 21:11:29 [TUniGUISessionManager]:Cache erase job created, Folder count: [1]
UniDSADemo.exe: 00002758: 21:11:29 [TUniServerModule]:Starting HTTP Server on Port: 8077...
UniDSADemo.exe: 00002758: 21:11:29 [TUniServerModule]:HTTP Server Started on Port: 8077
UniDSADemo.exe: 00003D64: 21:11:30 [127.0.0.1]:EUniSessionException : Invalid session or session Timeout. (Session not found: 1Xywo9HERK10D26680E ) : Addr: $00E93303
UniDSADemo.exe: 0000262C: 21:12:04 []:>--------------------------------------------------------------<
UniDSADemo.exe: 0000262C: 21:12:04 [TUniServerModule]:Server First Init.
UniDSADemo.exe: 0000262C: 21:12:04 [TUniServerModule]:Start Path = E:\Embacadeiro\Repositorios\unidsa-unigui-delphi\demo\Win32\Debug\
UniDSADemo.exe: 0000262C: 21:12:04 [TUniGUISessionManager]:Cache erase job created, Folder count: [1]
UniDSADemo.exe: 0000262C: 21:12:04 [TUniServerModule]:Starting HTTP Server on Port: 8077...
UniDSADemo.exe: 0000262C: 21:12:04 [TUniServerModule]:HTTP Server Started on Port: 8077
UniDSADemo.exe: 00003180: 21:12:05 [127.0.0.1]:EUniSessionException : Invalid session or session Timeout. (Session not found: Y4K7TDSs8G10D2668CC ) : Addr: $010F3303
UniDSADemo.exe: 00003180: 21:12:05 [127.0.0.1]:EUniSessionException : Invalid session or session Timeout. (Session not found: Y4K7TDSs8G10D2668CC ) : Addr: $010F3303
UniDSADemo.exe: 00002A4C: 21:21:09 []:>--------------------------------------------------------------<
UniDSADemo.exe: 00002A4C: 21:21:09 [TUniServerModule]:Server First Init.
UniDSADemo.exe: 00002A4C: 21:21:09 [TUniServerModule]:Start Path = E:\Embacadeiro\Repositorios\unidsa-unigui-delphi\demo\Win32\Debug\
UniDSADemo.exe: 00002A4C: 21:21:09 [TUniGUISessionManager]:Cache erase job created, Folder count: [1]
UniDSADemo.exe: 00002A4C: 21:21:09 [TUniServerModule]:Starting HTTP Server on Port: 8077...
UniDSADemo.exe: 00002A4C: 21:21:09 [TUniServerModule]:HTTP Server Started on Port: 8077
UniDSADemo.exe: 00002C2C: 21:21:11 [127.0.0.1]:EUniSessionException : Invalid session or session Timeout. (Session not found: cLiRxaRyTG10D2668F4 ) : Addr: $007E3303
UniDSADemo.exe: 00002C2C: 21:21:11 [127.0.0.1]:EUniSessionException : Invalid session or session Timeout. (Session not found: cLiRxaRyTG10D2668F4 ) : Addr: $007E3303
UniDSADemo.exe: 00000734: 21:21:38 []:>--------------------------------------------------------------<
UniDSADemo.exe: 00000734: 21:21:38 [TUniServerModule]:Server First Init.
UniDSADemo.exe: 00000734: 21:21:38 [TUniServerModule]:Start Path = E:\Embacadeiro\Repositorios\unidsa-unigui-delphi\demo\Win32\Debug\
UniDSADemo.exe: 00000734: 21:21:38 [TUniGUISessionManager]:Cache erase job created, Folder count: [1]
UniDSADemo.exe: 00000734: 21:21:38 [TUniServerModule]:Starting HTTP Server on Port: 8077...
UniDSADemo.exe: 00000734: 21:21:38 [TUniServerModule]:HTTP Server Started on Port: 8077
UniDSADemo.exe: 00003808: 21:21:39 [127.0.0.1]:EUniSessionException : Invalid session or session Timeout. (Session not found: JIbh4WnivI10D266B6B ) : Addr: $00BE3303
UniDSADemo.exe: 00000F38: 21:21:39 [127.0.0.1]:EUniSessionException : Invalid session or session Timeout. (Session not found: JIbh4WnivI10D266B6B ) : Addr: $00BE3303
UniDSADemo.exe: 00003808: 21:21:39 [127.0.0.1]:EUniSessionException : Invalid session or session Timeout. (Session not found: JIbh4WnivI10D266B6B ) : Addr: $00BE3303
UniDSADemo.exe: 00003F6C: 21:25:45 []:>--------------------------------------------------------------<
UniDSADemo.exe: 00003F6C: 21:25:45 [TUniServerModule]:Server First Init.
UniDSADemo.exe: 00003F6C: 21:25:45 [TUniServerModule]:Start Path = E:\Embacadeiro\Repositorios\unidsa-unigui-delphi\demo\Win32\Debug\
UniDSADemo.exe: 00003F6C: 21:25:45 [TUniGUISessionManager]:Cache erase job created, Folder count: [1]
UniDSADemo.exe: 00003F6C: 21:25:46 [TUniServerModule]:Starting HTTP Server on Port: 8077...
UniDSADemo.exe: 00003F6C: 21:25:46 [TUniServerModule]:HTTP Server Started on Port: 8077
UniDSADemo.exe: 00003214: 21:25:47 [127.0.0.1]:EUniSessionException : Invalid session or session Timeout. (Session not found: scWJFEoZLg10D266B8C ) : Addr: $008C3303
UniDSADemo.exe: 00000ED8: 21:26:01 []:>--------------------------------------------------------------<
UniDSADemo.exe: 00000ED8: 21:26:01 [TUniServerModule]:Server First Init.
UniDSADemo.exe: 00000ED8: 21:26:01 [TUniServerModule]:Start Path = E:\Embacadeiro\Repositorios\unidsa-unigui-delphi\demo\Win32\Debug\
UniDSADemo.exe: 00000ED8: 21:26:01 [TUniGUISessionManager]:Cache erase job created, Folder count: [1]
UniDSADemo.exe: 00000ED8: 21:26:01 [TUniServerModule]:Starting HTTP Server on Port: 8077...
UniDSADemo.exe: 00000ED8: 21:26:01 [TUniServerModule]:HTTP Server Started on Port: 8077
UniDSADemo.exe: 000039BC: 21:26:02 [127.0.0.1]:EUniSessionException : Invalid session or session Timeout. (Session not found: qHDFTPCJz710D266CAB ) : Addr: $00D63303
UniDSADemo.exe: 000039BC: 21:26:02 [127.0.0.1]:EUniSessionException : Invalid session or session Timeout. (Session not found: qHDFTPCJz710D266CAB ) : Addr: $00D63303
UniDSADemo.exe: 00000530: 21:31:07 []:>--------------------------------------------------------------<
UniDSADemo.exe: 00000530: 21:31:07 [TUniServerModule]:Server First Init.
UniDSADemo.exe: 00000530: 21:31:07 [TUniServerModule]:Start Path = E:\Embacadeiro\Repositorios\unidsa-unigui-delphi\demo\Win32\Debug\
UniDSADemo.exe: 00000530: 21:31:07 [TUniGUISessionManager]:Cache erase job created, Folder count: [1]
UniDSADemo.exe: 00000530: 21:31:07 [TUniServerModule]:Starting HTTP Server on Port: 8077...
UniDSADemo.exe: 00000530: 21:31:07 [TUniServerModule]:HTTP Server Started on Port: 8077
UniDSADemo.exe: 000016DC: 21:31:07 [127.0.0.1]:EUniSessionException : Invalid session or session Timeout. (Session not found: QwjAEYVaW810D266CBC ) : Addr: $00DA3303
UniDSADemo.exe: 000016DC: 21:31:07 [127.0.0.1]:EUniSessionException : Invalid session or session Timeout. (Session not found: QwjAEYVaW810D266CBC ) : Addr: $00DA3303
UniDSADemo.exe: 00003FE0: 22:00:16 [127.0.0.1]:EUniSessionException : Invalid session or session Timeout. (Session not found: VxxnL9h1BA10D26710C ) : Addr: $00DA3303
UniDSADemo.exe: 00003FE0: 22:00:16 [127.0.0.1]:EUniSessionException : Invalid session or session Timeout. (Session not found: VxxnL9h1BA10D26710C ) : Addr: $00DA3303
UniDSADemo.exe: 00000530: 22:24:02 [Exit]:Unexpected attempt to terminate server application with Exit Code: 0
