UniDSADemo.exe: 00001CF0: 21:24:19 []:>--------------------------------------------------------------<
UniDSADemo.exe: 00001CF0: 21:24:19 [TUniServerModule]:Server First Init.
UniDSADemo.exe: 00001CF0: 21:24:19 [TUniServerModule]:Start Path = D:\Andamento\componente-unidsa-unigui\demo\Win32\Debug\
UniDSADemo.exe: 00001CF0: 21:24:19 [TUniServerModule]:Starting HTTP Server on Port: 8077...
UniDSADemo.exe: 00001CF0: 21:24:19 [TUniServerModule]:HTTP Server Started on Port: 8077
UniDSADemo.exe: 00001CF0: 21:27:49 [TUniServerModule]:Shutting Down Server.
UniDSADemo.exe: 00001CF0: 21:27:49 [TUniServerModule]:Stopping HTTP Server.
UniDSADemo.exe: 00001CF0: 21:27:50 [TUniServerModule]:HTTP Server Stopped.
UniDSADemo.exe: 00001CF0: 21:27:50 [TUniGUISessionManager]:Terminating Session manager.
UniDSADemo.exe: 00001CF0: 21:27:50 [TUniGUISessionManager]:Stopping Cache Eraser...
UniDSADemo.exe: 00001CF0: 21:27:50 [TUniGUISessionManager]:Cache Eraser Stopped.
UniDSADemo.exe: 00001CF0: 21:27:50 [TUniGUISessionManager]:Destroying Worker Threads.
UniDSADemo.exe: 00001CF0: 21:27:50 [TUniGUISessionManager]:Session manager terminated.
UniDSADemo.exe: 00001CF0: 21:27:50 [TUniServerModule]:Server Shutdown Completed.
UniDSADemo.exe: 00001CF0: 21:27:50 []:<-------------------------------------------------------------->
UniDSADemo.exe: 00001CF0: 21:27:50 [Terminated]:Exit Code: 0
UniDSADemo.exe: 000025BC: 21:27:52 []:>--------------------------------------------------------------<
UniDSADemo.exe: 000025BC: 21:27:52 [TUniServerModule]:Server First Init.
UniDSADemo.exe: 000025BC: 21:27:52 [TUniServerModule]:Start Path = D:\Andamento\componente-unidsa-unigui\demo\Win32\Debug\
UniDSADemo.exe: 000025BC: 21:27:52 [TUniServerModule]:Starting HTTP Server on Port: 8077...
UniDSADemo.exe: 000025BC: 21:27:52 [TUniServerModule]:HTTP Server Started on Port: 8077
UniDSADemo.exe: 000023AC: 21:27:55 [127.0.0.1]:EUniSessionException : Invalid session or session Timeout. (Session not found: sgCoEqpIsc10B48D133 ) : Addr: $00ABD923
UniDSADemo.exe: 000023AC: 21:27:55 [HandleFileRequest[127.0.0.1]]:File not found: D:\Andamento\componente-unidsa-unigui\demo\Win32\Debug\files\dsa\js\jquery-confirm.min.js
UniDSADemo.exe: 00003A64: 21:27:57 [127.0.0.1]:ERangeError : Range check error : Addr: $00B5462E
UniDSADemo.exe: 00003A64: 21:28:00 [127.0.0.1]:ERangeError : Range check error : Addr: $00B5462E
UniDSADemo.exe: 00002EF8: 21:28:16 [HandleFileRequest[127.0.0.1]]:File not found: D:\Andamento\componente-unidsa-unigui\demo\Win32\Debug\favicon.ico
UniDSADemo.exe: 00000620: 21:28:27 [HandleFileRequest[127.0.0.1]]:File not found: D:\Andamento\componente-unidsa-unigui\demo\Win32\Debug\files\dsa\js\jquery-confirm.min.js
UniDSADemo.exe: 0000138C: 21:28:31 [127.0.0.1]:ERangeError : Range check error : Addr: $00B5462E
UniDSADemo.exe: 000025BC: 21:28:47 [TUniServerModule]:Shutting Down Server.
UniDSADemo.exe: 000025BC: 21:28:47 [TUniServerModule]:Stopping HTTP Server.
UniDSADemo.exe: 000025BC: 21:28:48 [TUniServerModule]:HTTP Server Stopped.
UniDSADemo.exe: 000025BC: 21:28:48 [TUniGUISessionManager]:Terminating Session manager.
UniDSADemo.exe: 000025BC: 21:28:48 [TUniGUISessionManager]:Stopping Cache Eraser...
UniDSADemo.exe: 000025BC: 21:28:48 [TUniGUISessionManager]:Cache Eraser Stopped.
UniDSADemo.exe: 000025BC: 21:28:48 [TUniGUISessionManager]:Waiting for session manager thread...
UniDSADemo.exe: 000018FC: 21:29:51 []:>--------------------------------------------------------------<
UniDSADemo.exe: 000018FC: 21:29:51 [TUniServerModule]:Server First Init.
UniDSADemo.exe: 000018FC: 21:29:51 [TUniServerModule]:Start Path = D:\Andamento\componente-unidsa-unigui\demo\Win32\Debug\
UniDSADemo.exe: 000018FC: 21:29:51 [TUniGUISessionManager]:Cache erase job created, Folder count: [2]
UniDSADemo.exe: 000018FC: 21:29:51 [TUniServerModule]:Starting HTTP Server on Port: 8077...
UniDSADemo.exe: 000018FC: 21:29:51 [TUniServerModule]:HTTP Server Started on Port: 8077
UniDSADemo.exe: 00003B5C: 21:29:53 [127.0.0.1]:EUniSessionException : Invalid session or session Timeout. (Session not found: FWAWegIAVN10B48D39F ) : Addr: $00B9D923
UniDSADemo.exe: 00003B5C: 21:29:53 [HandleFileRequest[127.0.0.1]]:File not found: D:\Andamento\componente-unidsa-unigui\demo\Win32\Debug\files\dsa\js\jquery-confirm.min.js
UniDSADemo.exe: 000037E4: 21:29:54 [127.0.0.1]:ERangeError : Range check error : Addr: $00C3462E
UniDSADemo.exe: 000018FC: 21:30:14 [TUniServerModule]:Shutting Down Server.
UniDSADemo.exe: 000018FC: 21:30:14 [TUniServerModule]:Stopping HTTP Server.
UniDSADemo.exe: 000018FC: 21:30:15 [TUniServerModule]:HTTP Server Stopped.
UniDSADemo.exe: 000018FC: 21:30:15 [TUniGUISessionManager]:Terminating Session manager.
UniDSADemo.exe: 000018FC: 21:30:15 [TUniGUISessionManager]:Stopping Cache Eraser...
UniDSADemo.exe: 000018FC: 21:30:15 [TUniGUISessionManager]:Cache Eraser Stopped.
UniDSADemo.exe: 000018FC: 21:30:15 [TUniGUISessionManager]:Destroying Worker Threads.
UniDSADemo.exe: 000018FC: 21:30:15 [TUniGUISessionManager]:Session manager terminated.
UniDSADemo.exe: 000018FC: 21:30:15 [TUniServerModule]:Server Shutdown Completed.
UniDSADemo.exe: 000018FC: 21:30:15 []:<-------------------------------------------------------------->
UniDSADemo.exe: 000018FC: 21:30:15 [Terminated]:Exit Code: 0
UniDSADemo.exe: 00002084: 21:30:24 []:>--------------------------------------------------------------<
UniDSADemo.exe: 00002084: 21:30:24 [TUniServerModule]:Server First Init.
UniDSADemo.exe: 00002084: 21:30:24 [TUniServerModule]:Start Path = D:\Andamento\componente-unidsa-unigui\demo\Win32\Debug\
UniDSADemo.exe: 00002084: 21:30:24 [TUniServerModule]:Debug Mode = ON
UniDSADemo.exe: 00002084: 21:30:24 [TUniGUISessionManager]:Cache erase job created, Folder count: [1]
UniDSADemo.exe: 00002084: 21:30:24 [TUniServerModule]:Starting HTTP Server on Port: 8077...
UniDSADemo.exe: 00002084: 21:30:24 [TUniServerModule]:HTTP Server Started on Port: 8077
UniDSADemo.exe: 000007BC: 21:30:30 [127.0.0.1]:EUniSessionException : Invalid session or session Timeout. (Session not found: pTKjLRRRh710B48D427 ) : Addr: $00B9D923
UniDSADemo.exe: 00003028: 21:30:31 [HandleFileRequest[127.0.0.1]]:File not found: D:\Andamento\componente-unidsa-unigui\demo\Win32\Debug\files\dsa\js\jquery-confirm.min.js
UniDSADemo.exe: 00001668: 21:30:49 [127.0.0.1]:ERangeError : Range check error : Addr: $00C3462E
UniDSADemo.exe: 00002390: 21:31:07 [127.0.0.1]:ERangeError : Range check error : Addr: $00C3462E
UniDSADemo.exe: 00001B98: 21:31:38 [127.0.0.1]:ERangeError : Range check error : Addr: $00C3462E
UniDSADemo.exe: 00002438: 21:32:37 []:>--------------------------------------------------------------<
UniDSADemo.exe: 00002438: 21:32:37 [TUniServerModule]:Server First Init.
UniDSADemo.exe: 00002438: 21:32:37 [TUniServerModule]:Start Path = D:\Andamento\componente-unidsa-unigui\demo\Win32\Debug\
UniDSADemo.exe: 00002438: 21:32:37 [TUniGUISessionManager]:Cache erase job created, Folder count: [1]
UniDSADemo.exe: 00002438: 21:32:37 [TUniServerModule]:Starting HTTP Server on Port: 8077...
UniDSADemo.exe: 00002438: 21:32:37 [TUniServerModule]:HTTP Server Started on Port: 8077
UniDSADemo.exe: 000011E4: 21:32:40 [127.0.0.1]:EUniSessionException : Invalid session or session Timeout. (Session not found: nXiLZuYBFh10B48D453 ) : Addr: $007DD923
UniDSADemo.exe: 000011E4: 21:32:40 [HandleFileRequest[127.0.0.1]]:File not found: D:\Andamento\componente-unidsa-unigui\demo\Win32\Debug\files\dsa\js\jquery-confirm.min.js
UniDSADemo.exe: 000004AC: 21:32:41 [127.0.0.1]:ERangeError : Range check error : Addr: $0087462E
UniDSADemo.exe: 00002438: 21:34:10 [TUniServerModule]:Shutting Down Server.
UniDSADemo.exe: 00002438: 21:34:10 [TUniServerModule]:Stopping HTTP Server.
UniDSADemo.exe: 00002438: 21:34:11 [TUniServerModule]:HTTP Server Stopped.
UniDSADemo.exe: 00002438: 21:34:11 [TUniGUISessionManager]:Terminating Session manager.
UniDSADemo.exe: 00002438: 21:34:11 [TUniGUISessionManager]:Stopping Cache Eraser...
UniDSADemo.exe: 00002438: 21:34:11 [TUniGUISessionManager]:Cache Eraser Stopped.
UniDSADemo.exe: 00002438: 21:34:11 [TUniGUISessionManager]:Destroying Worker Threads.
UniDSADemo.exe: 00002438: 21:34:11 [TUniGUISessionManager]:Session manager terminated.
UniDSADemo.exe: 00002438: 21:34:11 [TUniServerModule]:Server Shutdown Completed.
UniDSADemo.exe: 00002438: 21:34:11 []:<-------------------------------------------------------------->
UniDSADemo.exe: 00002438: 21:34:11 [Terminated]:Exit Code: 0
UniDSADemo.exe: 00000BD8: 21:38:07 []:>--------------------------------------------------------------<
UniDSADemo.exe: 00000BD8: 21:38:07 [TUniServerModule]:Server First Init.
UniDSADemo.exe: 00000BD8: 21:38:07 [TUniServerModule]:Start Path = D:\Andamento\componente-unidsa-unigui\demo\Win32\Debug\
UniDSADemo.exe: 00000BD8: 21:38:07 [TUniGUISessionManager]:Cache erase job created, Folder count: [1]
UniDSADemo.exe: 00000BD8: 21:38:07 [TUniServerModule]:Starting HTTP Server on Port: 8077...
UniDSADemo.exe: 00000BD8: 21:38:07 [TUniServerModule]:HTTP Server Started on Port: 8077
UniDSADemo.exe: 00003380: 21:38:08 [127.0.0.1]:EUniSessionException : Invalid session or session Timeout. (Session not found: Rcd5S6BCP410B48D59C ) : Addr: $00BBE353
UniDSADemo.exe: 00003380: 21:38:09 [HandleFileRequest[127.0.0.1]]:File not found: D:\Andamento\componente-unidsa-unigui\demo\Win32\Debug\files\dsa\js\jquery-confirm.min.js
UniDSADemo.exe: 00002190: 21:38:11 [127.0.0.1]:ERangeError : Range check error : Addr: $00C55276
UniDSADemo.exe: 00002190: 21:38:12 [127.0.0.1]:ERangeError : Range check error : Addr: $00C55276
UniDSADemo.exe: 00000BD8: 21:38:20 [TUniServerModule]:Shutting Down Server.
UniDSADemo.exe: 00000BD8: 21:38:20 [TUniServerModule]:Stopping HTTP Server.
UniDSADemo.exe: 00000BD8: 21:38:21 [TUniServerModule]:HTTP Server Stopped.
UniDSADemo.exe: 00000BD8: 21:38:21 [TUniGUISessionManager]:Terminating Session manager.
UniDSADemo.exe: 00000BD8: 21:38:21 [TUniGUISessionManager]:Stopping Cache Eraser...
UniDSADemo.exe: 00000BD8: 21:38:21 [TUniGUISessionManager]:Cache Eraser Stopped.
UniDSADemo.exe: 00000BD8: 21:38:21 [TUniGUISessionManager]:Destroying Worker Threads.
UniDSADemo.exe: 00000BD8: 21:38:21 [TUniGUISessionManager]:Session manager terminated.
UniDSADemo.exe: 00000BD8: 21:38:21 [TUniServerModule]:Server Shutdown Completed.
UniDSADemo.exe: 00000BD8: 21:38:21 []:<-------------------------------------------------------------->
UniDSADemo.exe: 00000BD8: 21:38:21 [Terminated]:Exit Code: 0
UniDSADemo.exe: 00003FCC: 21:38:33 []:>--------------------------------------------------------------<
UniDSADemo.exe: 00003FCC: 21:38:33 [TUniServerModule]:Server First Init.
UniDSADemo.exe: 00003FCC: 21:38:33 [TUniServerModule]:Start Path = D:\Andamento\componente-unidsa-unigui\demo\Win32\Debug\
UniDSADemo.exe: 00003FCC: 21:38:33 [TUniServerModule]:Debug Mode = ON
UniDSADemo.exe: 00003FCC: 21:38:33 [TUniGUISessionManager]:Cache erase job created, Folder count: [1]
UniDSADemo.exe: 00003FCC: 21:38:33 [TUniServerModule]:Starting HTTP Server on Port: 8077...
UniDSADemo.exe: 00003FCC: 21:38:33 [TUniServerModule]:HTTP Server Started on Port: 8077
UniDSADemo.exe: 000026E0: 21:38:35 [127.0.0.1]:EUniSessionException : Invalid session or session Timeout. (Session not found: GnlPUUV7qB10B48D666 ) : Addr: $00BBE353
UniDSADemo.exe: 00001B34: 21:38:35 [HandleFileRequest[127.0.0.1]]:File not found: D:\Andamento\componente-unidsa-unigui\demo\Win32\Debug\files\dsa\js\jquery-confirm.min.js
UniDSADemo.exe: 000019B4: 21:39:02 [127.0.0.1]:ERangeError : Range check error : Addr: $00C55276
UniDSADemo.exe: 00002BBC: 21:39:59 []:>--------------------------------------------------------------<
UniDSADemo.exe: 00002BBC: 21:39:59 [TUniServerModule]:Server First Init.
UniDSADemo.exe: 00002BBC: 21:39:59 [TUniServerModule]:Start Path = D:\Andamento\componente-unidsa-unigui\demo\Win32\Debug\
UniDSADemo.exe: 00002BBC: 21:39:59 [TUniGUISessionManager]:Cache erase job created, Folder count: [1]
UniDSADemo.exe: 00002BBC: 21:39:59 [TUniServerModule]:Starting HTTP Server on Port: 8077...
UniDSADemo.exe: 00002BBC: 21:39:59 [TUniServerModule]:HTTP Server Started on Port: 8077
UniDSADemo.exe: 00000398: 21:39:59 [127.0.0.1]:EUniSessionException : Invalid session or session Timeout. (Session not found: bpNCc6ukxh10B48D684 ) : Addr: $00BAE353
UniDSADemo.exe: 00000398: 21:40:00 [HandleFileRequest[127.0.0.1]]:File not found: D:\Andamento\componente-unidsa-unigui\demo\Win32\Debug\files\dsa\js\jquery-confirm.min.js
UniDSADemo.exe: 00001B84: 21:40:01 [127.0.0.1]:ERangeError : Range check error : Addr: $00C45276
UniDSADemo.exe: 00002BBC: 21:44:50 [TUniServerModule]:Shutting Down Server.
UniDSADemo.exe: 00002BBC: 21:44:50 [TUniServerModule]:Stopping HTTP Server.
UniDSADemo.exe: 00002BBC: 21:44:51 [TUniServerModule]:HTTP Server Stopped.
UniDSADemo.exe: 00002BBC: 21:44:51 [TUniGUISessionManager]:Terminating Session manager.
UniDSADemo.exe: 00002BBC: 21:44:51 [TUniGUISessionManager]:Stopping Cache Eraser...
UniDSADemo.exe: 00002BBC: 21:44:51 [TUniGUISessionManager]:Cache Eraser Stopped.
UniDSADemo.exe: 00002BBC: 21:44:51 [TUniGUISessionManager]:Destroying Worker Threads.
UniDSADemo.exe: 00002BBC: 21:44:51 [TUniGUISessionManager]:Session manager terminated.
UniDSADemo.exe: 00002BBC: 21:44:51 [TUniServerModule]:Server Shutdown Completed.
UniDSADemo.exe: 00002BBC: 21:44:51 []:<-------------------------------------------------------------->
UniDSADemo.exe: 00002BBC: 21:44:52 [Terminated]:Exit Code: 0
UniDSADemo.exe: 00002E30: 21:44:57 []:>--------------------------------------------------------------<
UniDSADemo.exe: 00002E30: 21:44:57 [TUniServerModule]:Server First Init.
UniDSADemo.exe: 00002E30: 21:44:57 [TUniServerModule]:Start Path = D:\Andamento\componente-unidsa-unigui\demo\Win32\Debug\
UniDSADemo.exe: 00002E30: 21:44:57 [TUniServerModule]:Debug Mode = ON
UniDSADemo.exe: 00002E30: 21:44:57 [TUniGUISessionManager]:Cache erase job created, Folder count: [1]
UniDSADemo.exe: 00002E30: 21:44:57 [TUniServerModule]:Starting HTTP Server on Port: 8077...
UniDSADemo.exe: 00002E30: 21:44:57 [TUniServerModule]:HTTP Server Started on Port: 8077
UniDSADemo.exe: 00000D14: 21:45:05 [127.0.0.1]:EUniSessionException : Invalid session or session Timeout. (Session not found: pwHVU8bM4f10B48D6E6 ) : Addr: $0080E367
UniDSADemo.exe: 00002248: 21:45:05 [HandleFileRequest[127.0.0.1]]:File not found: D:\Andamento\componente-unidsa-unigui\demo\Win32\Debug\files\dsa\js\jquery-confirm.min.js
UniDSADemo.exe: 00002E30: 21:45:34 [TUniServerModule]:Shutting Down Server.
UniDSADemo.exe: 00002E30: 21:45:34 [TUniServerModule]:Stopping HTTP Server.
UniDSADemo.exe: 00002E30: 21:45:34 [TUniServerModule]:HTTP Server Stopped.
UniDSADemo.exe: 00002E30: 21:45:34 [TUniGUISessionManager]:Terminating Session manager.
UniDSADemo.exe: 00002E30: 21:45:34 [TUniGUISessionManager]:Stopping Cache Eraser...
UniDSADemo.exe: 00002E30: 21:45:34 [TUniGUISessionManager]:Cache Eraser Stopped.
UniDSADemo.exe: 00002E30: 21:45:34 [TUniGUISessionManager]:Destroying Worker Threads.
UniDSADemo.exe: 00002E30: 21:45:34 [TUniGUISessionManager]:Session manager terminated.
UniDSADemo.exe: 00002E30: 21:45:34 [TUniServerModule]:Server Shutdown Completed.
UniDSADemo.exe: 00002E30: 21:45:34 []:<-------------------------------------------------------------->
UniDSADemo.exe: 00002E30: 21:45:34 [Terminated]:Exit Code: 0
UniDSADemo.exe: 00003D24: 21:45:58 []:>--------------------------------------------------------------<
UniDSADemo.exe: 00003D24: 21:45:58 [TUniServerModule]:Server First Init.
UniDSADemo.exe: 00003D24: 21:45:58 [TUniServerModule]:Start Path = D:\Andamento\componente-unidsa-unigui\demo\Win32\Debug\
UniDSADemo.exe: 00003D24: 21:45:58 [TUniGUISessionManager]:Cache erase job created, Folder count: [1]
UniDSADemo.exe: 00003D24: 21:45:58 [TUniServerModule]:Starting HTTP Server on Port: 8077...
UniDSADemo.exe: 00003D24: 21:45:58 [TUniServerModule]:HTTP Server Started on Port: 8077
UniDSADemo.exe: 00002828: 21:46:00 [127.0.0.1]:EUniSessionException : Invalid session or session Timeout. (Session not found: mowZILfwpi10B48D847 ) : Addr: $00A1E367
UniDSADemo.exe: 00002828: 21:46:00 [HandleFileRequest[127.0.0.1]]:File not found: D:\Andamento\componente-unidsa-unigui\demo\Win32\Debug\files\dsa\js\jquery-confirm.min.js
UniDSADemo.exe: 00003D24: 21:46:13 [TUniServerModule]:Shutting Down Server.
UniDSADemo.exe: 00003D24: 21:46:13 [TUniServerModule]:Stopping HTTP Server.
UniDSADemo.exe: 00003D24: 21:46:14 [TUniServerModule]:HTTP Server Stopped.
UniDSADemo.exe: 00003D24: 21:46:14 [TUniGUISessionManager]:Terminating Session manager.
UniDSADemo.exe: 00003D24: 21:46:14 [TUniGUISessionManager]:Stopping Cache Eraser...
UniDSADemo.exe: 00003D24: 21:46:14 [TUniGUISessionManager]:Cache Eraser Stopped.
UniDSADemo.exe: 00003D24: 21:46:14 [TUniGUISessionManager]:Destroying Worker Threads.
UniDSADemo.exe: 00003D24: 21:46:14 [TUniGUISessionManager]:Session manager terminated.
UniDSADemo.exe: 00003D24: 21:46:14 [TUniServerModule]:Server Shutdown Completed.
UniDSADemo.exe: 00003D24: 21:46:14 []:<-------------------------------------------------------------->
UniDSADemo.exe: 00003D24: 21:46:14 [Terminated]:Exit Code: 0
UniDSADemo.exe: 00001210: 21:46:31 []:>--------------------------------------------------------------<
UniDSADemo.exe: 00001210: 21:46:31 [TUniServerModule]:Server First Init.
UniDSADemo.exe: 00001210: 21:46:31 [TUniServerModule]:Start Path = D:\Andamento\componente-unidsa-unigui\demo\Win32\Debug\
UniDSADemo.exe: 00001210: 21:46:31 [TUniGUISessionManager]:Cache erase job created, Folder count: [1]
UniDSADemo.exe: 00001210: 21:46:31 [TUniServerModule]:Starting HTTP Server on Port: 8077...
UniDSADemo.exe: 00001210: 21:46:31 [TUniServerModule]:HTTP Server Started on Port: 8077
UniDSADemo.exe: 00003E98: 21:46:35 [127.0.0.1]:EUniSessionException : Invalid session or session Timeout. (Session not found: hjaOaJEq2810B48D887 ) : Addr: $0102E367
UniDSADemo.exe: 00003E98: 21:46:35 [HandleFileRequest[127.0.0.1]]:File not found: D:\Andamento\componente-unidsa-unigui\demo\Win32\Debug\files\dsa\js\jquery-confirm.min.js
UniDSADemo.exe: 00001210: 21:46:58 [TUniServerModule]:Shutting Down Server.
UniDSADemo.exe: 00001210: 21:46:58 [TUniServerModule]:Stopping HTTP Server.
UniDSADemo.exe: 00001210: 21:46:59 [TUniServerModule]:HTTP Server Stopped.
UniDSADemo.exe: 00001210: 21:46:59 [TUniGUISessionManager]:Terminating Session manager.
UniDSADemo.exe: 00001210: 21:46:59 [TUniGUISessionManager]:Stopping Cache Eraser...
UniDSADemo.exe: 00001210: 21:46:59 [TUniGUISessionManager]:Cache Eraser Stopped.
UniDSADemo.exe: 00001210: 21:46:59 [TUniGUISessionManager]:Destroying Worker Threads.
UniDSADemo.exe: 00001210: 21:46:59 [TUniGUISessionManager]:Session manager terminated.
UniDSADemo.exe: 00001210: 21:46:59 [TUniServerModule]:Server Shutdown Completed.
UniDSADemo.exe: 00001210: 21:46:59 []:<-------------------------------------------------------------->
UniDSADemo.exe: 00001210: 21:46:59 [Terminated]:Exit Code: 0
UniDSADemo.exe: 00003B8C: 21:47:35 []:>--------------------------------------------------------------<
UniDSADemo.exe: 00003B8C: 21:47:35 [TUniServerModule]:Server First Init.
UniDSADemo.exe: 00003B8C: 21:47:35 [TUniServerModule]:Start Path = D:\Andamento\componente-unidsa-unigui\demo\Win32\Debug\
UniDSADemo.exe: 00003B8C: 21:47:35 [TUniServerModule]:Debug Mode = ON
UniDSADemo.exe: 00003B8C: 21:47:35 [TUniGUISessionManager]:Cache erase job created, Folder count: [1]
UniDSADemo.exe: 00003B8C: 21:47:35 [TUniServerModule]:Starting HTTP Server on Port: 8077...
UniDSADemo.exe: 00003B8C: 21:47:35 [TUniServerModule]:HTTP Server Started on Port: 8077
UniDSADemo.exe: 00003C68: 21:47:35 [127.0.0.1]:EUniSessionException : Invalid session or session Timeout. (Session not found: ub4KE9V52l10B48D8AF ) : Addr: $0102E367
UniDSADemo.exe: 00003F6C: 21:47:37 [127.0.0.1]:EUniSessionException : Invalid session or session Timeout. (Session not found: ub4KE9V52l10B48D8AF ) : Addr: $0102E367
UniDSADemo.exe: 00002AB4: 21:47:38 [127.0.0.1]:EUniSessionException : Invalid session or session Timeout. (Session not found: ub4KE9V52l10B48D8AF ) : Addr: $0102E367
UniDSADemo.exe: 00001B58: 21:47:38 [127.0.0.1]:EUniSessionException : Invalid session or session Timeout. (Session not found: ub4KE9V52l10B48D8AF ) : Addr: $0102E367
UniDSADemo.exe: 000001A0: 21:47:38 [127.0.0.1]:EUniSessionException : Invalid session or session Timeout. (Session not found: ub4KE9V52l10B48D8AF ) : Addr: $0102E367
UniDSADemo.exe: 00003FC8: 21:47:58 [HandleFileRequest[127.0.0.1]]:File not found: D:\Andamento\componente-unidsa-unigui\demo\Win32\Debug\files\dsa\js\jquery-confirm.min.js
