UniDSADemo.exe: 000053F4: 09:51:03 []:>--------------------------------------------------------------<
UniDSADemo.exe: 000053F4: 09:51:03 [TUniServerModule]:Server First Init.
UniDSADemo.exe: 000053F4: 09:51:03 [TUniServerModule]:Start Path = D:\Andamento\componente-unidsa-unigui\demo\Win32\Debug\
UniDSADemo.exe: 000053F4: 09:51:04 [TUniServerModule]:Starting HTTP Server on Port: 8077...
UniDSADemo.exe: 000053F4: 09:51:04 [TUniServerModule]:HTTP Server Started on Port: 8077
UniDSADemo.exe: 000053F4: 09:51:19 [TUniServerModule]:Shutting Down Server.
UniDSADemo.exe: 000053F4: 09:51:19 [TUniServerModule]:Stopping HTTP Server.
UniDSADemo.exe: 000053F4: 09:51:21 [TUniServerModule]:HTTP Server Stopped.
UniDSADemo.exe: 000053F4: 09:51:21 [TUniGUISessionManager]:Terminating Session manager.
UniDSADemo.exe: 000053F4: 09:51:21 [TUniGUISessionManager]:Stopping Cache Eraser...
UniDSADemo.exe: 000053F4: 09:51:21 [TUniGUISessionManager]:Cache Eraser Stopped.
UniDSADemo.exe: 000053F4: 09:51:21 [TUniGUISessionManager]:Destroying Worker Threads.
UniDSADemo.exe: 000053F4: 09:51:21 [TUniGUISessionManager]:Session manager terminated.
UniDSADemo.exe: 000053F4: 09:51:21 [TUniServerModule]:Server Shutdown Completed.
UniDSADemo.exe: 000053F4: 09:51:21 []:<-------------------------------------------------------------->
UniDSADemo.exe: 000053F4: 09:51:21 [Terminated]:Exit Code: 0
UniDSADemo.exe: 00003218: 09:51:31 []:>--------------------------------------------------------------<
UniDSADemo.exe: 00003218: 09:51:31 [TUniServerModule]:Server First Init.
UniDSADemo.exe: 00003218: 09:51:31 [TUniServerModule]:Start Path = D:\Andamento\componente-unidsa-unigui\demo\Win32\Debug\
UniDSADemo.exe: 00003218: 09:51:31 [TUniGUISessionManager]:Cache erase job created, Folder count: [1]
UniDSADemo.exe: 00003218: 09:51:31 [TUniServerModule]:Starting HTTP Server on Port: 8077...
UniDSADemo.exe: 00003218: 09:51:31 [TUniServerModule]:HTTP Server Started on Port: 8077
UniDSADemo.exe: 00003218: 09:51:34 [TUniServerModule]:Shutting Down Server.
UniDSADemo.exe: 00003218: 09:51:34 [TUniServerModule]:Stopping HTTP Server.
UniDSADemo.exe: 00003218: 09:51:34 [TUniServerModule]:HTTP Server Stopped.
UniDSADemo.exe: 00003218: 09:51:34 [TUniGUISessionManager]:Terminating Session manager.
UniDSADemo.exe: 00003218: 09:51:34 [TUniGUISessionManager]:Stopping Cache Eraser...
UniDSADemo.exe: 00003218: 09:51:34 [TUniGUISessionManager]:Cache Eraser Stopped.
UniDSADemo.exe: 00003218: 09:51:34 [TUniGUISessionManager]:Destroying Worker Threads.
UniDSADemo.exe: 00003218: 09:51:34 [TUniGUISessionManager]:Session manager terminated.
UniDSADemo.exe: 00003218: 09:51:34 [TUniServerModule]:Server Shutdown Completed.
UniDSADemo.exe: 00003218: 09:51:34 []:<-------------------------------------------------------------->
UniDSADemo.exe: 00003218: 09:51:34 [Terminated]:Exit Code: 0
UniDSADemo.exe: 0000363C: 09:51:40 []:>--------------------------------------------------------------<
UniDSADemo.exe: 0000363C: 09:51:40 [TUniServerModule]:Server First Init.
UniDSADemo.exe: 0000363C: 09:51:40 [TUniServerModule]:Start Path = D:\Andamento\componente-unidsa-unigui\demo\Win32\Debug\
UniDSADemo.exe: 0000363C: 09:51:40 [TUniServerModule]:Starting HTTP Server on Port: 8077...
UniDSADemo.exe: 0000363C: 09:51:40 [TUniServerModule]:HTTP Server Started on Port: 8077
UniDSADemo.exe: 0000363C: 09:51:49 [TUniServerModule]:Shutting Down Server.
UniDSADemo.exe: 0000363C: 09:51:49 [TUniServerModule]:Stopping HTTP Server.
UniDSADemo.exe: 0000363C: 09:51:50 [TUniServerModule]:HTTP Server Stopped.
UniDSADemo.exe: 0000363C: 09:51:50 [TUniGUISessionManager]:Terminating Session manager.
UniDSADemo.exe: 0000363C: 09:51:50 [TUniGUISessionManager]:Stopping Cache Eraser...
UniDSADemo.exe: 0000363C: 09:51:50 [TUniGUISessionManager]:Cache Eraser Stopped.
UniDSADemo.exe: 0000363C: 09:51:50 [TUniGUISessionManager]:Destroying Worker Threads.
UniDSADemo.exe: 0000363C: 09:51:50 [TUniGUISessionManager]:Session manager terminated.
UniDSADemo.exe: 0000363C: 09:51:50 [TUniServerModule]:Server Shutdown Completed.
UniDSADemo.exe: 0000363C: 09:51:50 []:<-------------------------------------------------------------->
UniDSADemo.exe: 0000363C: 09:51:50 [Terminated]:Exit Code: 0
UniDSADemo.exe: 00002F6C: 09:51:57 []:>--------------------------------------------------------------<
UniDSADemo.exe: 00002F6C: 09:51:57 [TUniServerModule]:Server First Init.
UniDSADemo.exe: 00002F6C: 09:51:57 [TUniServerModule]:Start Path = D:\Andamento\componente-unidsa-unigui\demo\Win32\Debug\
UniDSADemo.exe: 00002F6C: 09:51:57 [TUniGUISessionManager]:Cache erase job created, Folder count: [1]
UniDSADemo.exe: 00002F6C: 09:51:57 [TUniServerModule]:Starting HTTP Server on Port: 8077...
UniDSADemo.exe: 00002F6C: 09:51:57 [TUniServerModule]:HTTP Server Started on Port: 8077
UniDSADemo.exe: 00002F6C: 09:52:38 [TUniServerModule]:Shutting Down Server.
UniDSADemo.exe: 00002F6C: 09:52:38 [TUniServerModule]:Stopping HTTP Server.
UniDSADemo.exe: 00002F6C: 09:52:38 [TUniServerModule]:HTTP Server Stopped.
UniDSADemo.exe: 00002F6C: 09:52:38 [TUniGUISessionManager]:Terminating Session manager.
UniDSADemo.exe: 00002F6C: 09:52:38 [TUniGUISessionManager]:Stopping Cache Eraser...
UniDSADemo.exe: 00002F6C: 09:52:38 [TUniGUISessionManager]:Cache Eraser Stopped.
UniDSADemo.exe: 00002F6C: 09:52:38 [TUniGUISessionManager]:Destroying Worker Threads.
UniDSADemo.exe: 00002F6C: 09:52:38 [TUniGUISessionManager]:Session manager terminated.
UniDSADemo.exe: 00002F6C: 09:52:38 [TUniServerModule]:Server Shutdown Completed.
UniDSADemo.exe: 00002F6C: 09:52:38 []:<-------------------------------------------------------------->
UniDSADemo.exe: 00002F6C: 09:52:38 [Terminated]:Exit Code: 0
UniDSADemo.exe: 00004BD8: 09:54:59 []:>--------------------------------------------------------------<
UniDSADemo.exe: 00004BD8: 09:54:59 [TUniServerModule]:Server First Init.
UniDSADemo.exe: 00004BD8: 09:54:59 [TUniServerModule]:Start Path = D:\Andamento\componente-unidsa-unigui\demo\Win32\Debug\
UniDSADemo.exe: 00004BD8: 09:54:59 [TUniServerModule]:Starting HTTP Server on Port: 8077...
UniDSADemo.exe: 00004BD8: 09:54:59 [TUniServerModule]:HTTP Server Started on Port: 8077
UniDSADemo.exe: 00002204: 09:55:03 [127.0.0.1]:EUniSessionException : Invalid session or session Timeout. (Session not found: uEL6cYVl7e10B7A7162 ) : Addr: $0031DC0B
UniDSADemo.exe: 00004BD8: 09:55:20 [TUniServerModule]:Shutting Down Server.
UniDSADemo.exe: 00004BD8: 09:55:20 [TUniServerModule]:Stopping HTTP Server.
UniDSADemo.exe: 00004BD8: 09:55:21 [TUniServerModule]:HTTP Server Stopped.
UniDSADemo.exe: 00004BD8: 09:55:21 [TUniGUISessionManager]:Terminating Session manager.
UniDSADemo.exe: 00004BD8: 09:55:21 [TUniGUISessionManager]:Stopping Cache Eraser...
UniDSADemo.exe: 00004BD8: 09:55:21 [TUniGUISessionManager]:Cache Eraser Stopped.
UniDSADemo.exe: 00004BD8: 09:55:21 [TUniGUISessionManager]:Destroying Worker Threads.
UniDSADemo.exe: 00004BD8: 09:55:21 [TUniGUISessionManager]:Session manager terminated.
UniDSADemo.exe: 00004BD8: 09:55:21 [TUniServerModule]:Server Shutdown Completed.
UniDSADemo.exe: 00004BD8: 09:55:21 []:<-------------------------------------------------------------->
UniDSADemo.exe: 00004BD8: 09:55:21 [Terminated]:Exit Code: 0
UniDSADemo.exe: 00004704: 09:56:44 []:>--------------------------------------------------------------<
UniDSADemo.exe: 00004704: 09:56:44 [TUniServerModule]:Server First Init.
UniDSADemo.exe: 00004704: 09:56:44 [TUniServerModule]:Start Path = D:\Andamento\componente-unidsa-unigui\demo\Win32\Debug\
UniDSADemo.exe: 00004704: 09:56:44 [TUniGUISessionManager]:Cache erase job created, Folder count: [1]
UniDSADemo.exe: 00004704: 09:56:44 [TUniServerModule]:Starting HTTP Server on Port: 8077...
UniDSADemo.exe: 00004704: 09:56:44 [TUniServerModule]:HTTP Server Started on Port: 8077
UniDSADemo.exe: 000036A8: 09:56:45 [127.0.0.1]:EUniSessionException : Invalid session or session Timeout. (Session not found: 7qYLO4Dto610B7A724B ) : Addr: $010EDC0B
UniDSADemo.exe: 000036A8: 09:56:45 [127.0.0.1]:EUniSessionException : Invalid session or session Timeout. (Session not found: 7qYLO4Dto610B7A724B ) : Addr: $010EDC0B
UniDSADemo.exe: 00004704: 09:57:12 [TUniServerModule]:Shutting Down Server.
UniDSADemo.exe: 00004704: 09:57:12 [TUniServerModule]:Stopping HTTP Server.
UniDSADemo.exe: 00004704: 09:57:13 [TUniServerModule]:HTTP Server Stopped.
UniDSADemo.exe: 00004704: 09:57:13 [TUniGUISessionManager]:Terminating Session manager.
UniDSADemo.exe: 00004704: 09:57:13 [TUniGUISessionManager]:Stopping Cache Eraser...
UniDSADemo.exe: 00004704: 09:57:13 [TUniGUISessionManager]:Cache Eraser Stopped.
UniDSADemo.exe: 00004704: 09:57:13 [TUniGUISessionManager]:Destroying Worker Threads.
UniDSADemo.exe: 00004704: 09:57:13 [TUniGUISessionManager]:Session manager terminated.
UniDSADemo.exe: 00004704: 09:57:13 [TUniServerModule]:Server Shutdown Completed.
UniDSADemo.exe: 00004704: 09:57:13 []:<-------------------------------------------------------------->
UniDSADemo.exe: 00004704: 09:57:13 [Terminated]:Exit Code: 0
UniDSADemo.exe: 00003300: 09:57:14 []:>--------------------------------------------------------------<
UniDSADemo.exe: 00003300: 09:57:14 [TUniServerModule]:Server First Init.
UniDSADemo.exe: 00003300: 09:57:14 [TUniServerModule]:Start Path = D:\Andamento\componente-unidsa-unigui\demo\Win32\Debug\
UniDSADemo.exe: 00003300: 09:57:14 [TUniGUISessionManager]:Cache erase job created, Folder count: [1]
UniDSADemo.exe: 00003300: 09:57:14 [TUniServerModule]:Starting HTTP Server on Port: 8077...
UniDSADemo.exe: 00003300: 09:57:14 [TUniServerModule]:HTTP Server Started on Port: 8077
UniDSADemo.exe: 00003070: 09:57:16 [127.0.0.1]:EUniSessionException : Invalid session or session Timeout. (Session not found: qONtXMEpnC10B7A72C3 ) : Addr: $0049DC0B
UniDSADemo.exe: 00003300: 09:57:44 [TUniServerModule]:Shutting Down Server.
UniDSADemo.exe: 00003300: 09:57:44 [TUniServerModule]:Stopping HTTP Server.
UniDSADemo.exe: 00003300: 09:57:45 [TUniServerModule]:HTTP Server Stopped.
UniDSADemo.exe: 00003300: 09:57:45 [TUniGUISessionManager]:Terminating Session manager.
UniDSADemo.exe: 00003300: 09:57:45 [TUniGUISessionManager]:Stopping Cache Eraser...
UniDSADemo.exe: 00003300: 09:57:45 [TUniGUISessionManager]:Cache Eraser Stopped.
UniDSADemo.exe: 00003300: 09:57:45 [TUniGUISessionManager]:Destroying Worker Threads.
UniDSADemo.exe: 00003300: 09:57:45 [TUniGUISessionManager]:Session manager terminated.
UniDSADemo.exe: 00003300: 09:57:45 [TUniServerModule]:Server Shutdown Completed.
UniDSADemo.exe: 00003300: 09:57:45 []:<-------------------------------------------------------------->
UniDSADemo.exe: 00003300: 09:57:45 [Terminated]:Exit Code: 0
UniDSADemo.exe: 000053F0: 09:57:46 []:>--------------------------------------------------------------<
UniDSADemo.exe: 000053F0: 09:57:46 [TUniServerModule]:Server First Init.
UniDSADemo.exe: 000053F0: 09:57:46 [TUniServerModule]:Start Path = D:\Andamento\componente-unidsa-unigui\demo\Win32\Debug\
UniDSADemo.exe: 000053F0: 09:57:46 [TUniGUISessionManager]:Cache erase job created, Folder count: [1]
UniDSADemo.exe: 000053F0: 09:57:46 [TUniServerModule]:Starting HTTP Server on Port: 8077...
UniDSADemo.exe: 000053F0: 09:57:46 [TUniServerModule]:HTTP Server Started on Port: 8077
UniDSADemo.exe: 00003110: 09:57:47 [127.0.0.1]:EUniSessionException : Invalid session or session Timeout. (Session not found: SX9vcFdQGk10B7A72E5 ) : Addr: $0037DC0B
UniDSADemo.exe: 000053F0: 09:58:07 [TUniServerModule]:Shutting Down Server.
UniDSADemo.exe: 000053F0: 09:58:07 [TUniServerModule]:Stopping HTTP Server.
UniDSADemo.exe: 000053F0: 09:58:08 [TUniServerModule]:HTTP Server Stopped.
UniDSADemo.exe: 000053F0: 09:58:08 [TUniGUISessionManager]:Terminating Session manager.
UniDSADemo.exe: 000053F0: 09:58:08 [TUniGUISessionManager]:Stopping Cache Eraser...
UniDSADemo.exe: 000053F0: 09:58:08 [TUniGUISessionManager]:Cache Eraser Stopped.
UniDSADemo.exe: 000053F0: 09:58:08 [TUniGUISessionManager]:Destroying Worker Threads.
UniDSADemo.exe: 000053F0: 09:58:08 [TUniGUISessionManager]:Session manager terminated.
UniDSADemo.exe: 000053F0: 09:58:08 [TUniServerModule]:Server Shutdown Completed.
UniDSADemo.exe: 000053F0: 09:58:08 []:<-------------------------------------------------------------->
UniDSADemo.exe: 000053F0: 09:58:08 [Terminated]:Exit Code: 0
UniDSADemo.exe: 00001EBC: 09:58:09 []:>--------------------------------------------------------------<
UniDSADemo.exe: 00001EBC: 09:58:09 [TUniServerModule]:Server First Init.
UniDSADemo.exe: 00001EBC: 09:58:09 [TUniServerModule]:Start Path = D:\Andamento\componente-unidsa-unigui\demo\Win32\Debug\
UniDSADemo.exe: 00001EBC: 09:58:09 [TUniGUISessionManager]:Cache erase job created, Folder count: [1]
UniDSADemo.exe: 00001EBC: 09:58:09 [TUniServerModule]:Starting HTTP Server on Port: 8077...
UniDSADemo.exe: 00001EBC: 09:58:09 [TUniServerModule]:HTTP Server Started on Port: 8077
UniDSADemo.exe: 00005114: 09:58:11 [127.0.0.1]:EUniSessionException : Invalid session or session Timeout. (Session not found: IqEMUL6a2W10B7A7309 ) : Addr: $0045DC0B
UniDSADemo.exe: 00005114: 09:58:20 [HandleFileRequest[127.0.0.1]]:File not found: D:\Andamento\componente-unidsa-unigui\demo\Win32\Debug\documentation\index.html
UniDSADemo.exe: 00005320: 09:58:20 [HandleFileRequest[127.0.0.1]]:File not found: D:\Andamento\componente-unidsa-unigui\demo\Win32\Debug\favicon.ico
UniDSADemo.exe: 00001EBC: 09:58:58 [TUniServerModule]:Shutting Down Server.
UniDSADemo.exe: 00001EBC: 09:58:58 [TUniServerModule]:Stopping HTTP Server.
UniDSADemo.exe: 00001EBC: 09:58:59 [TUniServerModule]:HTTP Server Stopped.
UniDSADemo.exe: 00001EBC: 09:58:59 [TUniGUISessionManager]:Terminating Session manager.
UniDSADemo.exe: 00001EBC: 09:58:59 [TUniGUISessionManager]:Stopping Cache Eraser...
UniDSADemo.exe: 00001EBC: 09:58:59 [TUniGUISessionManager]:Cache Eraser Stopped.
UniDSADemo.exe: 00001EBC: 09:58:59 [TUniGUISessionManager]:Destroying Worker Threads.
UniDSADemo.exe: 00001EBC: 09:58:59 [TUniGUISessionManager]:Session manager terminated.
UniDSADemo.exe: 00001EBC: 09:58:59 [TUniServerModule]:Server Shutdown Completed.
UniDSADemo.exe: 00001EBC: 09:58:59 []:<-------------------------------------------------------------->
UniDSADemo.exe: 00001EBC: 09:58:59 [Terminated]:Exit Code: 0
UniDSADemo.exe: 00005228: 09:59:00 []:>--------------------------------------------------------------<
UniDSADemo.exe: 00005228: 09:59:00 [TUniServerModule]:Server First Init.
UniDSADemo.exe: 00005228: 09:59:00 [TUniServerModule]:Start Path = D:\Andamento\componente-unidsa-unigui\demo\Win32\Debug\
UniDSADemo.exe: 00005228: 09:59:00 [TUniGUISessionManager]:Cache erase job created, Folder count: [1]
UniDSADemo.exe: 00005228: 09:59:00 [TUniServerModule]:Starting HTTP Server on Port: 8077...
UniDSADemo.exe: 00005228: 09:59:00 [TUniServerModule]:HTTP Server Started on Port: 8077
UniDSADemo.exe: 00005228: 09:59:26 [TUniServerModule]:Shutting Down Server.
UniDSADemo.exe: 00005228: 09:59:26 [TUniServerModule]:Stopping HTTP Server.
UniDSADemo.exe: 00005228: 09:59:28 [TUniServerModule]:HTTP Server Stopped.
UniDSADemo.exe: 00005228: 09:59:28 [TUniGUISessionManager]:Terminating Session manager.
UniDSADemo.exe: 00005228: 09:59:28 [TUniGUISessionManager]:Stopping Cache Eraser...
UniDSADemo.exe: 00005228: 09:59:28 [TUniGUISessionManager]:Cache Eraser Stopped.
UniDSADemo.exe: 00005228: 09:59:28 [TUniGUISessionManager]:Destroying Worker Threads.
UniDSADemo.exe: 00005228: 09:59:28 [TUniGUISessionManager]:Session manager terminated.
UniDSADemo.exe: 00005228: 09:59:28 [TUniServerModule]:Server Shutdown Completed.
UniDSADemo.exe: 00005228: 09:59:28 []:<-------------------------------------------------------------->
UniDSADemo.exe: 00005228: 09:59:28 [Terminated]:Exit Code: 0
UniDSADemo.exe: 000053F4: 09:59:29 []:>--------------------------------------------------------------<
UniDSADemo.exe: 000053F4: 09:59:29 [TUniServerModule]:Server First Init.
UniDSADemo.exe: 000053F4: 09:59:29 [TUniServerModule]:Start Path = D:\Andamento\componente-unidsa-unigui\demo\Win32\Debug\
UniDSADemo.exe: 000053F4: 09:59:29 [TUniGUISessionManager]:Cache erase job created, Folder count: [1]
UniDSADemo.exe: 000053F4: 09:59:29 [TUniServerModule]:Starting HTTP Server on Port: 8077...
UniDSADemo.exe: 000053F4: 09:59:29 [TUniServerModule]:HTTP Server Started on Port: 8077
UniDSADemo.exe: 00003E24: 09:59:30 [127.0.0.1]:EUniSessionException : Invalid session or session Timeout. (Session not found: ejyzrjYJ1510B7A7363 ) : Addr: $00E6DC0B
UniDSADemo.exe: 000053F4: 10:02:59 [TUniServerModule]:Shutting Down Server.
UniDSADemo.exe: 000053F4: 10:02:59 [TUniServerModule]:Stopping HTTP Server.
UniDSADemo.exe: 000053F4: 10:03:00 [TUniServerModule]:HTTP Server Stopped.
UniDSADemo.exe: 000053F4: 10:03:00 [TUniGUISessionManager]:Terminating Session manager.
UniDSADemo.exe: 000053F4: 10:03:00 [TUniGUISessionManager]:Stopping Cache Eraser...
UniDSADemo.exe: 000053F4: 10:03:00 [TUniGUISessionManager]:Cache Eraser Stopped.
UniDSADemo.exe: 000053F4: 10:03:00 [TUniGUISessionManager]:Destroying Worker Threads.
UniDSADemo.exe: 000053F4: 10:03:00 [TUniGUISessionManager]:Session manager terminated.
UniDSADemo.exe: 000053F4: 10:03:00 [TUniServerModule]:Server Shutdown Completed.
UniDSADemo.exe: 000053F4: 10:03:00 []:<-------------------------------------------------------------->
UniDSADemo.exe: 000053F4: 10:03:00 [Terminated]:Exit Code: 0
UniDSADemo.exe: 00002114: 10:07:28 []:>--------------------------------------------------------------<
UniDSADemo.exe: 00002114: 10:07:28 [TUniServerModule]:Server First Init.
UniDSADemo.exe: 00002114: 10:07:28 [TUniServerModule]:Start Path = D:\Andamento\componente-unidsa-unigui\demo\Win32\Debug\
UniDSADemo.exe: 00002114: 10:07:28 [TUniGUISessionManager]:Cache erase job created, Folder count: [1]
UniDSADemo.exe: 00002114: 10:07:28 [TUniServerModule]:Starting HTTP Server on Port: 8077...
UniDSADemo.exe: 00002114: 10:07:28 [TUniServerModule]:HTTP Server Started on Port: 8077
UniDSADemo.exe: 000057AC: 10:07:30 [127.0.0.1]:EUniSessionException : Invalid session or session Timeout. (Session not found: HsqopKIjqe10B7A7389 ) : Addr: $0104D923
UniDSADemo.exe: 00002114: 10:09:40 [TUniServerModule]:Shutting Down Server.
UniDSADemo.exe: 00002114: 10:09:40 [TUniServerModule]:Stopping HTTP Server.
UniDSADemo.exe: 00002114: 10:09:41 [TUniServerModule]:HTTP Server Stopped.
UniDSADemo.exe: 00002114: 10:09:41 [TUniGUISessionManager]:Terminating Session manager.
UniDSADemo.exe: 00002114: 10:09:41 [TUniGUISessionManager]:Stopping Cache Eraser...
UniDSADemo.exe: 00002114: 10:09:41 [TUniGUISessionManager]:Cache Eraser Stopped.
UniDSADemo.exe: 00002114: 10:09:41 [TUniGUISessionManager]:Destroying Worker Threads.
UniDSADemo.exe: 00002114: 10:09:41 [TUniGUISessionManager]:Session manager terminated.
UniDSADemo.exe: 00002114: 10:09:41 [TUniServerModule]:Server Shutdown Completed.
UniDSADemo.exe: 00002114: 10:09:41 []:<-------------------------------------------------------------->
UniDSADemo.exe: 00002114: 10:09:41 [Terminated]:Exit Code: 0
UniDSADemo.exe: 00003498: 10:09:42 []:>--------------------------------------------------------------<
UniDSADemo.exe: 00003498: 10:09:42 [TUniServerModule]:Server First Init.
UniDSADemo.exe: 00003498: 10:09:42 [TUniServerModule]:Start Path = D:\Andamento\componente-unidsa-unigui\demo\Win32\Debug\
UniDSADemo.exe: 00003498: 10:09:42 [TUniGUISessionManager]:Cache erase job created, Folder count: [1]
UniDSADemo.exe: 00003498: 10:09:42 [TUniServerModule]:Starting HTTP Server on Port: 8077...
UniDSADemo.exe: 00003498: 10:09:42 [TUniServerModule]:HTTP Server Started on Port: 8077
UniDSADemo.exe: 00001BD4: 10:09:45 [127.0.0.1]:EUniSessionException : Invalid session or session Timeout. (Session not found: fPYwiPCXP210B7A75AD ) : Addr: $00D5D923
UniDSADemo.exe: 00003498: 10:10:18 [TUniServerModule]:Shutting Down Server.
UniDSADemo.exe: 00003498: 10:10:18 [TUniServerModule]:Stopping HTTP Server.
UniDSADemo.exe: 00003498: 10:10:20 [TUniServerModule]:HTTP Server Stopped.
UniDSADemo.exe: 00003498: 10:10:20 [TUniGUISessionManager]:Terminating Session manager.
UniDSADemo.exe: 00003498: 10:10:20 [TUniGUISessionManager]:Stopping Cache Eraser...
UniDSADemo.exe: 00003498: 10:10:20 [TUniGUISessionManager]:Cache Eraser Stopped.
UniDSADemo.exe: 00003498: 10:10:20 [TUniGUISessionManager]:Destroying Worker Threads.
UniDSADemo.exe: 00003498: 10:10:20 [TUniGUISessionManager]:Session manager terminated.
UniDSADemo.exe: 00003498: 10:10:20 [TUniServerModule]:Server Shutdown Completed.
UniDSADemo.exe: 00003498: 10:10:20 []:<-------------------------------------------------------------->
UniDSADemo.exe: 00003498: 10:10:20 [Terminated]:Exit Code: 0
UniDSADemo.exe: 00000D24: 10:10:23 []:>--------------------------------------------------------------<
UniDSADemo.exe: 00000D24: 10:10:23 [TUniServerModule]:Server First Init.
UniDSADemo.exe: 00000D24: 10:10:23 [TUniServerModule]:Start Path = D:\Andamento\componente-unidsa-unigui\demo\Win32\Debug\
UniDSADemo.exe: 00000D24: 10:10:23 [TUniGUISessionManager]:Cache erase job created, Folder count: [1]
UniDSADemo.exe: 00000D24: 10:10:23 [TUniServerModule]:Starting HTTP Server on Port: 8077...
UniDSADemo.exe: 00000D24: 10:10:23 [TUniServerModule]:HTTP Server Started on Port: 8077
UniDSADemo.exe: 00003048: 10:10:26 [127.0.0.1]:EUniSessionException : Invalid session or session Timeout. (Session not found: SJvkbgcrjH10B7A7649 ) : Addr: $001ED923
UniDSADemo.exe: 00000D24: 10:10:40 [TUniServerModule]:Shutting Down Server.
UniDSADemo.exe: 00000D24: 10:10:40 [TUniServerModule]:Stopping HTTP Server.
UniDSADemo.exe: 00000D24: 10:10:41 [TUniServerModule]:HTTP Server Stopped.
UniDSADemo.exe: 00000D24: 10:10:41 [TUniGUISessionManager]:Terminating Session manager.
UniDSADemo.exe: 00000D24: 10:10:41 [TUniGUISessionManager]:Stopping Cache Eraser...
UniDSADemo.exe: 00000D24: 10:10:41 [TUniGUISessionManager]:Cache Eraser Stopped.
UniDSADemo.exe: 00000D24: 10:10:41 [TUniGUISessionManager]:Destroying Worker Threads.
UniDSADemo.exe: 00000D24: 10:10:41 [TUniGUISessionManager]:Session manager terminated.
UniDSADemo.exe: 00000D24: 10:10:41 [TUniServerModule]:Server Shutdown Completed.
UniDSADemo.exe: 00000D24: 10:10:41 []:<-------------------------------------------------------------->
UniDSADemo.exe: 00000D24: 10:10:41 [Terminated]:Exit Code: 0
UniDSADemo.exe: 00003858: 10:10:42 []:>--------------------------------------------------------------<
UniDSADemo.exe: 00003858: 10:10:42 [TUniServerModule]:Server First Init.
UniDSADemo.exe: 00003858: 10:10:42 [TUniServerModule]:Start Path = D:\Andamento\componente-unidsa-unigui\demo\Win32\Debug\
UniDSADemo.exe: 00003858: 10:10:42 [TUniGUISessionManager]:Cache erase job created, Folder count: [1]
UniDSADemo.exe: 00003858: 10:10:42 [TUniServerModule]:Starting HTTP Server on Port: 8077...
UniDSADemo.exe: 00003858: 10:10:42 [TUniServerModule]:HTTP Server Started on Port: 8077
UniDSADemo.exe: 00003EEC: 10:10:45 [127.0.0.1]:EUniSessionException : Invalid session or session Timeout. (Session not found: siGjy4FuR410B7A7677 ) : Addr: $0074D923
UniDSADemo.exe: 00003858: 10:11:48 [TUniServerModule]:Shutting Down Server.
UniDSADemo.exe: 00003858: 10:11:48 [TUniServerModule]:Stopping HTTP Server.
UniDSADemo.exe: 00003858: 10:11:49 [TUniServerModule]:HTTP Server Stopped.
UniDSADemo.exe: 00003858: 10:11:49 [TUniGUISessionManager]:Terminating Session manager.
UniDSADemo.exe: 00003858: 10:11:49 [TUniGUISessionManager]:Stopping Cache Eraser...
UniDSADemo.exe: 00003858: 10:11:49 [TUniGUISessionManager]:Cache Eraser Stopped.
UniDSADemo.exe: 00003858: 10:11:49 [TUniGUISessionManager]:Destroying Worker Threads.
UniDSADemo.exe: 00003858: 10:11:49 [TUniGUISessionManager]:Session manager terminated.
UniDSADemo.exe: 00003858: 10:11:49 [TUniServerModule]:Server Shutdown Completed.
UniDSADemo.exe: 00003858: 10:11:49 []:<-------------------------------------------------------------->
UniDSADemo.exe: 00003858: 10:11:49 [Terminated]:Exit Code: 0
UniDSADemo.exe: 000057EC: 10:11:50 []:>--------------------------------------------------------------<
UniDSADemo.exe: 000057EC: 10:11:50 [TUniServerModule]:Server First Init.
UniDSADemo.exe: 000057EC: 10:11:50 [TUniServerModule]:Start Path = D:\Andamento\componente-unidsa-unigui\demo\Win32\Debug\
UniDSADemo.exe: 000057EC: 10:11:50 [TUniGUISessionManager]:Cache erase job created, Folder count: [1]
UniDSADemo.exe: 000057EC: 10:11:50 [TUniServerModule]:Starting HTTP Server on Port: 8077...
UniDSADemo.exe: 000057EC: 10:11:50 [TUniServerModule]:HTTP Server Started on Port: 8077
UniDSADemo.exe: 00003874: 10:11:53 [127.0.0.1]:EUniSessionException : Invalid session or session Timeout. (Session not found: UqgkEc3CaU10B7A768E ) : Addr: $00D1D923
UniDSADemo.exe: 000057EC: 10:12:39 [TUniServerModule]:Shutting Down Server.
UniDSADemo.exe: 000057EC: 10:12:39 [TUniServerModule]:Stopping HTTP Server.
UniDSADemo.exe: 000057EC: 10:12:40 [TUniServerModule]:HTTP Server Stopped.
UniDSADemo.exe: 000057EC: 10:12:40 [TUniGUISessionManager]:Terminating Session manager.
UniDSADemo.exe: 000057EC: 10:12:40 [TUniGUISessionManager]:Stopping Cache Eraser...
UniDSADemo.exe: 000057EC: 10:12:40 [TUniGUISessionManager]:Cache Eraser Stopped.
UniDSADemo.exe: 000057EC: 10:12:40 [TUniGUISessionManager]:Destroying Worker Threads.
UniDSADemo.exe: 000057EC: 10:12:40 [TUniGUISessionManager]:Session manager terminated.
UniDSADemo.exe: 000057EC: 10:12:40 [TUniServerModule]:Server Shutdown Completed.
UniDSADemo.exe: 000057EC: 10:12:40 []:<-------------------------------------------------------------->
UniDSADemo.exe: 000057EC: 10:12:40 [Terminated]:Exit Code: 0
UniDSADemo.exe: 000050E4: 10:12:43 []:>--------------------------------------------------------------<
UniDSADemo.exe: 000050E4: 10:12:43 [TUniServerModule]:Server First Init.
UniDSADemo.exe: 000050E4: 10:12:43 [TUniServerModule]:Start Path = D:\Andamento\componente-unidsa-unigui\demo\Win32\Debug\
UniDSADemo.exe: 000050E4: 10:12:43 [TUniGUISessionManager]:Cache erase job created, Folder count: [1]
UniDSADemo.exe: 000050E4: 10:12:43 [TUniServerModule]:Starting HTTP Server on Port: 8077...
UniDSADemo.exe: 000050E4: 10:12:43 [TUniServerModule]:HTTP Server Started on Port: 8077
UniDSADemo.exe: 0000426C: 10:12:45 [127.0.0.1]:EUniSessionException : Invalid session or session Timeout. (Session not found: fCNg6cRYO710B7A76DC ) : Addr: $0074D923
UniDSADemo.exe: 000050E4: 10:13:24 [TUniServerModule]:Shutting Down Server.
UniDSADemo.exe: 000050E4: 10:13:24 [TUniServerModule]:Stopping HTTP Server.
UniDSADemo.exe: 000050E4: 10:13:25 [TUniServerModule]:HTTP Server Stopped.
UniDSADemo.exe: 000050E4: 10:13:25 [TUniGUISessionManager]:Terminating Session manager.
UniDSADemo.exe: 000050E4: 10:13:25 [TUniGUISessionManager]:Stopping Cache Eraser...
UniDSADemo.exe: 000050E4: 10:13:25 [TUniGUISessionManager]:Cache Eraser Stopped.
UniDSADemo.exe: 000050E4: 10:13:25 [TUniGUISessionManager]:Destroying Worker Threads.
UniDSADemo.exe: 000050E4: 10:13:25 [TUniGUISessionManager]:Session manager terminated.
UniDSADemo.exe: 000050E4: 10:13:25 [TUniServerModule]:Server Shutdown Completed.
UniDSADemo.exe: 000050E4: 10:13:25 []:<-------------------------------------------------------------->
UniDSADemo.exe: 000050E4: 10:13:25 [Terminated]:Exit Code: 0
UniDSADemo.exe: 00001BC8: 10:13:26 []:>--------------------------------------------------------------<
UniDSADemo.exe: 00001BC8: 10:13:26 [TUniServerModule]:Server First Init.
UniDSADemo.exe: 00001BC8: 10:13:26 [TUniServerModule]:Start Path = D:\Andamento\componente-unidsa-unigui\demo\Win32\Debug\
UniDSADemo.exe: 00001BC8: 10:13:26 [TUniGUISessionManager]:Cache erase job created, Folder count: [1]
UniDSADemo.exe: 00001BC8: 10:13:26 [TUniServerModule]:Starting HTTP Server on Port: 8077...
UniDSADemo.exe: 00001BC8: 10:13:26 [TUniServerModule]:HTTP Server Started on Port: 8077
UniDSADemo.exe: 00002724: 10:13:29 [127.0.0.1]:EUniSessionException : Invalid session or session Timeout. (Session not found: NOi9AnoXsL10B7A7719 ) : Addr: $0055D923
UniDSADemo.exe: 00001BC8: 10:18:34 [TUniServerModule]:Shutting Down Server.
UniDSADemo.exe: 00001BC8: 10:18:34 [TUniServerModule]:Stopping HTTP Server.
UniDSADemo.exe: 00001BC8: 10:18:35 [TUniServerModule]:HTTP Server Stopped.
UniDSADemo.exe: 00001BC8: 10:18:35 [TUniGUISessionManager]:Terminating Session manager.
UniDSADemo.exe: 00001BC8: 10:18:35 [TUniGUISessionManager]:Stopping Cache Eraser...
UniDSADemo.exe: 00001BC8: 10:18:35 [TUniGUISessionManager]:Cache Eraser Stopped.
UniDSADemo.exe: 00001BC8: 10:18:35 [TUniGUISessionManager]:Destroying Worker Threads.
UniDSADemo.exe: 00001BC8: 10:18:35 [TUniGUISessionManager]:Session manager terminated.
UniDSADemo.exe: 00001BC8: 10:18:35 [TUniServerModule]:Server Shutdown Completed.
UniDSADemo.exe: 00001BC8: 10:18:35 []:<-------------------------------------------------------------->
UniDSADemo.exe: 00001BC8: 10:18:35 [Terminated]:Exit Code: 0
UniDSADemo.exe: 00002CA4: 10:18:36 []:>--------------------------------------------------------------<
UniDSADemo.exe: 00002CA4: 10:18:36 [TUniServerModule]:Server First Init.
UniDSADemo.exe: 00002CA4: 10:18:36 [TUniServerModule]:Start Path = D:\Andamento\componente-unidsa-unigui\demo\Win32\Debug\
UniDSADemo.exe: 00002CA4: 10:18:36 [TUniGUISessionManager]:Cache erase job created, Folder count: [1]
UniDSADemo.exe: 00002CA4: 10:18:37 [TUniServerModule]:Starting HTTP Server on Port: 8077...
UniDSADemo.exe: 00002CA4: 10:18:37 [TUniServerModule]:HTTP Server Started on Port: 8077
UniDSADemo.exe: 00003AD8: 10:18:40 [127.0.0.1]:EUniSessionException : Invalid session or session Timeout. (Session not found: 38rdrpzPYa10B7A774B ) : Addr: $008ED923
UniDSADemo.exe: 00002CA4: 10:19:39 [TUniServerModule]:Shutting Down Server.
UniDSADemo.exe: 00002CA4: 10:19:39 [TUniServerModule]:Stopping HTTP Server.
UniDSADemo.exe: 00002CA4: 10:19:40 [TUniServerModule]:HTTP Server Stopped.
UniDSADemo.exe: 00002CA4: 10:19:40 [TUniGUISessionManager]:Terminating Session manager.
UniDSADemo.exe: 00002CA4: 10:19:40 [TUniGUISessionManager]:Stopping Cache Eraser...
UniDSADemo.exe: 00002CA4: 10:19:40 [TUniGUISessionManager]:Cache Eraser Stopped.
UniDSADemo.exe: 00002CA4: 10:19:40 [TUniGUISessionManager]:Destroying Worker Threads.
UniDSADemo.exe: 00002CA4: 10:19:40 [TUniGUISessionManager]:Session manager terminated.
UniDSADemo.exe: 00002CA4: 10:19:40 [TUniServerModule]:Server Shutdown Completed.
UniDSADemo.exe: 00002CA4: 10:19:40 []:<-------------------------------------------------------------->
UniDSADemo.exe: 00002CA4: 10:19:40 [Terminated]:Exit Code: 0
UniDSADemo.exe: 000032D0: 10:19:40 []:>--------------------------------------------------------------<
UniDSADemo.exe: 000032D0: 10:19:40 [TUniServerModule]:Server First Init.
UniDSADemo.exe: 000032D0: 10:19:40 [TUniServerModule]:Start Path = D:\Andamento\componente-unidsa-unigui\demo\Win32\Debug\
UniDSADemo.exe: 000032D0: 10:19:40 [TUniGUISessionManager]:Cache erase job created, Folder count: [1]
UniDSADemo.exe: 000032D0: 10:19:40 [TUniServerModule]:Starting HTTP Server on Port: 8077...
UniDSADemo.exe: 000032D0: 10:19:40 [TUniServerModule]:HTTP Server Started on Port: 8077
UniDSADemo.exe: 00004FE4: 10:19:43 [127.0.0.1]:EUniSessionException : Invalid session or session Timeout. (Session not found: Ri2BOVpmx210B7A78B3 ) : Addr: $0080D923
UniDSADemo.exe: 000032D0: 10:21:12 [TUniServerModule]:Shutting Down Server.
UniDSADemo.exe: 000032D0: 10:21:12 [TUniServerModule]:Stopping HTTP Server.
UniDSADemo.exe: 000032D0: 10:21:13 [TUniServerModule]:HTTP Server Stopped.
UniDSADemo.exe: 000032D0: 10:21:13 [TUniGUISessionManager]:Terminating Session manager.
UniDSADemo.exe: 000032D0: 10:21:13 [TUniGUISessionManager]:Stopping Cache Eraser...
UniDSADemo.exe: 000032D0: 10:21:13 [TUniGUISessionManager]:Cache Eraser Stopped.
UniDSADemo.exe: 000032D0: 10:21:13 [TUniGUISessionManager]:Destroying Worker Threads.
UniDSADemo.exe: 000032D0: 10:21:13 [TUniGUISessionManager]:Session manager terminated.
UniDSADemo.exe: 000032D0: 10:21:13 [TUniServerModule]:Server Shutdown Completed.
UniDSADemo.exe: 000032D0: 10:21:13 []:<-------------------------------------------------------------->
UniDSADemo.exe: 000032D0: 10:21:13 [Terminated]:Exit Code: 0
UniDSADemo.exe: 00002770: 10:21:17 []:>--------------------------------------------------------------<
UniDSADemo.exe: 00002770: 10:21:17 [TUniServerModule]:Server First Init.
UniDSADemo.exe: 00002770: 10:21:17 [TUniServerModule]:Start Path = D:\Andamento\componente-unidsa-unigui\demo\Win32\Debug\
UniDSADemo.exe: 00002770: 10:21:17 [TUniGUISessionManager]:Cache erase job created, Folder count: [1]
UniDSADemo.exe: 00002770: 10:21:18 [TUniServerModule]:Starting HTTP Server on Port: 8077...
UniDSADemo.exe: 00002770: 10:21:18 [TUniServerModule]:HTTP Server Started on Port: 8077
UniDSADemo.exe: 00005138: 10:21:20 [127.0.0.1]:EUniSessionException : Invalid session or session Timeout. (Session not found: o8nP42112f10B7A7912 ) : Addr: $001FD923
UniDSADemo.exe: 00002770: 10:21:50 [TUniServerModule]:Shutting Down Server.
UniDSADemo.exe: 00002770: 10:21:50 [TUniServerModule]:Stopping HTTP Server.
UniDSADemo.exe: 00002770: 10:21:51 [TUniServerModule]:HTTP Server Stopped.
UniDSADemo.exe: 00002770: 10:21:51 [TUniGUISessionManager]:Terminating Session manager.
UniDSADemo.exe: 00002770: 10:21:51 [TUniGUISessionManager]:Stopping Cache Eraser...
UniDSADemo.exe: 00002770: 10:21:51 [TUniGUISessionManager]:Cache Eraser Stopped.
UniDSADemo.exe: 00002770: 10:21:51 [TUniGUISessionManager]:Destroying Worker Threads.
UniDSADemo.exe: 00002770: 10:21:51 [TUniGUISessionManager]:Session manager terminated.
UniDSADemo.exe: 00002770: 10:21:51 [TUniServerModule]:Server Shutdown Completed.
UniDSADemo.exe: 00002770: 10:21:51 []:<-------------------------------------------------------------->
UniDSADemo.exe: 00002770: 10:21:51 [Terminated]:Exit Code: 0
UniDSADemo.exe: 000047F0: 10:21:51 []:>--------------------------------------------------------------<
UniDSADemo.exe: 000047F0: 10:21:51 [TUniServerModule]:Server First Init.
UniDSADemo.exe: 000047F0: 10:21:51 [TUniServerModule]:Start Path = D:\Andamento\componente-unidsa-unigui\demo\Win32\Debug\
UniDSADemo.exe: 000047F0: 10:21:51 [TUniGUISessionManager]:Cache erase job created, Folder count: [1]
UniDSADemo.exe: 000047F0: 10:21:51 [TUniServerModule]:Starting HTTP Server on Port: 8077...
UniDSADemo.exe: 000047F0: 10:21:51 [TUniServerModule]:HTTP Server Started on Port: 8077
UniDSADemo.exe: 00001404: 10:21:53 [127.0.0.1]:EUniSessionException : Invalid session or session Timeout. (Session not found: rW58nbKDN110B7A796C ) : Addr: $007AD923
UniDSADemo.exe: 000047F0: 10:22:12 [TUniServerModule]:Shutting Down Server.
UniDSADemo.exe: 000047F0: 10:22:12 [TUniServerModule]:Stopping HTTP Server.
UniDSADemo.exe: 000047F0: 10:22:13 [TUniServerModule]:HTTP Server Stopped.
UniDSADemo.exe: 000047F0: 10:22:13 [TUniGUISessionManager]:Terminating Session manager.
UniDSADemo.exe: 000047F0: 10:22:13 [TUniGUISessionManager]:Stopping Cache Eraser...
UniDSADemo.exe: 000047F0: 10:22:13 [TUniGUISessionManager]:Cache Eraser Stopped.
UniDSADemo.exe: 000047F0: 10:22:13 [TUniGUISessionManager]:Destroying Worker Threads.
UniDSADemo.exe: 000047F0: 10:22:13 [TUniGUISessionManager]:Session manager terminated.
UniDSADemo.exe: 000047F0: 10:22:14 [TUniServerModule]:Server Shutdown Completed.
UniDSADemo.exe: 000047F0: 10:22:14 []:<-------------------------------------------------------------->
UniDSADemo.exe: 000047F0: 10:22:14 [Terminated]:Exit Code: 0
UniDSADemo.exe: 00004684: 10:22:15 []:>--------------------------------------------------------------<
UniDSADemo.exe: 00004684: 10:22:15 [TUniServerModule]:Server First Init.
UniDSADemo.exe: 00004684: 10:22:15 [TUniServerModule]:Start Path = D:\Andamento\componente-unidsa-unigui\demo\Win32\Debug\
UniDSADemo.exe: 00004684: 10:22:15 [TUniServerModule]:Debug Mode = ON
UniDSADemo.exe: 00004684: 10:22:15 [TUniGUISessionManager]:Cache erase job created, Folder count: [1]
UniDSADemo.exe: 00004684: 10:22:15 [TUniServerModule]:Starting HTTP Server on Port: 8077...
UniDSADemo.exe: 00004684: 10:22:15 [TUniServerModule]:HTTP Server Started on Port: 8077
UniDSADemo.exe: 0000499C: 10:22:19 [127.0.0.1]:EUniSessionException : Invalid session or session Timeout. (Session not found: 4TjfHS82JL10B7A7993 ) : Addr: $007AD923
UniDSADemo.exe: 000032B4: 10:23:02 []:>--------------------------------------------------------------<
UniDSADemo.exe: 000032B4: 10:23:02 [TUniServerModule]:Server First Init.
UniDSADemo.exe: 000032B4: 10:23:02 [TUniServerModule]:Start Path = D:\Andamento\componente-unidsa-unigui\demo\Win32\Debug\
UniDSADemo.exe: 000032B4: 10:23:02 [TUniGUISessionManager]:Cache erase job created, Folder count: [1]
UniDSADemo.exe: 000032B4: 10:23:02 [TUniServerModule]:Starting HTTP Server on Port: 8077...
UniDSADemo.exe: 000032B4: 10:23:02 [TUniServerModule]:HTTP Server Started on Port: 8077
UniDSADemo.exe: 00002E14: 10:23:02 [127.0.0.1]:EUniSessionException : Invalid session or session Timeout. (Session not found: 213snhUITH10B7A79B1 ) : Addr: $00CAD923
UniDSADemo.exe: 000032B4: 10:23:42 [TUniServerModule]:Shutting Down Server.
UniDSADemo.exe: 000032B4: 10:23:42 [TUniServerModule]:Stopping HTTP Server.
UniDSADemo.exe: 000032B4: 10:23:44 [TUniServerModule]:HTTP Server Stopped.
UniDSADemo.exe: 000032B4: 10:23:44 [TUniGUISessionManager]:Terminating Session manager.
UniDSADemo.exe: 000032B4: 10:23:44 [TUniGUISessionManager]:Stopping Cache Eraser...
UniDSADemo.exe: 000032B4: 10:23:44 [TUniGUISessionManager]:Cache Eraser Stopped.
UniDSADemo.exe: 000032B4: 10:23:44 [TUniGUISessionManager]:Destroying Worker Threads.
UniDSADemo.exe: 000032B4: 10:23:44 [TUniGUISessionManager]:Session manager terminated.
UniDSADemo.exe: 000032B4: 10:23:44 [TUniServerModule]:Server Shutdown Completed.
UniDSADemo.exe: 000032B4: 10:23:44 []:<-------------------------------------------------------------->
UniDSADemo.exe: 000032B4: 10:23:44 [Terminated]:Exit Code: 0
UniDSADemo.exe: 000007F4: 10:23:45 []:>--------------------------------------------------------------<
UniDSADemo.exe: 000007F4: 10:23:45 [TUniServerModule]:Server First Init.
UniDSADemo.exe: 000007F4: 10:23:45 [TUniServerModule]:Start Path = D:\Andamento\componente-unidsa-unigui\demo\Win32\Debug\
UniDSADemo.exe: 000007F4: 10:23:45 [TUniGUISessionManager]:Cache erase job created, Folder count: [1]
UniDSADemo.exe: 000007F4: 10:23:45 [TUniServerModule]:Starting HTTP Server on Port: 8077...
UniDSADemo.exe: 000007F4: 10:23:45 [TUniServerModule]:HTTP Server Started on Port: 8077
UniDSADemo.exe: 00001910: 10:23:47 [127.0.0.1]:EUniSessionException : Invalid session or session Timeout. (Session not found: SOY4pllReX10B7A79E4 ) : Addr: $00A0D923
UniDSADemo.exe: 000007F4: 10:24:20 [TUniServerModule]:Shutting Down Server.
UniDSADemo.exe: 000007F4: 10:24:20 [TUniServerModule]:Stopping HTTP Server.
UniDSADemo.exe: 000007F4: 10:24:21 [TUniServerModule]:HTTP Server Stopped.
UniDSADemo.exe: 000007F4: 10:24:21 [TUniGUISessionManager]:Terminating Session manager.
UniDSADemo.exe: 000007F4: 10:24:21 [TUniGUISessionManager]:Stopping Cache Eraser...
UniDSADemo.exe: 000007F4: 10:24:21 [TUniGUISessionManager]:Cache Eraser Stopped.
UniDSADemo.exe: 000007F4: 10:24:21 [TUniGUISessionManager]:Destroying Worker Threads.
UniDSADemo.exe: 000007F4: 10:24:21 [TUniGUISessionManager]:Session manager terminated.
UniDSADemo.exe: 000007F4: 10:24:21 [TUniServerModule]:Server Shutdown Completed.
UniDSADemo.exe: 000007F4: 10:24:21 []:<-------------------------------------------------------------->
UniDSADemo.exe: 000007F4: 10:24:21 [Terminated]:Exit Code: 0
UniDSADemo.exe: 00002CE8: 10:24:22 []:>--------------------------------------------------------------<
UniDSADemo.exe: 00002CE8: 10:24:22 [TUniServerModule]:Server First Init.
UniDSADemo.exe: 00002CE8: 10:24:22 [TUniServerModule]:Start Path = D:\Andamento\componente-unidsa-unigui\demo\Win32\Debug\
UniDSADemo.exe: 00002CE8: 10:24:22 [TUniGUISessionManager]:Cache erase job created, Folder count: [1]
UniDSADemo.exe: 00002CE8: 10:24:22 [TUniServerModule]:Starting HTTP Server on Port: 8077...
UniDSADemo.exe: 00002CE8: 10:24:22 [TUniServerModule]:HTTP Server Started on Port: 8077
UniDSADemo.exe: 00002E3C: 10:24:23 [127.0.0.1]:EUniSessionException : Invalid session or session Timeout. (Session not found: QtozWqMQPj10B7A7A17 ) : Addr: $0039D923
UniDSADemo.exe: 00002CE8: 10:24:57 [TUniServerModule]:Shutting Down Server.
UniDSADemo.exe: 00002CE8: 10:24:57 [TUniServerModule]:Stopping HTTP Server.
UniDSADemo.exe: 00002CE8: 10:24:58 [TUniServerModule]:HTTP Server Stopped.
UniDSADemo.exe: 00002CE8: 10:24:58 [TUniGUISessionManager]:Terminating Session manager.
UniDSADemo.exe: 00002CE8: 10:24:58 [TUniGUISessionManager]:Stopping Cache Eraser...
UniDSADemo.exe: 00002CE8: 10:24:58 [TUniGUISessionManager]:Cache Eraser Stopped.
UniDSADemo.exe: 00002CE8: 10:24:58 [TUniGUISessionManager]:Destroying Worker Threads.
UniDSADemo.exe: 00002CE8: 10:24:58 [TUniGUISessionManager]:Session manager terminated.
UniDSADemo.exe: 00002CE8: 10:24:58 [TUniServerModule]:Server Shutdown Completed.
UniDSADemo.exe: 00002CE8: 10:24:58 []:<-------------------------------------------------------------->
UniDSADemo.exe: 00002CE8: 10:24:58 [Terminated]:Exit Code: 0
UniDSADemo.exe: 00002CB4: 10:24:59 []:>--------------------------------------------------------------<
UniDSADemo.exe: 00002CB4: 10:24:59 [TUniServerModule]:Server First Init.
UniDSADemo.exe: 00002CB4: 10:24:59 [TUniServerModule]:Start Path = D:\Andamento\componente-unidsa-unigui\demo\Win32\Debug\
UniDSADemo.exe: 00002CB4: 10:24:59 [TUniGUISessionManager]:Cache erase job created, Folder count: [1]
UniDSADemo.exe: 00002CB4: 10:24:59 [TUniServerModule]:Starting HTTP Server on Port: 8077...
UniDSADemo.exe: 00002CB4: 10:24:59 [TUniServerModule]:HTTP Server Started on Port: 8077
UniDSADemo.exe: 00003220: 10:25:01 [127.0.0.1]:EUniSessionException : Invalid session or session Timeout. (Session not found: PbbzwiLHAk10B7A7A41 ) : Addr: $00D6D923
UniDSADemo.exe: 00002CB4: 10:25:55 [TUniServerModule]:Shutting Down Server.
UniDSADemo.exe: 00002CB4: 10:25:55 [TUniServerModule]:Stopping HTTP Server.
UniDSADemo.exe: 00002CB4: 10:25:57 [TUniServerModule]:HTTP Server Stopped.
UniDSADemo.exe: 00002CB4: 10:25:57 [TUniGUISessionManager]:Terminating Session manager.
UniDSADemo.exe: 00002CB4: 10:25:57 [TUniGUISessionManager]:Stopping Cache Eraser...
UniDSADemo.exe: 00002CB4: 10:25:57 [TUniGUISessionManager]:Cache Eraser Stopped.
UniDSADemo.exe: 00002CB4: 10:25:57 [TUniGUISessionManager]:Destroying Worker Threads.
UniDSADemo.exe: 00002CB4: 10:25:57 [TUniGUISessionManager]:Session manager terminated.
UniDSADemo.exe: 00002CB4: 10:25:57 [TUniServerModule]:Server Shutdown Completed.
UniDSADemo.exe: 00002CB4: 10:25:57 []:<-------------------------------------------------------------->
UniDSADemo.exe: 00002CB4: 10:25:57 [Terminated]:Exit Code: 0
UniDSADemo.exe: 00001754: 10:25:57 []:>--------------------------------------------------------------<
UniDSADemo.exe: 00001754: 10:25:57 [TUniServerModule]:Server First Init.
UniDSADemo.exe: 00001754: 10:25:57 [TUniServerModule]:Start Path = D:\Andamento\componente-unidsa-unigui\demo\Win32\Debug\
UniDSADemo.exe: 00001754: 10:25:57 [TUniGUISessionManager]:Cache erase job created, Folder count: [1]
UniDSADemo.exe: 00001754: 10:25:57 [TUniServerModule]:Starting HTTP Server on Port: 8077...
UniDSADemo.exe: 00001754: 10:25:57 [TUniServerModule]:HTTP Server Started on Port: 8077
UniDSADemo.exe: 0000290C: 10:25:59 [127.0.0.1]:EUniSessionException : Invalid session or session Timeout. (Session not found: CwQEvGWuvm10B7A7A6D ) : Addr: $00C3D923
UniDSADemo.exe: 00003900: 11:05:49 [127.0.0.1]:EUniSessionException : Invalid session or session Timeout. (Session not found: Y3VygzqqrE10B7A7AB0 ) : Addr: $00C3D923
UniDSADemo.exe: 00001754: 11:22:48 [TUniServerModule]:Shutting Down Server.
UniDSADemo.exe: 00001754: 11:22:48 [TUniServerModule]:Stopping HTTP Server.
UniDSADemo.exe: 00001754: 11:22:48 [TUniServerModule]:HTTP Server Stopped.
UniDSADemo.exe: 00001754: 11:22:48 [TUniGUISessionManager]:Terminating Session manager.
UniDSADemo.exe: 00001754: 11:22:48 [TUniGUISessionManager]:Stopping Cache Eraser...
UniDSADemo.exe: 00001754: 11:22:48 [TUniGUISessionManager]:Cache Eraser Stopped.
UniDSADemo.exe: 00001754: 11:22:48 [TUniGUISessionManager]:Destroying Worker Threads.
UniDSADemo.exe: 00001754: 11:22:48 [TUniGUISessionManager]:Session manager terminated.
UniDSADemo.exe: 00001754: 11:22:48 [TUniServerModule]:Server Shutdown Completed.
UniDSADemo.exe: 00001754: 11:22:48 []:<-------------------------------------------------------------->
UniDSADemo.exe: 00001754: 11:22:48 [Terminated]:Exit Code: 0
UniDSADemo.exe: 000012DC: 11:23:56 []:>--------------------------------------------------------------<
UniDSADemo.exe: 000012DC: 11:23:56 [TUniServerModule]:Server First Init.
UniDSADemo.exe: 000012DC: 11:23:56 [TUniServerModule]:Start Path = D:\Andamento\componente-unidsa-unigui\demo\Win32\Debug\
UniDSADemo.exe: 000012DC: 11:23:56 [TUniServerModule]:Starting HTTP Server on Port: 8077...
UniDSADemo.exe: 000012DC: 11:23:56 [TUniServerModule]:HTTP Server Started on Port: 8077
UniDSADemo.exe: 000012DC: 11:37:51 [TUniServerModule]:Shutting Down Server.
UniDSADemo.exe: 000012DC: 11:37:51 [TUniServerModule]:Stopping HTTP Server.
UniDSADemo.exe: 000012DC: 11:37:51 [TUniServerModule]:HTTP Server Stopped.
UniDSADemo.exe: 000012DC: 11:37:51 [TUniGUISessionManager]:Terminating Session manager.
UniDSADemo.exe: 000012DC: 11:37:51 [TUniGUISessionManager]:Stopping Cache Eraser...
UniDSADemo.exe: 000012DC: 11:37:51 [TUniGUISessionManager]:Cache Eraser Stopped.
UniDSADemo.exe: 000012DC: 11:37:51 [TUniGUISessionManager]:Destroying Worker Threads.
UniDSADemo.exe: 000012DC: 11:37:51 [TUniGUISessionManager]:Session manager terminated.
UniDSADemo.exe: 000012DC: 11:37:51 [TUniServerModule]:Server Shutdown Completed.
UniDSADemo.exe: 000012DC: 11:37:51 []:<-------------------------------------------------------------->
UniDSADemo.exe: 000012DC: 11:37:51 [Terminated]:Exit Code: 0
UniDSADemo.exe: 00002278: 11:37:53 []:>--------------------------------------------------------------<
UniDSADemo.exe: 00002278: 11:37:53 [TUniServerModule]:Server First Init.
UniDSADemo.exe: 00002278: 11:37:53 [TUniServerModule]:Start Path = D:\Andamento\componente-unidsa-unigui\demo\Win32\Debug\
UniDSADemo.exe: 00002278: 11:37:53 [TUniServerModule]:Starting HTTP Server on Port: 8077...
UniDSADemo.exe: 00002278: 11:37:53 [TUniServerModule]:HTTP Server Started on Port: 8077
UniDSADemo.exe: 000039E0: 11:37:56 [127.0.0.1]:EUniSessionException : Invalid session or session Timeout. (Session not found: qB4C9SmirV10B7A8A6C ) : Addr: $00A4D923
UniDSADemo.exe: 00002278: 11:38:13 [TUniServerModule]:Shutting Down Server.
UniDSADemo.exe: 00002278: 11:38:13 [TUniServerModule]:Stopping HTTP Server.
UniDSADemo.exe: 00002278: 11:38:14 [TUniServerModule]:HTTP Server Stopped.
UniDSADemo.exe: 00002278: 11:38:14 [TUniGUISessionManager]:Terminating Session manager.
UniDSADemo.exe: 00002278: 11:38:14 [TUniGUISessionManager]:Stopping Cache Eraser...
UniDSADemo.exe: 00002278: 11:38:14 [TUniGUISessionManager]:Cache Eraser Stopped.
UniDSADemo.exe: 00002278: 11:38:14 [TUniGUISessionManager]:Destroying Worker Threads.
UniDSADemo.exe: 00002278: 11:38:14 [TUniGUISessionManager]:Session manager terminated.
UniDSADemo.exe: 00002278: 11:38:14 [TUniServerModule]:Server Shutdown Completed.
UniDSADemo.exe: 00002278: 11:38:14 []:<-------------------------------------------------------------->
UniDSADemo.exe: 00002278: 11:38:14 [Terminated]:Exit Code: 0
UniDSADemo.exe: 0000128C: 11:38:15 []:>--------------------------------------------------------------<
UniDSADemo.exe: 0000128C: 11:38:15 [TUniServerModule]:Server First Init.
UniDSADemo.exe: 0000128C: 11:38:15 [TUniServerModule]:Start Path = D:\Andamento\componente-unidsa-unigui\demo\Win32\Debug\
UniDSADemo.exe: 0000128C: 11:38:15 [TUniGUISessionManager]:Cache erase job created, Folder count: [1]
UniDSADemo.exe: 0000128C: 11:38:15 [TUniServerModule]:Starting HTTP Server on Port: 8077...
UniDSADemo.exe: 0000128C: 11:38:15 [TUniServerModule]:HTTP Server Started on Port: 8077
UniDSADemo.exe: 00002D54: 11:38:16 [127.0.0.1]:EUniSessionException : Invalid session or session Timeout. (Session not found: prqf3NqzzS10B7A8E35 ) : Addr: $0045D923
UniDSADemo.exe: 0000128C: 11:38:27 [TUniServerModule]:Shutting Down Server.
UniDSADemo.exe: 0000128C: 11:38:27 [TUniServerModule]:Stopping HTTP Server.
UniDSADemo.exe: 0000128C: 11:38:28 [TUniServerModule]:HTTP Server Stopped.
UniDSADemo.exe: 0000128C: 11:38:28 [TUniGUISessionManager]:Terminating Session manager.
UniDSADemo.exe: 0000128C: 11:38:28 [TUniGUISessionManager]:Stopping Cache Eraser...
UniDSADemo.exe: 0000128C: 11:38:28 [TUniGUISessionManager]:Cache Eraser Stopped.
UniDSADemo.exe: 0000128C: 11:38:28 [TUniGUISessionManager]:Destroying Worker Threads.
UniDSADemo.exe: 0000128C: 11:38:28 [TUniGUISessionManager]:Session manager terminated.
UniDSADemo.exe: 0000128C: 11:38:28 [TUniServerModule]:Server Shutdown Completed.
UniDSADemo.exe: 0000128C: 11:38:28 []:<-------------------------------------------------------------->
UniDSADemo.exe: 0000128C: 11:38:29 [Terminated]:Exit Code: 0
UniDSADemo.exe: 00004DAC: 11:38:29 []:>--------------------------------------------------------------<
UniDSADemo.exe: 00004DAC: 11:38:29 [TUniServerModule]:Server First Init.
UniDSADemo.exe: 00004DAC: 11:38:29 [TUniServerModule]:Start Path = D:\Andamento\componente-unidsa-unigui\demo\Win32\Debug\
UniDSADemo.exe: 00004DAC: 11:38:29 [TUniGUISessionManager]:Cache erase job created, Folder count: [1]
UniDSADemo.exe: 00004DAC: 11:38:29 [TUniServerModule]:Starting HTTP Server on Port: 8077...
UniDSADemo.exe: 00004DAC: 11:38:29 [TUniServerModule]:HTTP Server Started on Port: 8077
UniDSADemo.exe: 00000A38: 11:38:31 [127.0.0.1]:EUniSessionException : Invalid session or session Timeout. (Session not found: DJc3fPfAKm10B7A8E4B ) : Addr: $0023D923
UniDSADemo.exe: 00004DAC: 11:38:39 [TUniServerModule]:Shutting Down Server.
UniDSADemo.exe: 00004DAC: 11:38:39 [TUniServerModule]:Stopping HTTP Server.
UniDSADemo.exe: 00004DAC: 11:38:40 [TUniServerModule]:HTTP Server Stopped.
UniDSADemo.exe: 00004DAC: 11:38:40 [TUniGUISessionManager]:Terminating Session manager.
UniDSADemo.exe: 00004DAC: 11:38:40 [TUniGUISessionManager]:Stopping Cache Eraser...
UniDSADemo.exe: 00004DAC: 11:38:40 [TUniGUISessionManager]:Cache Eraser Stopped.
UniDSADemo.exe: 00004DAC: 11:38:40 [TUniGUISessionManager]:Destroying Worker Threads.
UniDSADemo.exe: 00004DAC: 11:38:40 [TUniGUISessionManager]:Session manager terminated.
UniDSADemo.exe: 00004DAC: 11:38:40 [TUniServerModule]:Server Shutdown Completed.
UniDSADemo.exe: 00004DAC: 11:38:40 []:<-------------------------------------------------------------->
UniDSADemo.exe: 00004DAC: 11:38:40 [Terminated]:Exit Code: 0
UniDSADemo.exe: 00004CE8: 11:38:41 []:>--------------------------------------------------------------<
UniDSADemo.exe: 00004CE8: 11:38:41 [TUniServerModule]:Server First Init.
UniDSADemo.exe: 00004CE8: 11:38:41 [TUniServerModule]:Start Path = D:\Andamento\componente-unidsa-unigui\demo\Win32\Debug\
UniDSADemo.exe: 00004CE8: 11:38:41 [TUniGUISessionManager]:Cache erase job created, Folder count: [1]
UniDSADemo.exe: 00004CE8: 11:38:41 [TUniServerModule]:Starting HTTP Server on Port: 8077...
UniDSADemo.exe: 00004CE8: 11:38:41 [TUniServerModule]:HTTP Server Started on Port: 8077
UniDSADemo.exe: 00004EB8: 11:38:42 [127.0.0.1]:EUniSessionException : Invalid session or session Timeout. (Session not found: Eeag85tLdf10B7A8E5C ) : Addr: $00F8D923
UniDSADemo.exe: 00000A84: 12:21:19 [127.0.0.1]:EUniSessionException : Invalid session or session Timeout. (Session not found: kBRMp47WNH10B7A8E69 ) : Addr: $00F8D923
UniDSADemo.exe: 00004CE8: 13:59:38 [TUniServerModule]:Shutting Down Server.
UniDSADemo.exe: 00004CE8: 13:59:38 [TUniServerModule]:Stopping HTTP Server.
UniDSADemo.exe: 00004CE8: 13:59:39 [TUniServerModule]:HTTP Server Stopped.
UniDSADemo.exe: 00004CE8: 13:59:39 [TUniGUISessionManager]:Terminating Session manager.
UniDSADemo.exe: 00004CE8: 13:59:39 [TUniGUISessionManager]:Stopping Cache Eraser...
UniDSADemo.exe: 00004CE8: 13:59:39 [TUniGUISessionManager]:Cache Eraser Stopped.
UniDSADemo.exe: 00004CE8: 13:59:39 [TUniGUISessionManager]:Destroying Worker Threads.
UniDSADemo.exe: 00004CE8: 13:59:39 [TUniGUISessionManager]:Session manager terminated.
UniDSADemo.exe: 00004CE8: 13:59:39 [TUniServerModule]:Server Shutdown Completed.
UniDSADemo.exe: 00004CE8: 13:59:39 []:<-------------------------------------------------------------->
UniDSADemo.exe: 00004CE8: 13:59:39 [Terminated]:Exit Code: 0
UniDSADemo.exe: 00003478: 14:34:42 []:>--------------------------------------------------------------<
UniDSADemo.exe: 00003478: 14:34:42 [TUniServerModule]:Server First Init.
UniDSADemo.exe: 00003478: 14:34:42 [TUniServerModule]:Start Path = D:\Andamento\unidsa-unigui-delphi\demo\Win32\Debug\
UniDSADemo.exe: 00003478: 14:34:42 [TUniServerModule]:Starting HTTP Server on Port: 8077...
UniDSADemo.exe: 00003478: 14:34:42 [TUniServerModule]:HTTP Server Started on Port: 8077
UniDSADemo.exe: 00003478: 14:34:44 [TUniServerModule]:Shutting Down Server.
UniDSADemo.exe: 00003478: 14:34:44 [TUniServerModule]:Stopping HTTP Server.
UniDSADemo.exe: 00003478: 14:34:45 [TUniServerModule]:HTTP Server Stopped.
UniDSADemo.exe: 00003478: 14:34:45 [TUniGUISessionManager]:Terminating Session manager.
UniDSADemo.exe: 00003478: 14:34:45 [TUniGUISessionManager]:Stopping Cache Eraser...
UniDSADemo.exe: 00003478: 14:34:45 [TUniGUISessionManager]:Cache Eraser Stopped.
UniDSADemo.exe: 00003478: 14:34:45 [TUniGUISessionManager]:Destroying Worker Threads.
UniDSADemo.exe: 00003478: 14:34:45 [TUniGUISessionManager]:Session manager terminated.
UniDSADemo.exe: 00003478: 14:34:45 [TUniServerModule]:Server Shutdown Completed.
UniDSADemo.exe: 00003478: 14:34:45 []:<-------------------------------------------------------------->
UniDSADemo.exe: 00003478: 14:34:45 [Terminated]:Exit Code: 0
