UniDSADemo.exe: 00002310: 19:45:10 []:>--------------------------------------------------------------<
UniDSADemo.exe: 00002310: 19:45:10 [TUniServerModule]:Server First Init.
UniDSADemo.exe: 00002310: 19:45:10 [TUniServerModule]:Start Path = D:\Andamento\componente-unidsa-unigui\demo\Win32\Debug\
UniDSADemo.exe: 00002310: 19:45:10 [TUniServerModule]:Starting HTTP Server on Port: 8077...
UniDSADemo.exe: 00002310: 19:45:11 [TUniServerModule]:HTTP Server Started on Port: 8077
UniDSADemo.exe: 00002310: 19:51:12 [TUniServerModule]:Shutting Down Server.
UniDSADemo.exe: 00002310: 19:51:12 [TUniServerModule]:Stopping HTTP Server.
UniDSADemo.exe: 00002310: 19:51:13 [TUniServerModule]:HTTP Server Stopped.
UniDSADemo.exe: 00002310: 19:51:13 [TUniGUISessionManager]:Terminating Session manager.
UniDSADemo.exe: 00002310: 19:51:13 [TUniGUISessionManager]:Stopping Cache Eraser...
UniDSADemo.exe: 00002310: 19:51:13 [TUniGUISessionManager]:Cache Eraser Stopped.
UniDSADemo.exe: 00002310: 19:51:13 [TUniGUISessionManager]:Destroying Worker Threads.
UniDSADemo.exe: 00002310: 19:51:13 [TUniGUISessionManager]:Session manager terminated.
UniDSADemo.exe: 00002310: 19:51:13 [TUniServerModule]:Server Shutdown Completed.
UniDSADemo.exe: 00002310: 19:51:13 []:<-------------------------------------------------------------->
UniDSADemo.exe: 00002310: 19:51:13 [Terminated]:Exit Code: 0
UniDSADemo.exe: 0000337C: 19:55:27 []:>--------------------------------------------------------------<
UniDSADemo.exe: 0000337C: 19:55:27 [TUniServerModule]:Server First Init.
UniDSADemo.exe: 0000337C: 19:55:27 [TUniServerModule]:Start Path = D:\Andamento\componente-unidsa-unigui\demo\Win32\Debug\
UniDSADemo.exe: 0000337C: 19:55:27 [TUniGUISessionManager]:Cache erase job created, Folder count: [1]
UniDSADemo.exe: 0000337C: 19:55:27 [TUniServerModule]:Starting HTTP Server on Port: 8077...
UniDSADemo.exe: 0000337C: 19:55:27 [TUniServerModule]:HTTP Server Started on Port: 8077
UniDSADemo.exe: 00002560: 19:55:32 [127.0.0.1]:EUniSessionException : Invalid session or session Timeout. (Session not found: QH9bs6js3V10B4D4BA2 ) : Addr: $0032D9CF
